#
# There is insufficient memory for the Java Runtime Environment to continue.
# Native memory allocation (malloc) failed to allocate 300416 bytes for Chunk::new
# Possible reasons:
#   The system is out of physical RAM or swap space
#   The process is running with CompressedOops enabled, and the Java Heap may be blocking the growth of the native heap
# Possible solutions:
#   Reduce memory load on the system
#   Increase physical memory or swap space
#   Check if swap backing store is full
#   Decrease Java heap size (-Xmx/-Xms)
#   Decrease number of Java threads
#   Decrease Java thread stack sizes (-Xss)
#   Set larger code cache with -XX:ReservedCodeCacheSize=
#   JVM is running with Unscaled Compressed Oops mode in which the Java heap is
#     placed in the first 4GB address space. The Java Heap base address is the
#     maximum limit for the native heap growth. Please use -XX:HeapBaseMinAddress
#     to set the Java Heap base and to place the Java Heap above 4GB virtual address.
# This output file may be truncated or incomplete.
#
#  Out of Memory Error (src/hotspot/share/memory/arena.cpp:197), pid=6300, tid=7792
#
# JRE version: OpenJDK Runtime Environment (11.0.15) (build 11.0.15+0-b2043.56-8887301)
# Java VM: OpenJDK 64-Bit Server VM (11.0.15+0-b2043.56-8887301, mixed mode, tiered, compressed oops, g1 gc, windows-amd64)
# No core dump will be written. Minidumps are not enabled by default on client versions of Windows
#

---------------  S U M M A R Y ------------

Command Line: --add-opens=java.base/java.util=ALL-UNNAMED --add-opens=java.base/java.lang=ALL-UNNAMED --add-opens=java.base/java.lang.invoke=ALL-UNNAMED --add-opens=java.base/java.util=ALL-UNNAMED --add-opens=java.prefs/java.util.prefs=ALL-UNNAMED --add-opens=java.prefs/java.util.prefs=ALL-UNNAMED --add-opens=java.base/java.nio.charset=ALL-UNNAMED --add-opens=java.base/java.net=ALL-UNNAMED --add-opens=java.base/java.util.concurrent.atomic=ALL-UNNAMED -Xmx2048m -Dfile.encoding=UTF-8 -Duser.country=RU -Duser.language=ru -Duser.variant org.gradle.launcher.daemon.bootstrap.GradleDaemon 7.5

Host: Intel(R) Core(TM) i7 CPU       Q 740  @ 1.73GHz, 8 cores, 2G,  Windows 10 , 64 bit Build 19041 (10.0.19041.2546)
Time: Tue Mar 28 22:52:39 2023  Windows 10 , 64 bit Build 19041 (10.0.19041.2546) elapsed time: 39.045979 seconds (0d 0h 0m 39s)

---------------  T H R E A D  ---------------

Current thread (0x0000023a4bf83800):  JavaThread "C2 CompilerThread0" daemon [_thread_in_native, id=7792, stack(0x0000004f2dc00000,0x0000004f2dd00000)]


Current CompileTask:
C2:  39046 11752       4       java.util.concurrent.locks.AbstractQueuedSynchronizer$ConditionObject::awaitNanos (181 bytes)

Stack: [0x0000004f2dc00000,0x0000004f2dd00000]
Native frames: (J=compiled Java code, j=interpreted, Vv=VM code, C=native code)
V  [jvm.dll+0x64135a]
V  [jvm.dll+0x7d39f9]
V  [jvm.dll+0x7d51b9]
V  [jvm.dll+0x7d58a3]
V  [jvm.dll+0x2691c5]
V  [jvm.dll+0xc1a5c]
V  [jvm.dll+0xc200c]
V  [jvm.dll+0x2da2c2]
V  [jvm.dll+0x54cad9]
V  [jvm.dll+0x220c9d]
V  [jvm.dll+0x222d45]
V  [jvm.dll+0x220384]
V  [jvm.dll+0x19e851]
V  [jvm.dll+0x230479]
V  [jvm.dll+0x22e5ef]
V  [jvm.dll+0x794de1]
V  [jvm.dll+0x78dc24]
V  [jvm.dll+0x6400f6]
C  [ucrtbase.dll+0x21bb2]
C  [KERNEL32.DLL+0x17614]
C  [ntdll.dll+0x526a1]


---------------  P R O C E S S  ---------------

Threads class SMR info:
_java_thread_list=0x0000023a524824c0, length=138, elements={
0x0000023a31ac4000, 0x0000023a4bf1b800, 0x0000023a4bf33800, 0x0000023a4bf29000,
0x0000023a4bf7e800, 0x0000023a4bf7f800, 0x0000023a4bf83800, 0x0000023a4bf8a000,
0x0000023a4bf8f000, 0x0000023a4ca1b800, 0x0000023a4f800000, 0x0000023a4cee7800,
0x0000023a50011800, 0x0000023a4ee5c800, 0x0000023a4ec2a000, 0x0000023a4cbf3000,
0x0000023a4e318000, 0x0000023a4cf96800, 0x0000023a4ec85800, 0x0000023a4feb5000,
0x0000023a4e201000, 0x0000023a4e1fc800, 0x0000023a4e200000, 0x0000023a4e202800,
0x0000023a4e201800, 0x0000023a4e203000, 0x0000023a4e1fd800, 0x0000023a4e1fe800,
0x0000023a4e1ff000, 0x0000023a51db4800, 0x0000023a51db3800, 0x0000023a51db0800,
0x0000023a51db7000, 0x0000023a51db2000, 0x0000023a51dba000, 0x0000023a51db9800,
0x0000023a51db8800, 0x0000023a51dbb000, 0x0000023a51db7800, 0x0000023a51dbb800,
0x0000023a51db6000, 0x0000023a51dbd800, 0x0000023a51dbe000, 0x0000023a51dbf000,
0x0000023a51dbc800, 0x0000023a51dc0000, 0x0000023a4da5e800, 0x0000023a4da5b800,
0x0000023a4da5c800, 0x0000023a4da5a800, 0x0000023a4da62000, 0x0000023a4da5f800,
0x0000023a4da60800, 0x0000023a4da63000, 0x0000023a4da61000, 0x0000023a4da5d000,
0x0000023a4da63800, 0x0000023a4da5e000, 0x0000023a4da68800, 0x0000023a4da69800,
0x0000023a4da67000, 0x0000023a4da67800, 0x0000023a4da64800, 0x0000023a4da65800,
0x0000023a4da66000, 0x0000023a4f495000, 0x0000023a4f499000, 0x0000023a4f494000,
0x0000023a4f496800, 0x0000023a4f49b800, 0x0000023a4f49a000, 0x0000023a4f498000,
0x0000023a4f496000, 0x0000023a4f497800, 0x0000023a4f49d000, 0x0000023a4f49c800,
0x0000023a4f49a800, 0x0000023a4f49e000, 0x0000023a4f49e800, 0x0000023a4f4a0800,
0x0000023a4f4a3000, 0x0000023a4f49f800, 0x0000023a4f4a1000, 0x0000023a4f4a2000,
0x0000023a5274a000, 0x0000023a52751000, 0x0000023a5274e800, 0x0000023a52750000,
0x0000023a5274f000, 0x0000023a5274c800, 0x0000023a5274b000, 0x0000023a52751800,
0x0000023a5274c000, 0x0000023a52752800, 0x0000023a52753000, 0x0000023a5274d800,
0x0000023a52754000, 0x0000023a52757800, 0x0000023a52755000, 0x0000023a52755800,
0x0000023a52756800, 0x0000023a52758000, 0x0000023a52759000, 0x0000023a4e32c000,
0x0000023a4e32b800, 0x0000023a4e329000, 0x0000023a4e327000, 0x0000023a4e326800,
0x0000023a4e32a800, 0x0000023a4e32d000, 0x0000023a4e328000, 0x0000023a4e32d800,
0x0000023a4e32e800, 0x0000023a4e32f800, 0x0000023a4e329800, 0x0000023a4e330000,
0x0000023a4e333800, 0x0000023a4e334000, 0x0000023a4e331000, 0x0000023a4e332000,
0x0000023a4e332800, 0x0000023a4fdec800, 0x0000023a4fdea000, 0x0000023a4fdee000,
0x0000023a4fdef000, 0x0000023a4fdf2000, 0x0000023a4fdf0000, 0x0000023a4fdf0800,
0x0000023a4fdf1800, 0x0000023a4fdf3000, 0x0000023a4fded800, 0x0000023a4fdf4000,
0x0000023a4fdf8000, 0x0000023a4fdf5800, 0x0000023a4fdf9000, 0x0000023a4fdf6800,
0x0000023a4fdf7000, 0x0000023a5024f000
}

Java Threads: ( => current thread )
  0x0000023a31ac4000 JavaThread "main" [_thread_blocked, id=6584, stack(0x0000004f2d000000,0x0000004f2d100000)]
  0x0000023a4bf1b800 JavaThread "Reference Handler" daemon [_thread_blocked, id=9208, stack(0x0000004f2d700000,0x0000004f2d800000)]
  0x0000023a4bf33800 JavaThread "Finalizer" daemon [_thread_blocked, id=6904, stack(0x0000004f2d800000,0x0000004f2d900000)]
  0x0000023a4bf29000 JavaThread "Signal Dispatcher" daemon [_thread_blocked, id=6348, stack(0x0000004f2d900000,0x0000004f2da00000)]
  0x0000023a4bf7e800 JavaThread "Attach Listener" daemon [_thread_blocked, id=3640, stack(0x0000004f2da00000,0x0000004f2db00000)]
  0x0000023a4bf7f800 JavaThread "Service Thread" daemon [_thread_blocked, id=3168, stack(0x0000004f2db00000,0x0000004f2dc00000)]
=>0x0000023a4bf83800 JavaThread "C2 CompilerThread0" daemon [_thread_in_native, id=7792, stack(0x0000004f2dc00000,0x0000004f2dd00000)]
  0x0000023a4bf8a000 JavaThread "C1 CompilerThread0" daemon [_thread_blocked, id=2688, stack(0x0000004f2dd00000,0x0000004f2de00000)]
  0x0000023a4bf8f000 JavaThread "Sweeper thread" daemon [_thread_blocked, id=708, stack(0x0000004f2de00000,0x0000004f2df00000)]
  0x0000023a4ca1b800 JavaThread "Common-Cleaner" daemon [_thread_blocked, id=8544, stack(0x0000004f2df00000,0x0000004f2e000000)]
  0x0000023a4f800000 JavaThread "Daemon health stats" [_thread_blocked, id=8144, stack(0x0000004f2e400000,0x0000004f2e500000)]
  0x0000023a4cee7800 JavaThread "Incoming local TCP Connector on port 51227" [_thread_in_native, id=9080, stack(0x0000004f2e200000,0x0000004f2e300000)]
  0x0000023a50011800 JavaThread "Daemon periodic checks" [_thread_blocked, id=1260, stack(0x0000004f2e700000,0x0000004f2e800000)]
  0x0000023a4ee5c800 JavaThread "Daemon" [_thread_blocked, id=5756, stack(0x0000004f2e800000,0x0000004f2e900000)]
  0x0000023a4ec2a000 JavaThread "Handler for socket connection from /127.0.0.1:51227 to /127.0.0.1:51228" [_thread_in_native, id=10024, stack(0x0000004f2e900000,0x0000004f2ea00000)]
  0x0000023a4cbf3000 JavaThread "Cancel handler" [_thread_blocked, id=6596, stack(0x0000004f2e100000,0x0000004f2e200000)]
  0x0000023a4e318000 JavaThread "Daemon worker" [_thread_blocked, id=6592, stack(0x0000004f2ea00000,0x0000004f2eb00000)]
  0x0000023a4cf96800 JavaThread "Asynchronous log dispatcher for DefaultDaemonConnection: socket connection from /127.0.0.1:51227 to /127.0.0.1:51228" [_thread_blocked, id=7608, stack(0x0000004f2eb00000,0x0000004f2ec00000)]
  0x0000023a4ec85800 JavaThread "Stdin handler" [_thread_blocked, id=9652, stack(0x0000004f2ec00000,0x0000004f2ed00000)]
  0x0000023a4feb5000 JavaThread "Daemon client event forwarder" [_thread_blocked, id=9648, stack(0x0000004f2ed00000,0x0000004f2ee00000)]
  0x0000023a4e201000 JavaThread "Cache worker for journal cache (C:\Users\pk\.gradle\caches\journal-1)" [_thread_blocked, id=8196, stack(0x0000004f2f200000,0x0000004f2f300000)]
  0x0000023a4e1fc800 JavaThread "File lock request listener" [_thread_in_native, id=7248, stack(0x0000004f2f300000,0x0000004f2f400000)]
  0x0000023a4e200000 JavaThread "Cache worker for file hash cache (C:\Users\pk\.gradle\caches\7.5\fileHashes)" [_thread_blocked, id=2560, stack(0x0000004f2f400000,0x0000004f2f500000)]
  0x0000023a4e202800 JavaThread "File watcher server" daemon [_thread_in_native, id=1252, stack(0x0000004f2f700000,0x0000004f2f800000)]
  0x0000023a4e201800 JavaThread "File watcher consumer" daemon [_thread_blocked, id=6440, stack(0x0000004f2f800000,0x0000004f2f900000)]
  0x0000023a4e203000 JavaThread "Cache worker for checksums cache (C:\Users\pk\AndroidStudioProjects\LearnPhysics\.gradle\7.5\checksums)" [_thread_blocked, id=7720, stack(0x0000004f2f900000,0x0000004f2fa00000)]
  0x0000023a4e1fd800 JavaThread "Cache worker for cache directory md-rule (C:\Users\pk\.gradle\caches\7.5\md-rule)" [_thread_blocked, id=4408, stack(0x0000004f2fa00000,0x0000004f2fb00000)]
  0x0000023a4e1fe800 JavaThread "Cache worker for file content cache (C:\Users\pk\.gradle\caches\7.5\fileContent)" [_thread_blocked, id=8492, stack(0x0000004f2fb00000,0x0000004f2fc00000)]
  0x0000023a4e1ff000 JavaThread "Cache worker for file hash cache (C:\Users\pk\AndroidStudioProjects\LearnPhysics\.gradle\7.5\fileHashes)" [_thread_blocked, id=5140, stack(0x0000004f2fc00000,0x0000004f2fd00000)]
  0x0000023a51db4800 JavaThread "Cache worker for cache directory md-supplier (C:\Users\pk\.gradle\caches\7.5\md-supplier)" [_thread_blocked, id=8936, stack(0x0000004f2fd00000,0x0000004f2fe00000)]
  0x0000023a51db3800 JavaThread "Cache worker for execution history cache (C:\Users\pk\.gradle\caches\7.5\executionHistory)" [_thread_blocked, id=6108, stack(0x0000004f2fe00000,0x0000004f2ff00000)]
  0x0000023a51db0800 JavaThread "jar transforms" [_thread_blocked, id=7056, stack(0x0000004f2ff00000,0x0000004f30000000)]
  0x0000023a51db7000 JavaThread "jar transforms Thread 2" [_thread_blocked, id=572, stack(0x0000004f30000000,0x0000004f30100000)]
  0x0000023a51db2000 JavaThread "jar transforms Thread 3" [_thread_blocked, id=2796, stack(0x0000004f30100000,0x0000004f30200000)]
  0x0000023a51dba000 JavaThread "jar transforms Thread 4" [_thread_blocked, id=6940, stack(0x0000004f30200000,0x0000004f30300000)]
  0x0000023a51db9800 JavaThread "Cache worker for dependencies-accessors (C:\Users\pk\AndroidStudioProjects\LearnPhysics\.gradle\7.5\dependencies-accessors)" [_thread_blocked, id=4728, stack(0x0000004f30300000,0x0000004f30400000)]
  0x0000023a51db8800 JavaThread "jar transforms Thread 5" [_thread_blocked, id=4244, stack(0x0000004f30400000,0x0000004f30500000)]
  0x0000023a51dbb000 JavaThread "Cache worker for Build Output Cleanup Cache (C:\Users\pk\AndroidStudioProjects\LearnPhysics\.gradle\buildOutputCleanup)" [_thread_blocked, id=4412, stack(0x0000004f30500000,0x0000004f30600000)]
  0x0000023a51db7800 JavaThread "Unconstrained build operations" [_thread_blocked, id=4396, stack(0x0000004f30700000,0x0000004f30800000)]
  0x0000023a51dbb800 JavaThread "Unconstrained build operations Thread 2" [_thread_blocked, id=6668, stack(0x0000004f30800000,0x0000004f30900000)]
  0x0000023a51db6000 JavaThread "Unconstrained build operations Thread 3" [_thread_blocked, id=4280, stack(0x0000004f30900000,0x0000004f30a00000)]
  0x0000023a51dbd800 JavaThread "Unconstrained build operations Thread 4" [_thread_blocked, id=4588, stack(0x0000004f30a00000,0x0000004f30b00000)]
  0x0000023a51dbe000 JavaThread "Unconstrained build operations Thread 5" [_thread_blocked, id=4476, stack(0x0000004f30b00000,0x0000004f30c00000)]
  0x0000023a51dbf000 JavaThread "Unconstrained build operations Thread 6" [_thread_blocked, id=1280, stack(0x0000004f30c00000,0x0000004f30d00000)]
  0x0000023a51dbc800 JavaThread "Unconstrained build operations Thread 7" [_thread_blocked, id=5588, stack(0x0000004f30d00000,0x0000004f30e00000)]
  0x0000023a51dc0000 JavaThread "Unconstrained build operations Thread 8" [_thread_blocked, id=5800, stack(0x0000004f30e00000,0x0000004f30f00000)]
  0x0000023a4da5e800 JavaThread "Unconstrained build operations Thread 9" [_thread_blocked, id=4388, stack(0x0000004f30f00000,0x0000004f31000000)]
  0x0000023a4da5b800 JavaThread "Unconstrained build operations Thread 10" [_thread_blocked, id=4232, stack(0x0000004f31000000,0x0000004f31100000)]
  0x0000023a4da5c800 JavaThread "Unconstrained build operations Thread 11" [_thread_blocked, id=7984, stack(0x0000004f31100000,0x0000004f31200000)]
  0x0000023a4da5a800 JavaThread "Unconstrained build operations Thread 12" [_thread_blocked, id=6972, stack(0x0000004f31200000,0x0000004f31300000)]
  0x0000023a4da62000 JavaThread "Unconstrained build operations Thread 13" [_thread_blocked, id=8880, stack(0x0000004f31300000,0x0000004f31400000)]
  0x0000023a4da5f800 JavaThread "Unconstrained build operations Thread 14" [_thread_blocked, id=8776, stack(0x0000004f31400000,0x0000004f31500000)]
  0x0000023a4da60800 JavaThread "Unconstrained build operations Thread 15" [_thread_blocked, id=8992, stack(0x0000004f31500000,0x0000004f31600000)]
  0x0000023a4da63000 JavaThread "Unconstrained build operations Thread 16" [_thread_blocked, id=7060, stack(0x0000004f31600000,0x0000004f31700000)]
  0x0000023a4da61000 JavaThread "Unconstrained build operations Thread 17" [_thread_blocked, id=4400, stack(0x0000004f31700000,0x0000004f31800000)]
  0x0000023a4da5d000 JavaThread "Unconstrained build operations Thread 18" [_thread_blocked, id=7160, stack(0x0000004f31800000,0x0000004f31900000)]
  0x0000023a4da63800 JavaThread "Unconstrained build operations Thread 19" [_thread_blocked, id=2144, stack(0x0000004f31900000,0x0000004f31a00000)]
  0x0000023a4da5e000 JavaThread "Unconstrained build operations Thread 20" [_thread_blocked, id=6076, stack(0x0000004f31a00000,0x0000004f31b00000)]
  0x0000023a4da68800 JavaThread "Unconstrained build operations Thread 21" [_thread_blocked, id=3948, stack(0x0000004f31b00000,0x0000004f31c00000)]
  0x0000023a4da69800 JavaThread "Unconstrained build operations Thread 22" [_thread_blocked, id=1100, stack(0x0000004f31c00000,0x0000004f31d00000)]
  0x0000023a4da67000 JavaThread "Unconstrained build operations Thread 23" [_thread_blocked, id=8328, stack(0x0000004f31d00000,0x0000004f31e00000)]
  0x0000023a4da67800 JavaThread "Unconstrained build operations Thread 24" [_thread_blocked, id=7556, stack(0x0000004f31e00000,0x0000004f31f00000)]
  0x0000023a4da64800 JavaThread "Unconstrained build operations Thread 25" [_thread_blocked, id=3148, stack(0x0000004f31f00000,0x0000004f32000000)]
  0x0000023a4da65800 JavaThread "Unconstrained build operations Thread 26" [_thread_blocked, id=3980, stack(0x0000004f32000000,0x0000004f32100000)]
  0x0000023a4da66000 JavaThread "Unconstrained build operations Thread 27" [_thread_blocked, id=7176, stack(0x0000004f32100000,0x0000004f32200000)]
  0x0000023a4f495000 JavaThread "Unconstrained build operations Thread 28" [_thread_blocked, id=6052, stack(0x0000004f32200000,0x0000004f32300000)]
  0x0000023a4f499000 JavaThread "Unconstrained build operations Thread 29" [_thread_blocked, id=2748, stack(0x0000004f32300000,0x0000004f32400000)]
  0x0000023a4f494000 JavaThread "Unconstrained build operations Thread 30" [_thread_blocked, id=1844, stack(0x0000004f32400000,0x0000004f32500000)]
  0x0000023a4f496800 JavaThread "Unconstrained build operations Thread 31" [_thread_blocked, id=6544, stack(0x0000004f32500000,0x0000004f32600000)]
  0x0000023a4f49b800 JavaThread "Unconstrained build operations Thread 32" [_thread_blocked, id=4356, stack(0x0000004f32600000,0x0000004f32700000)]
  0x0000023a4f49a000 JavaThread "Unconstrained build operations Thread 33" [_thread_blocked, id=8480, stack(0x0000004f32700000,0x0000004f32800000)]
  0x0000023a4f498000 JavaThread "Unconstrained build operations Thread 34" [_thread_blocked, id=9084, stack(0x0000004f32800000,0x0000004f32900000)]
  0x0000023a4f496000 JavaThread "Unconstrained build operations Thread 35" [_thread_blocked, id=6532, stack(0x0000004f32900000,0x0000004f32a00000)]
  0x0000023a4f497800 JavaThread "Unconstrained build operations Thread 36" [_thread_blocked, id=8152, stack(0x0000004f32a00000,0x0000004f32b00000)]
  0x0000023a4f49d000 JavaThread "Unconstrained build operations Thread 37" [_thread_blocked, id=3936, stack(0x0000004f32b00000,0x0000004f32c00000)]
  0x0000023a4f49c800 JavaThread "Unconstrained build operations Thread 38" [_thread_blocked, id=4120, stack(0x0000004f32c00000,0x0000004f32d00000)]
  0x0000023a4f49a800 JavaThread "Unconstrained build operations Thread 39" [_thread_blocked, id=8324, stack(0x0000004f32d00000,0x0000004f32e00000)]
  0x0000023a4f49e000 JavaThread "Unconstrained build operations Thread 40" [_thread_blocked, id=5456, stack(0x0000004f32e00000,0x0000004f32f00000)]
  0x0000023a4f49e800 JavaThread "Unconstrained build operations Thread 41" [_thread_blocked, id=9064, stack(0x0000004f32f00000,0x0000004f33000000)]
  0x0000023a4f4a0800 JavaThread "Unconstrained build operations Thread 42" [_thread_blocked, id=456, stack(0x0000004f33000000,0x0000004f33100000)]
  0x0000023a4f4a3000 JavaThread "Unconstrained build operations Thread 43" [_thread_blocked, id=2836, stack(0x0000004f33100000,0x0000004f33200000)]
  0x0000023a4f49f800 JavaThread "Unconstrained build operations Thread 44" [_thread_blocked, id=4276, stack(0x0000004f33200000,0x0000004f33300000)]
  0x0000023a4f4a1000 JavaThread "Unconstrained build operations Thread 45" [_thread_blocked, id=2784, stack(0x0000004f33300000,0x0000004f33400000)]
  0x0000023a4f4a2000 JavaThread "Unconstrained build operations Thread 46" [_thread_blocked, id=8076, stack(0x0000004f33400000,0x0000004f33500000)]
  0x0000023a5274a000 JavaThread "Unconstrained build operations Thread 47" [_thread_blocked, id=5936, stack(0x0000004f33500000,0x0000004f33600000)]
  0x0000023a52751000 JavaThread "Unconstrained build operations Thread 48" [_thread_blocked, id=1892, stack(0x0000004f33600000,0x0000004f33700000)]
  0x0000023a5274e800 JavaThread "Unconstrained build operations Thread 49" [_thread_blocked, id=4880, stack(0x0000004f33700000,0x0000004f33800000)]
  0x0000023a52750000 JavaThread "Unconstrained build operations Thread 50" [_thread_blocked, id=5156, stack(0x0000004f33800000,0x0000004f33900000)]
  0x0000023a5274f000 JavaThread "Unconstrained build operations Thread 51" [_thread_blocked, id=4012, stack(0x0000004f33900000,0x0000004f33a00000)]
  0x0000023a5274c800 JavaThread "Unconstrained build operations Thread 52" [_thread_blocked, id=8124, stack(0x0000004f33a00000,0x0000004f33b00000)]
  0x0000023a5274b000 JavaThread "Unconstrained build operations Thread 53" [_thread_blocked, id=3860, stack(0x0000004f33b00000,0x0000004f33c00000)]
  0x0000023a52751800 JavaThread "Unconstrained build operations Thread 54" [_thread_blocked, id=8408, stack(0x0000004f33c00000,0x0000004f33d00000)]
  0x0000023a5274c000 JavaThread "Unconstrained build operations Thread 55" [_thread_blocked, id=2364, stack(0x0000004f33d00000,0x0000004f33e00000)]
  0x0000023a52752800 JavaThread "Unconstrained build operations Thread 56" [_thread_blocked, id=8688, stack(0x0000004f33e00000,0x0000004f33f00000)]
  0x0000023a52753000 JavaThread "Unconstrained build operations Thread 57" [_thread_blocked, id=7320, stack(0x0000004f33f00000,0x0000004f34000000)]
  0x0000023a5274d800 JavaThread "Unconstrained build operations Thread 58" [_thread_blocked, id=8020, stack(0x0000004f34000000,0x0000004f34100000)]
  0x0000023a52754000 JavaThread "Unconstrained build operations Thread 59" [_thread_blocked, id=6824, stack(0x0000004f34100000,0x0000004f34200000)]
  0x0000023a52757800 JavaThread "Unconstrained build operations Thread 60" [_thread_blocked, id=2008, stack(0x0000004f34200000,0x0000004f34300000)]
  0x0000023a52755000 JavaThread "Unconstrained build operations Thread 61" [_thread_blocked, id=3668, stack(0x0000004f34300000,0x0000004f34400000)]
  0x0000023a52755800 JavaThread "Unconstrained build operations Thread 62" [_thread_blocked, id=8072, stack(0x0000004f34400000,0x0000004f34500000)]
  0x0000023a52756800 JavaThread "Unconstrained build operations Thread 63" [_thread_blocked, id=9156, stack(0x0000004f34500000,0x0000004f34600000)]
  0x0000023a52758000 JavaThread "Unconstrained build operations Thread 64" [_thread_blocked, id=7748, stack(0x0000004f34600000,0x0000004f34700000)]
  0x0000023a52759000 JavaThread "Unconstrained build operations Thread 65" [_thread_blocked, id=7668, stack(0x0000004f34700000,0x0000004f34800000)]
  0x0000023a4e32c000 JavaThread "Unconstrained build operations Thread 66" [_thread_blocked, id=7828, stack(0x0000004f34800000,0x0000004f34900000)]
  0x0000023a4e32b800 JavaThread "Unconstrained build operations Thread 67" [_thread_blocked, id=10000, stack(0x0000004f34900000,0x0000004f34a00000)]
  0x0000023a4e329000 JavaThread "Unconstrained build operations Thread 68" [_thread_blocked, id=548, stack(0x0000004f34a00000,0x0000004f34b00000)]
  0x0000023a4e327000 JavaThread "Unconstrained build operations Thread 69" [_thread_blocked, id=5944, stack(0x0000004f34b00000,0x0000004f34c00000)]
  0x0000023a4e326800 JavaThread "Unconstrained build operations Thread 70" [_thread_blocked, id=5988, stack(0x0000004f34c00000,0x0000004f34d00000)]
  0x0000023a4e32a800 JavaThread "Unconstrained build operations Thread 71" [_thread_blocked, id=5132, stack(0x0000004f34d00000,0x0000004f34e00000)]
  0x0000023a4e32d000 JavaThread "Unconstrained build operations Thread 72" [_thread_blocked, id=1500, stack(0x0000004f34e00000,0x0000004f34f00000)]
  0x0000023a4e328000 JavaThread "Unconstrained build operations Thread 73" [_thread_blocked, id=8180, stack(0x0000004f34f00000,0x0000004f35000000)]
  0x0000023a4e32d800 JavaThread "Unconstrained build operations Thread 74" [_thread_blocked, id=4948, stack(0x0000004f35000000,0x0000004f35100000)]
  0x0000023a4e32e800 JavaThread "Unconstrained build operations Thread 75" [_thread_blocked, id=5976, stack(0x0000004f35100000,0x0000004f35200000)]
  0x0000023a4e32f800 JavaThread "Unconstrained build operations Thread 76" [_thread_blocked, id=3884, stack(0x0000004f35200000,0x0000004f35300000)]
  0x0000023a4e329800 JavaThread "Unconstrained build operations Thread 77" [_thread_blocked, id=5928, stack(0x0000004f35300000,0x0000004f35400000)]
  0x0000023a4e330000 JavaThread "Unconstrained build operations Thread 78" [_thread_blocked, id=3144, stack(0x0000004f35400000,0x0000004f35500000)]
  0x0000023a4e333800 JavaThread "Unconstrained build operations Thread 79" [_thread_blocked, id=6820, stack(0x0000004f35500000,0x0000004f35600000)]
  0x0000023a4e334000 JavaThread "Unconstrained build operations Thread 80" [_thread_blocked, id=4028, stack(0x0000004f35600000,0x0000004f35700000)]
  0x0000023a4e331000 JavaThread "jar transforms Thread 6" [_thread_blocked, id=5828, stack(0x0000004f35700000,0x0000004f35800000)]
  0x0000023a4e332000 JavaThread "jar transforms Thread 7" [_thread_blocked, id=6132, stack(0x0000004f35800000,0x0000004f35900000)]
  0x0000023a4e332800 JavaThread "jar transforms Thread 8" [_thread_blocked, id=6556, stack(0x0000004f35900000,0x0000004f35a00000)]
  0x0000023a4fdec800 JavaThread "build event listener" [_thread_blocked, id=1364, stack(0x0000004f35a00000,0x0000004f35b00000)]
  0x0000023a4fdea000 JavaThread "Memory manager" [_thread_blocked, id=10172, stack(0x0000004f35b00000,0x0000004f35c00000)]
  0x0000023a4fdee000 JavaThread "included builds" [_thread_blocked, id=9812, stack(0x0000004f35c00000,0x0000004f35d00000)]
  0x0000023a4fdef000 JavaThread "Execution worker" [_thread_blocked, id=4596, stack(0x0000004f35d00000,0x0000004f35e00000)]
  0x0000023a4fdf2000 JavaThread "Execution worker Thread 2" [_thread_blocked, id=5100, stack(0x0000004f35e00000,0x0000004f35f00000)]
  0x0000023a4fdf0000 JavaThread "Execution worker Thread 3" [_thread_blocked, id=8128, stack(0x0000004f35f00000,0x0000004f36000000)]
  0x0000023a4fdf0800 JavaThread "Execution worker Thread 4" [_thread_blocked, id=9804, stack(0x0000004f36000000,0x0000004f36100000)]
  0x0000023a4fdf1800 JavaThread "Execution worker Thread 5" [_thread_blocked, id=3872, stack(0x0000004f36100000,0x0000004f36200000)]
  0x0000023a4fdf3000 JavaThread "Execution worker Thread 6" [_thread_blocked, id=9304, stack(0x0000004f36200000,0x0000004f36300000)]
  0x0000023a4fded800 JavaThread "Execution worker Thread 7" [_thread_blocked, id=3776, stack(0x0000004f36300000,0x0000004f36400000)]
  0x0000023a4fdf4000 JavaThread "Cache worker for execution history cache (C:\Users\pk\AndroidStudioProjects\LearnPhysics\.gradle\7.5\executionHistory)" [_thread_blocked, id=1176, stack(0x0000004f36400000,0x0000004f36500000)]
  0x0000023a4fdf8000 JavaThread "WorkerExecutor Queue" [_thread_blocked, id=388, stack(0x0000004f36500000,0x0000004f36600000)]
  0x0000023a4fdf5800 JavaThread "WorkerExecutor Queue Thread 2" [_thread_blocked, id=4608, stack(0x0000004f36600000,0x0000004f36700000)]
  0x0000023a4fdf9000 JavaThread "WorkerExecutor Queue Thread 3" [_thread_blocked, id=1688, stack(0x0000004f36700000,0x0000004f36800000)]
  0x0000023a4fdf6800 JavaThread "pool-3-thread-1" [_thread_blocked, id=696, stack(0x0000004f36800000,0x0000004f36900000)]
  0x0000023a4fdf7000 JavaThread "stderr" [_thread_in_native, id=6172, stack(0x0000004f36900000,0x0000004f36a00000)]
  0x0000023a5024f000 JavaThread "stdout" [_thread_in_native, id=2792, stack(0x0000004f36a00000,0x0000004f36b00000)]

Other Threads:
  0x0000023a4bf18800 VMThread "VM Thread" [stack: 0x0000004f2d600000,0x0000004f2d700000] [id=5256]
  0x0000023a4ca35800 WatcherThread [stack: 0x0000004f2e000000,0x0000004f2e100000] [id=9072]
  0x0000023a31adc800 GCTaskThread "GC Thread#0" [stack: 0x0000004f2d100000,0x0000004f2d200000] [id=6932]
  0x0000023a4d4be800 GCTaskThread "GC Thread#1" [stack: 0x0000004f2e300000,0x0000004f2e400000] [id=5868]
  0x0000023a4e3dc000 GCTaskThread "GC Thread#2" [stack: 0x0000004f2e500000,0x0000004f2e600000] [id=5228]
  0x0000023a4e3ad000 GCTaskThread "GC Thread#3" [stack: 0x0000004f2e600000,0x0000004f2e700000] [id=8964]
  0x0000023a4f0f0800 GCTaskThread "GC Thread#4" [stack: 0x0000004f2ee00000,0x0000004f2ef00000] [id=6028]
  0x0000023a4f8bc800 GCTaskThread "GC Thread#5" [stack: 0x0000004f2ef00000,0x0000004f2f000000] [id=9452]
  0x0000023a4e3d8800 GCTaskThread "GC Thread#6" [stack: 0x0000004f2f000000,0x0000004f2f100000] [id=5576]
  0x0000023a4f14b000 GCTaskThread "GC Thread#7" [stack: 0x0000004f2f100000,0x0000004f2f200000] [id=4600]
  0x0000023a31b0f800 ConcurrentGCThread "G1 Main Marker" [stack: 0x0000004f2d200000,0x0000004f2d300000] [id=3188]
  0x0000023a31b10800 ConcurrentGCThread "G1 Conc#0" [stack: 0x0000004f2d300000,0x0000004f2d400000] [id=400]
  0x0000023a4d7d1800 ConcurrentGCThread "G1 Conc#1" [stack: 0x0000004f2f500000,0x0000004f2f600000] [id=5236]
  0x0000023a31b60800 ConcurrentGCThread "G1 Refine#0" [stack: 0x0000004f2d400000,0x0000004f2d500000] [id=6660]
  0x0000023a31b61800 ConcurrentGCThread "G1 Young RemSet Sampling" [stack: 0x0000004f2d500000,0x0000004f2d600000] [id=9024]

Threads with active compile tasks:
C2 CompilerThread0    39119 11752       4       java.util.concurrent.locks.AbstractQueuedSynchronizer$ConditionObject::awaitNanos (181 bytes)

VM state:not at safepoint (normal execution)

VM Mutex/Monitor currently owned by a thread: None

Heap address: 0x0000000080000000, size: 2048 MB, Compressed Oops mode: 32-bit
Narrow klass base: 0x0000000000000000, Narrow klass shift: 3
Compressed class space size: 1073741824 Address: 0x0000000100000000

Heap:
 garbage-first heap   total 187392K, used 120175K [0x0000000080000000, 0x0000000100000000)
  region size 1024K, 37 young (37888K), 7 survivors (7168K)
 Metaspace       used 97466K, capacity 100175K, committed 100508K, reserved 1136640K
  class space    used 12660K, capacity 13721K, committed 13848K, reserved 1048576K
Heap Regions: E=young(eden), S=young(survivor), O=old, HS=humongous(starts), HC=humongous(continues), CS=collection set, F=free, A=archive, TAMS=top-at-mark-start (previous, next)
|   0|0x0000000080000000, 0x0000000080100000, 0x0000000080100000|100%| O|  |TAMS 0x0000000080100000, 0x0000000080000000| Untracked 
|   1|0x0000000080100000, 0x0000000080200000, 0x0000000080200000|100%| O|  |TAMS 0x0000000080200000, 0x0000000080100000| Untracked 
|   2|0x0000000080200000, 0x0000000080300000, 0x0000000080300000|100%| O|  |TAMS 0x0000000080300000, 0x0000000080200000| Untracked 
|   3|0x0000000080300000, 0x0000000080400000, 0x0000000080400000|100%|HS|  |TAMS 0x0000000080400000, 0x0000000080300000| Complete 
|   4|0x0000000080400000, 0x0000000080500000, 0x0000000080500000|100%|HC|  |TAMS 0x0000000080500000, 0x0000000080400000| Complete 
|   5|0x0000000080500000, 0x0000000080600000, 0x0000000080600000|100%|HC|  |TAMS 0x0000000080600000, 0x0000000080500000| Complete 
|   6|0x0000000080600000, 0x0000000080700000, 0x0000000080700000|100%| O|  |TAMS 0x0000000080700000, 0x0000000080600000| Untracked 
|   7|0x0000000080700000, 0x0000000080800000, 0x0000000080800000|100%| O|  |TAMS 0x0000000080800000, 0x0000000080700000| Untracked 
|   8|0x0000000080800000, 0x0000000080900000, 0x0000000080900000|100%| O|  |TAMS 0x0000000080900000, 0x0000000080800000| Untracked 
|   9|0x0000000080900000, 0x0000000080a00000, 0x0000000080a00000|100%| O|  |TAMS 0x0000000080a00000, 0x0000000080900000| Untracked 
|  10|0x0000000080a00000, 0x0000000080b00000, 0x0000000080b00000|100%| O|  |TAMS 0x0000000080b00000, 0x0000000080a00000| Untracked 
|  11|0x0000000080b00000, 0x0000000080c00000, 0x0000000080c00000|100%| O|  |TAMS 0x0000000080c00000, 0x0000000080b00000| Untracked 
|  12|0x0000000080c00000, 0x0000000080d00000, 0x0000000080d00000|100%| O|  |TAMS 0x0000000080d00000, 0x0000000080c00000| Untracked 
|  13|0x0000000080d00000, 0x0000000080e00000, 0x0000000080e00000|100%| O|  |TAMS 0x0000000080e00000, 0x0000000080d00000| Untracked 
|  14|0x0000000080e00000, 0x0000000080f00000, 0x0000000080f00000|100%| O|  |TAMS 0x0000000080f00000, 0x0000000080e00000| Untracked 
|  15|0x0000000080f00000, 0x0000000081000000, 0x0000000081000000|100%| O|  |TAMS 0x0000000081000000, 0x0000000080f00000| Untracked 
|  16|0x0000000081000000, 0x0000000081100000, 0x0000000081100000|100%| O|  |TAMS 0x0000000081100000, 0x0000000081000000| Untracked 
|  17|0x0000000081100000, 0x0000000081200000, 0x0000000081200000|100%| O|  |TAMS 0x0000000081200000, 0x0000000081100000| Untracked 
|  18|0x0000000081200000, 0x0000000081300000, 0x0000000081300000|100%| O|  |TAMS 0x0000000081300000, 0x0000000081200000| Untracked 
|  19|0x0000000081300000, 0x0000000081400000, 0x0000000081400000|100%| O|  |TAMS 0x0000000081400000, 0x0000000081300000| Untracked 
|  20|0x0000000081400000, 0x0000000081500000, 0x0000000081500000|100%| O|  |TAMS 0x0000000081500000, 0x0000000081400000| Untracked 
|  21|0x0000000081500000, 0x0000000081600000, 0x0000000081600000|100%| O|  |TAMS 0x0000000081600000, 0x0000000081500000| Untracked 
|  22|0x0000000081600000, 0x0000000081700000, 0x0000000081700000|100%| O|  |TAMS 0x0000000081700000, 0x0000000081600000| Untracked 
|  23|0x0000000081700000, 0x0000000081800000, 0x0000000081800000|100%| O|  |TAMS 0x0000000081800000, 0x0000000081700000| Untracked 
|  24|0x0000000081800000, 0x0000000081900000, 0x0000000081900000|100%| O|  |TAMS 0x0000000081900000, 0x0000000081800000| Untracked 
|  25|0x0000000081900000, 0x0000000081a00000, 0x0000000081a00000|100%| O|  |TAMS 0x0000000081a00000, 0x0000000081900000| Untracked 
|  26|0x0000000081a00000, 0x0000000081b00000, 0x0000000081b00000|100%| O|  |TAMS 0x0000000081b00000, 0x0000000081a00000| Untracked 
|  27|0x0000000081b00000, 0x0000000081c00000, 0x0000000081c00000|100%| O|  |TAMS 0x0000000081c00000, 0x0000000081b00000| Untracked 
|  28|0x0000000081c00000, 0x0000000081d00000, 0x0000000081d00000|100%| O|  |TAMS 0x0000000081d00000, 0x0000000081c00000| Untracked 
|  29|0x0000000081d00000, 0x0000000081e00000, 0x0000000081e00000|100%| O|  |TAMS 0x0000000081e00000, 0x0000000081d00000| Untracked 
|  30|0x0000000081e00000, 0x0000000081f00000, 0x0000000081f00000|100%| O|  |TAMS 0x0000000081f00000, 0x0000000081e00000| Untracked 
|  31|0x0000000081f00000, 0x0000000082000000, 0x0000000082000000|100%|HS|  |TAMS 0x0000000082000000, 0x0000000081f00000| Complete 
|  32|0x0000000082000000, 0x0000000082100000, 0x0000000082100000|100%|HS|  |TAMS 0x0000000082100000, 0x0000000082000000| Complete 
|  33|0x0000000082100000, 0x0000000082200000, 0x0000000082200000|100%| O|  |TAMS 0x0000000082200000, 0x0000000082100000| Untracked 
|  34|0x0000000082200000, 0x0000000082300000, 0x0000000082300000|100%| O|  |TAMS 0x0000000082300000, 0x0000000082200000| Untracked 
|  35|0x0000000082300000, 0x0000000082400000, 0x0000000082400000|100%| O|  |TAMS 0x0000000082400000, 0x0000000082300000| Untracked 
|  36|0x0000000082400000, 0x0000000082500000, 0x0000000082500000|100%| O|  |TAMS 0x0000000082500000, 0x0000000082400000| Untracked 
|  37|0x0000000082500000, 0x0000000082600000, 0x0000000082600000|100%| O|  |TAMS 0x0000000082600000, 0x0000000082500000| Untracked 
|  38|0x0000000082600000, 0x0000000082700000, 0x0000000082700000|100%| O|  |TAMS 0x0000000082700000, 0x0000000082600000| Untracked 
|  39|0x0000000082700000, 0x0000000082800000, 0x0000000082800000|100%| O|  |TAMS 0x0000000082800000, 0x0000000082700000| Untracked 
|  40|0x0000000082800000, 0x0000000082900000, 0x0000000082900000|100%| O|  |TAMS 0x0000000082900000, 0x0000000082800000| Untracked 
|  41|0x0000000082900000, 0x0000000082a00000, 0x0000000082a00000|100%| O|  |TAMS 0x0000000082a00000, 0x0000000082900000| Untracked 
|  42|0x0000000082a00000, 0x0000000082b00000, 0x0000000082b00000|100%| O|  |TAMS 0x0000000082b00000, 0x0000000082a00000| Untracked 
|  43|0x0000000082b00000, 0x0000000082c00000, 0x0000000082c00000|100%| O|  |TAMS 0x0000000082c00000, 0x0000000082b00000| Untracked 
|  44|0x0000000082c00000, 0x0000000082d00000, 0x0000000082d00000|100%| O|  |TAMS 0x0000000082d00000, 0x0000000082c00000| Untracked 
|  45|0x0000000082d00000, 0x0000000082e00000, 0x0000000082e00000|100%| O|  |TAMS 0x0000000082e00000, 0x0000000082d00000| Untracked 
|  46|0x0000000082e00000, 0x0000000082f00000, 0x0000000082f00000|100%| O|  |TAMS 0x0000000082f00000, 0x0000000082e00000| Untracked 
|  47|0x0000000082f00000, 0x0000000083000000, 0x0000000083000000|100%| O|  |TAMS 0x0000000083000000, 0x0000000082f00000| Untracked 
|  48|0x0000000083000000, 0x0000000083100000, 0x0000000083100000|100%| O|  |TAMS 0x0000000083100000, 0x0000000083000000| Untracked 
|  49|0x0000000083100000, 0x0000000083200000, 0x0000000083200000|100%| O|  |TAMS 0x0000000083200000, 0x0000000083100000| Untracked 
|  50|0x0000000083200000, 0x0000000083300000, 0x0000000083300000|100%| O|  |TAMS 0x0000000083300000, 0x0000000083200000| Untracked 
|  51|0x0000000083300000, 0x0000000083400000, 0x0000000083400000|100%| O|  |TAMS 0x0000000083400000, 0x0000000083300000| Untracked 
|  52|0x0000000083400000, 0x0000000083500000, 0x0000000083500000|100%| O|  |TAMS 0x0000000083500000, 0x0000000083400000| Untracked 
|  53|0x0000000083500000, 0x0000000083600000, 0x0000000083600000|100%| O|  |TAMS 0x0000000083600000, 0x0000000083500000| Untracked 
|  54|0x0000000083600000, 0x0000000083700000, 0x0000000083700000|100%| O|  |TAMS 0x0000000083700000, 0x0000000083600000| Untracked 
|  55|0x0000000083700000, 0x0000000083800000, 0x0000000083800000|100%| O|  |TAMS 0x0000000083800000, 0x0000000083700000| Untracked 
|  56|0x0000000083800000, 0x0000000083900000, 0x0000000083900000|100%| O|  |TAMS 0x0000000083900000, 0x0000000083800000| Untracked 
|  57|0x0000000083900000, 0x0000000083a00000, 0x0000000083a00000|100%| O|  |TAMS 0x0000000083a00000, 0x0000000083900000| Untracked 
|  58|0x0000000083a00000, 0x0000000083b00000, 0x0000000083b00000|100%| O|  |TAMS 0x0000000083b00000, 0x0000000083a00000| Untracked 
|  59|0x0000000083b00000, 0x0000000083c00000, 0x0000000083c00000|100%| O|  |TAMS 0x0000000083c00000, 0x0000000083b00000| Untracked 
|  60|0x0000000083c00000, 0x0000000083d00000, 0x0000000083d00000|100%| O|  |TAMS 0x0000000083d00000, 0x0000000083c00000| Untracked 
|  61|0x0000000083d00000, 0x0000000083e00000, 0x0000000083e00000|100%| O|  |TAMS 0x0000000083e00000, 0x0000000083d00000| Untracked 
|  62|0x0000000083e00000, 0x0000000083f00000, 0x0000000083f00000|100%| O|  |TAMS 0x0000000083f00000, 0x0000000083e00000| Untracked 
|  63|0x0000000083f00000, 0x0000000084000000, 0x0000000084000000|100%| O|  |TAMS 0x0000000084000000, 0x0000000083f00000| Untracked 
|  64|0x0000000084000000, 0x0000000084100000, 0x0000000084100000|100%| O|  |TAMS 0x0000000084100000, 0x0000000084000000| Untracked 
|  65|0x0000000084100000, 0x0000000084200000, 0x0000000084200000|100%| O|  |TAMS 0x0000000084200000, 0x0000000084100000| Untracked 
|  66|0x0000000084200000, 0x0000000084300000, 0x0000000084300000|100%| O|  |TAMS 0x0000000084300000, 0x0000000084200000| Untracked 
|  67|0x0000000084300000, 0x0000000084400000, 0x0000000084400000|100%| O|  |TAMS 0x0000000084400000, 0x0000000084300000| Untracked 
|  68|0x0000000084400000, 0x0000000084500000, 0x0000000084500000|100%| O|  |TAMS 0x0000000084500000, 0x0000000084400000| Untracked 
|  69|0x0000000084500000, 0x0000000084600000, 0x0000000084600000|100%| O|  |TAMS 0x0000000084600000, 0x0000000084500000| Untracked 
|  70|0x0000000084600000, 0x0000000084700000, 0x0000000084700000|100%| O|  |TAMS 0x0000000084700000, 0x0000000084600000| Untracked 
|  71|0x0000000084700000, 0x0000000084800000, 0x0000000084800000|100%| O|  |TAMS 0x0000000084800000, 0x0000000084700000| Untracked 
|  72|0x0000000084800000, 0x0000000084900000, 0x0000000084900000|100%| O|  |TAMS 0x0000000084900000, 0x0000000084800000| Untracked 
|  73|0x0000000084900000, 0x0000000084a00000, 0x0000000084a00000|100%| O|  |TAMS 0x0000000084a00000, 0x0000000084900000| Untracked 
|  74|0x0000000084a00000, 0x0000000084b00000, 0x0000000084b00000|100%| O|  |TAMS 0x0000000084b00000, 0x0000000084a00000| Untracked 
|  75|0x0000000084b00000, 0x0000000084c00000, 0x0000000084c00000|100%| O|  |TAMS 0x0000000084be8400, 0x0000000084b00000| Untracked 
|  76|0x0000000084c00000, 0x0000000084d00000, 0x0000000084d00000|100%| O|  |TAMS 0x0000000084c00000, 0x0000000084c00000| Untracked 
|  77|0x0000000084d00000, 0x0000000084e00000, 0x0000000084e00000|100%| O|  |TAMS 0x0000000084d00000, 0x0000000084d00000| Untracked 
|  78|0x0000000084e00000, 0x0000000084f00000, 0x0000000084f00000|100%| O|  |TAMS 0x0000000084e00000, 0x0000000084e00000| Untracked 
|  79|0x0000000084f00000, 0x0000000085000000, 0x0000000085000000|100%| O|  |TAMS 0x0000000084f00000, 0x0000000084f00000| Untracked 
|  80|0x0000000085000000, 0x0000000085100000, 0x0000000085100000|100%| O|  |TAMS 0x0000000085000000, 0x0000000085000000| Untracked 
|  81|0x0000000085100000, 0x0000000085200000, 0x0000000085200000|100%| O|  |TAMS 0x0000000085100000, 0x0000000085100000| Untracked 
|  82|0x0000000085200000, 0x0000000085300000, 0x0000000085300000|100%| O|  |TAMS 0x0000000085200000, 0x0000000085200000| Untracked 
|  83|0x0000000085300000, 0x0000000085320400, 0x0000000085400000| 12%| O|  |TAMS 0x0000000085300000, 0x0000000085300000| Untracked 
|  84|0x0000000085400000, 0x0000000085400000, 0x0000000085500000|  0%| F|  |TAMS 0x0000000085400000, 0x0000000085400000| Untracked 
|  85|0x0000000085500000, 0x0000000085500000, 0x0000000085600000|  0%| F|  |TAMS 0x0000000085500000, 0x0000000085500000| Untracked 
|  86|0x0000000085600000, 0x0000000085600000, 0x0000000085700000|  0%| F|  |TAMS 0x0000000085600000, 0x0000000085600000| Untracked 
|  87|0x0000000085700000, 0x0000000085700000, 0x0000000085800000|  0%| F|  |TAMS 0x0000000085700000, 0x0000000085700000| Untracked 
|  88|0x0000000085800000, 0x0000000085800000, 0x0000000085900000|  0%| F|  |TAMS 0x0000000085800000, 0x0000000085800000| Untracked 
|  89|0x0000000085900000, 0x0000000085900000, 0x0000000085a00000|  0%| F|  |TAMS 0x0000000085900000, 0x0000000085900000| Untracked 
|  90|0x0000000085a00000, 0x0000000085a00000, 0x0000000085b00000|  0%| F|  |TAMS 0x0000000085a00000, 0x0000000085a00000| Untracked 
|  91|0x0000000085b00000, 0x0000000085b00000, 0x0000000085c00000|  0%| F|  |TAMS 0x0000000085b00000, 0x0000000085b00000| Untracked 
|  92|0x0000000085c00000, 0x0000000085c00000, 0x0000000085d00000|  0%| F|  |TAMS 0x0000000085c00000, 0x0000000085c00000| Untracked 
|  93|0x0000000085d00000, 0x0000000085d00000, 0x0000000085e00000|  0%| F|  |TAMS 0x0000000085d00000, 0x0000000085d00000| Untracked 
|  94|0x0000000085e00000, 0x0000000085e00000, 0x0000000085f00000|  0%| F|  |TAMS 0x0000000085e00000, 0x0000000085e00000| Untracked 
|  95|0x0000000085f00000, 0x0000000085f00000, 0x0000000086000000|  0%| F|  |TAMS 0x0000000085f00000, 0x0000000085f00000| Untracked 
|  96|0x0000000086000000, 0x0000000086000000, 0x0000000086100000|  0%| F|  |TAMS 0x0000000086000000, 0x0000000086000000| Untracked 
|  97|0x0000000086100000, 0x0000000086100000, 0x0000000086200000|  0%| F|  |TAMS 0x0000000086100000, 0x0000000086100000| Untracked 
|  98|0x0000000086200000, 0x0000000086200000, 0x0000000086300000|  0%| F|  |TAMS 0x0000000086200000, 0x0000000086200000| Untracked 
|  99|0x0000000086300000, 0x0000000086300000, 0x0000000086400000|  0%| F|  |TAMS 0x0000000086300000, 0x0000000086300000| Untracked 
| 100|0x0000000086400000, 0x0000000086400000, 0x0000000086500000|  0%| F|  |TAMS 0x0000000086400000, 0x0000000086400000| Untracked 
| 101|0x0000000086500000, 0x0000000086500000, 0x0000000086600000|  0%| F|  |TAMS 0x0000000086500000, 0x0000000086500000| Untracked 
| 102|0x0000000086600000, 0x0000000086600000, 0x0000000086700000|  0%| F|  |TAMS 0x0000000086600000, 0x0000000086600000| Untracked 
| 103|0x0000000086700000, 0x0000000086700000, 0x0000000086800000|  0%| F|  |TAMS 0x0000000086700000, 0x0000000086700000| Untracked 
| 104|0x0000000086800000, 0x0000000086800000, 0x0000000086900000|  0%| F|  |TAMS 0x0000000086800000, 0x0000000086800000| Untracked 
| 105|0x0000000086900000, 0x0000000086900000, 0x0000000086a00000|  0%| F|  |TAMS 0x0000000086900000, 0x0000000086900000| Untracked 
| 106|0x0000000086a00000, 0x0000000086a00000, 0x0000000086b00000|  0%| F|  |TAMS 0x0000000086a00000, 0x0000000086a00000| Untracked 
| 107|0x0000000086b00000, 0x0000000086b3bb00, 0x0000000086c00000| 23%| S|CS|TAMS 0x0000000086b00000, 0x0000000086b00000| Complete 
| 108|0x0000000086c00000, 0x0000000086d00000, 0x0000000086d00000|100%| S|CS|TAMS 0x0000000086c00000, 0x0000000086c00000| Complete 
| 109|0x0000000086d00000, 0x0000000086e00000, 0x0000000086e00000|100%| S|CS|TAMS 0x0000000086d00000, 0x0000000086d00000| Complete 
| 110|0x0000000086e00000, 0x0000000086f00000, 0x0000000086f00000|100%| S|CS|TAMS 0x0000000086e00000, 0x0000000086e00000| Complete 
| 111|0x0000000086f00000, 0x0000000086f00000, 0x0000000087000000|  0%| F|  |TAMS 0x0000000086f00000, 0x0000000086f00000| Untracked 
| 112|0x0000000087000000, 0x0000000087000000, 0x0000000087100000|  0%| F|  |TAMS 0x0000000087000000, 0x0000000087000000| Untracked 
| 113|0x0000000087100000, 0x0000000087100000, 0x0000000087200000|  0%| F|  |TAMS 0x0000000087100000, 0x0000000087100000| Untracked 
| 114|0x0000000087200000, 0x0000000087200000, 0x0000000087300000|  0%| F|  |TAMS 0x0000000087200000, 0x0000000087200000| Untracked 
| 115|0x0000000087300000, 0x0000000087300000, 0x0000000087400000|  0%| F|  |TAMS 0x0000000087300000, 0x0000000087300000| Untracked 
| 116|0x0000000087400000, 0x0000000087400000, 0x0000000087500000|  0%| F|  |TAMS 0x0000000087400000, 0x0000000087400000| Untracked 
| 117|0x0000000087500000, 0x0000000087600000, 0x0000000087600000|100%| S|CS|TAMS 0x0000000087500000, 0x0000000087500000| Complete 
| 118|0x0000000087600000, 0x0000000087700000, 0x0000000087700000|100%| S|CS|TAMS 0x0000000087600000, 0x0000000087600000| Complete 
| 119|0x0000000087700000, 0x0000000087800000, 0x0000000087800000|100%| S|CS|TAMS 0x0000000087700000, 0x0000000087700000| Complete 
| 120|0x0000000087800000, 0x0000000087800000, 0x0000000087900000|  0%| F|  |TAMS 0x0000000087800000, 0x0000000087800000| Untracked 
| 121|0x0000000087900000, 0x0000000087900000, 0x0000000087a00000|  0%| F|  |TAMS 0x0000000087900000, 0x0000000087900000| Untracked 
| 122|0x0000000087a00000, 0x0000000087a00000, 0x0000000087b00000|  0%| F|  |TAMS 0x0000000087a00000, 0x0000000087a00000| Untracked 
| 123|0x0000000087b00000, 0x0000000087b00000, 0x0000000087c00000|  0%| F|  |TAMS 0x0000000087b00000, 0x0000000087b00000| Untracked 
| 124|0x0000000087c00000, 0x0000000087c00000, 0x0000000087d00000|  0%| F|  |TAMS 0x0000000087c00000, 0x0000000087c00000| Untracked 
| 125|0x0000000087d00000, 0x0000000087d00000, 0x0000000087e00000|  0%| F|  |TAMS 0x0000000087d00000, 0x0000000087d00000| Untracked 
| 126|0x0000000087e00000, 0x0000000087e00000, 0x0000000087f00000|  0%| F|  |TAMS 0x0000000087e00000, 0x0000000087e00000| Untracked 
| 127|0x0000000087f00000, 0x0000000087f00000, 0x0000000088000000|  0%| F|  |TAMS 0x0000000087f00000, 0x0000000087f00000| Untracked 
| 128|0x0000000088000000, 0x0000000088000000, 0x0000000088100000|  0%| F|  |TAMS 0x0000000088000000, 0x0000000088000000| Untracked 
| 129|0x0000000088100000, 0x0000000088100000, 0x0000000088200000|  0%| F|  |TAMS 0x0000000088100000, 0x0000000088100000| Untracked 
| 130|0x0000000088200000, 0x0000000088200000, 0x0000000088300000|  0%| F|  |TAMS 0x0000000088200000, 0x0000000088200000| Untracked 
| 131|0x0000000088300000, 0x0000000088300000, 0x0000000088400000|  0%| F|  |TAMS 0x0000000088300000, 0x0000000088300000| Untracked 
| 132|0x0000000088400000, 0x0000000088400000, 0x0000000088500000|  0%| F|  |TAMS 0x0000000088400000, 0x0000000088400000| Untracked 
| 133|0x0000000088500000, 0x0000000088500000, 0x0000000088600000|  0%| F|  |TAMS 0x0000000088500000, 0x0000000088500000| Untracked 
| 134|0x0000000088600000, 0x0000000088600000, 0x0000000088700000|  0%| F|  |TAMS 0x0000000088600000, 0x0000000088600000| Untracked 
| 135|0x0000000088700000, 0x0000000088700000, 0x0000000088800000|  0%| F|  |TAMS 0x0000000088700000, 0x0000000088700000| Untracked 
| 136|0x0000000088800000, 0x0000000088800000, 0x0000000088900000|  0%| F|  |TAMS 0x0000000088800000, 0x0000000088800000| Untracked 
| 137|0x0000000088900000, 0x0000000088900000, 0x0000000088a00000|  0%| F|  |TAMS 0x0000000088900000, 0x0000000088900000| Untracked 
| 138|0x0000000088a00000, 0x0000000088a00000, 0x0000000088b00000|  0%| F|  |TAMS 0x0000000088a00000, 0x0000000088a00000| Untracked 
| 139|0x0000000088b00000, 0x0000000088b00000, 0x0000000088c00000|  0%| F|  |TAMS 0x0000000088b00000, 0x0000000088b00000| Untracked 
| 140|0x0000000088c00000, 0x0000000088c00000, 0x0000000088d00000|  0%| F|  |TAMS 0x0000000088c00000, 0x0000000088c00000| Untracked 
| 141|0x0000000088d00000, 0x0000000088d00000, 0x0000000088e00000|  0%| F|  |TAMS 0x0000000088d00000, 0x0000000088d00000| Untracked 
| 142|0x0000000088e00000, 0x0000000088e00000, 0x0000000088f00000|  0%| F|  |TAMS 0x0000000088e00000, 0x0000000088e00000| Untracked 
| 143|0x0000000088f00000, 0x0000000088f00000, 0x0000000089000000|  0%| F|  |TAMS 0x0000000088f00000, 0x0000000088f00000| Untracked 
| 144|0x0000000089000000, 0x0000000089000000, 0x0000000089100000|  0%| F|  |TAMS 0x0000000089000000, 0x0000000089000000| Untracked 
| 145|0x0000000089100000, 0x0000000089100000, 0x0000000089200000|  0%| F|  |TAMS 0x0000000089100000, 0x0000000089100000| Untracked 
| 146|0x0000000089200000, 0x0000000089200000, 0x0000000089300000|  0%| F|  |TAMS 0x0000000089200000, 0x0000000089200000| Untracked 
| 147|0x0000000089300000, 0x0000000089300000, 0x0000000089400000|  0%| F|  |TAMS 0x0000000089300000, 0x0000000089300000| Untracked 
| 148|0x0000000089400000, 0x0000000089400000, 0x0000000089500000|  0%| F|  |TAMS 0x0000000089400000, 0x0000000089400000| Untracked 
| 149|0x0000000089500000, 0x0000000089500000, 0x0000000089600000|  0%| F|  |TAMS 0x0000000089500000, 0x0000000089500000| Untracked 
| 150|0x0000000089600000, 0x0000000089600000, 0x0000000089700000|  0%| F|  |TAMS 0x0000000089600000, 0x0000000089600000| Untracked 
| 151|0x0000000089700000, 0x0000000089700000, 0x0000000089800000|  0%| F|  |TAMS 0x0000000089700000, 0x0000000089700000| Untracked 
| 152|0x0000000089800000, 0x0000000089800000, 0x0000000089900000|  0%| F|  |TAMS 0x0000000089800000, 0x0000000089800000| Untracked 
| 153|0x0000000089900000, 0x000000008997b048, 0x0000000089a00000| 48%| E|  |TAMS 0x0000000089900000, 0x0000000089900000| Complete 
| 154|0x0000000089a00000, 0x0000000089b00000, 0x0000000089b00000|100%| E|CS|TAMS 0x0000000089a00000, 0x0000000089a00000| Complete 
| 155|0x0000000089b00000, 0x0000000089c00000, 0x0000000089c00000|100%| E|  |TAMS 0x0000000089b00000, 0x0000000089b00000| Complete 
| 156|0x0000000089c00000, 0x0000000089d00000, 0x0000000089d00000|100%| E|CS|TAMS 0x0000000089c00000, 0x0000000089c00000| Complete 
| 157|0x0000000089d00000, 0x0000000089e00000, 0x0000000089e00000|100%| E|CS|TAMS 0x0000000089d00000, 0x0000000089d00000| Complete 
| 158|0x0000000089e00000, 0x0000000089f00000, 0x0000000089f00000|100%| E|CS|TAMS 0x0000000089e00000, 0x0000000089e00000| Complete 
| 159|0x0000000089f00000, 0x000000008a000000, 0x000000008a000000|100%| E|CS|TAMS 0x0000000089f00000, 0x0000000089f00000| Complete 
| 160|0x000000008a000000, 0x000000008a100000, 0x000000008a100000|100%| E|CS|TAMS 0x000000008a000000, 0x000000008a000000| Complete 
| 161|0x000000008a100000, 0x000000008a200000, 0x000000008a200000|100%| E|CS|TAMS 0x000000008a100000, 0x000000008a100000| Complete 
| 162|0x000000008a200000, 0x000000008a300000, 0x000000008a300000|100%| E|CS|TAMS 0x000000008a200000, 0x000000008a200000| Complete 
| 163|0x000000008a300000, 0x000000008a400000, 0x000000008a400000|100%| E|CS|TAMS 0x000000008a300000, 0x000000008a300000| Complete 
| 164|0x000000008a400000, 0x000000008a500000, 0x000000008a500000|100%| E|CS|TAMS 0x000000008a400000, 0x000000008a400000| Complete 
| 165|0x000000008a500000, 0x000000008a600000, 0x000000008a600000|100%| E|CS|TAMS 0x000000008a500000, 0x000000008a500000| Complete 
| 166|0x000000008a600000, 0x000000008a700000, 0x000000008a700000|100%| E|CS|TAMS 0x000000008a600000, 0x000000008a600000| Complete 
| 167|0x000000008a700000, 0x000000008a800000, 0x000000008a800000|100%| E|CS|TAMS 0x000000008a700000, 0x000000008a700000| Complete 
| 168|0x000000008a800000, 0x000000008a900000, 0x000000008a900000|100%| E|CS|TAMS 0x000000008a800000, 0x000000008a800000| Complete 
| 169|0x000000008a900000, 0x000000008aa00000, 0x000000008aa00000|100%| E|CS|TAMS 0x000000008a900000, 0x000000008a900000| Complete 
| 170|0x000000008aa00000, 0x000000008ab00000, 0x000000008ab00000|100%| E|CS|TAMS 0x000000008aa00000, 0x000000008aa00000| Complete 
| 171|0x000000008ab00000, 0x000000008ac00000, 0x000000008ac00000|100%| E|CS|TAMS 0x000000008ab00000, 0x000000008ab00000| Complete 
| 172|0x000000008ac00000, 0x000000008ad00000, 0x000000008ad00000|100%| E|CS|TAMS 0x000000008ac00000, 0x000000008ac00000| Complete 
| 173|0x000000008ad00000, 0x000000008ae00000, 0x000000008ae00000|100%| E|CS|TAMS 0x000000008ad00000, 0x000000008ad00000| Complete 
| 174|0x000000008ae00000, 0x000000008af00000, 0x000000008af00000|100%| E|CS|TAMS 0x000000008ae00000, 0x000000008ae00000| Complete 
| 175|0x000000008af00000, 0x000000008b000000, 0x000000008b000000|100%| E|CS|TAMS 0x000000008af00000, 0x000000008af00000| Complete 
| 176|0x000000008b000000, 0x000000008b100000, 0x000000008b100000|100%| E|CS|TAMS 0x000000008b000000, 0x000000008b000000| Complete 
| 177|0x000000008b100000, 0x000000008b200000, 0x000000008b200000|100%| E|CS|TAMS 0x000000008b100000, 0x000000008b100000| Complete 
| 178|0x000000008b200000, 0x000000008b300000, 0x000000008b300000|100%| E|CS|TAMS 0x000000008b200000, 0x000000008b200000| Complete 
| 179|0x000000008b300000, 0x000000008b400000, 0x000000008b400000|100%| E|CS|TAMS 0x000000008b300000, 0x000000008b300000| Complete 
| 180|0x000000008b400000, 0x000000008b500000, 0x000000008b500000|100%| E|CS|TAMS 0x000000008b400000, 0x000000008b400000| Complete 
| 181|0x000000008b500000, 0x000000008b600000, 0x000000008b600000|100%| E|CS|TAMS 0x000000008b500000, 0x000000008b500000| Complete 
| 182|0x000000008b600000, 0x000000008b700000, 0x000000008b700000|100%| E|CS|TAMS 0x000000008b600000, 0x000000008b600000| Complete 

Card table byte_map: [0x0000023a44d20000,0x0000023a45120000] _byte_map_base: 0x0000023a44920000

Marking Bits (Prev, Next): (CMBitMap*) 0x0000023a31b06708, (CMBitMap*) 0x0000023a31b06740
 Prev Bits: [0x0000023a45520000, 0x0000023a47520000)
 Next Bits: [0x0000023a47520000, 0x0000023a49520000)

Polling page: 0x0000023a312a0000

Metaspace:

Usage:
  Non-class:     84.43 MB capacity,    82.82 MB ( 98%) used,     1.30 MB (  2%) free+waste,   318.38 KB ( <1%) overhead. 
      Class:     13.40 MB capacity,    12.36 MB ( 92%) used,   916.24 KB (  7%) free+waste,   144.50 KB (  1%) overhead. 
       Both:     97.83 MB capacity,    95.18 MB ( 97%) used,     2.19 MB (  2%) free+waste,   462.88 KB ( <1%) overhead. 

Virtual space:
  Non-class space:       86.00 MB reserved,      84.63 MB ( 98%) committed 
      Class space:        1.00 GB reserved,      13.52 MB (  1%) committed 
             Both:        1.08 GB reserved,      98.15 MB (  9%) committed 

Chunk freelists:
   Non-Class:  14.00 KB
       Class:  7.00 KB
        Both:  21.00 KB

MaxMetaspaceSize: 17179869184.00 GB
CompressedClassSpaceSize: 1.00 GB
Initial GC threshold: 20.80 MB
Current GC threshold: 148.80 MB
CDS: off

CodeHeap 'non-profiled nmethods': size=120000Kb used=6437Kb max_used=6437Kb free=113562Kb
 bounds [0x0000023a3d0c0000, 0x0000023a3d710000, 0x0000023a445f0000]
CodeHeap 'profiled nmethods': size=120000Kb used=23977Kb max_used=23977Kb free=96022Kb
 bounds [0x0000023a35b90000, 0x0000023a37300000, 0x0000023a3d0c0000]
CodeHeap 'non-nmethods': size=5760Kb used=2412Kb max_used=2451Kb free=3347Kb
 bounds [0x0000023a355f0000, 0x0000023a35860000, 0x0000023a35b90000]
 total_blobs=12493 nmethods=11545 adapters=861
 compilation: enabled
              stopped_count=0, restarted_count=0
 full_count=0

Compilation events (20 events):
Event: 32.849 Thread 0x0000023a4bf8a000 nmethod 11742 0x0000023a372f3310 code [0x0000023a372f3840, 0x0000023a372f6148]
Event: 32.850 Thread 0x0000023a4bf8a000 11745       3       java.util.stream.Collectors$$Lambda$64/0x0000000100139440::accept (11 bytes)
Event: 32.850 Thread 0x0000023a4bf8a000 nmethod 11745 0x0000023a372f7210 code [0x0000023a372f73e0, 0x0000023a372f76a8]
Event: 32.850 Thread 0x0000023a4bf8a000 11743       3       sun.management.spi.PlatformMBeanProvider$PlatformComponent$$Lambda$66/0x000000010017bc40::test (9 bytes)
Event: 32.850 Thread 0x0000023a4bf8a000 nmethod 11743 0x0000023a372f7790 code [0x0000023a372f7940, 0x0000023a372f7a78]
Event: 32.850 Thread 0x0000023a4bf8a000 11744       3       sun.management.spi.PlatformMBeanProvider$PlatformComponent$$Lambda$67/0x000000010017b040::apply (9 bytes)
Event: 32.851 Thread 0x0000023a4bf8a000 nmethod 11744 0x0000023a372f7b10 code [0x0000023a372f7d00, 0x0000023a372f8018]
Event: 34.017 Thread 0x0000023a4bf8a000 11746       3       javax.management.ObjectName::getDomainLength (8 bytes)
Event: 34.017 Thread 0x0000023a4bf8a000 nmethod 11746 0x0000023a372f8190 code [0x0000023a372f8340, 0x0000023a372f8438]
Event: 34.110 Thread 0x0000023a4bf83800 11747       4       java.util.concurrent.TimeUnit::toNanos (45 bytes)
Event: 34.111 Thread 0x0000023a4bf83800 nmethod 11747 0x0000023a3d708990 code [0x0000023a3d708b20, 0x0000023a3d708bf8]
Event: 34.845 Thread 0x0000023a4bf8a000 11748       3       java.lang.management.ManagementFactory$$Lambda$62/0x0000000100139c40::apply (12 bytes)
Event: 34.845 Thread 0x0000023a4bf8a000 nmethod 11748 0x0000023a372f8510 code [0x0000023a372f8700, 0x0000023a372f8ad8]
Event: 34.845 Thread 0x0000023a4bf8a000 11749       3       java.lang.management.ManagementFactory::lambda$getPlatformMXBeans$3 (13 bytes)
Event: 34.846 Thread 0x0000023a4bf8a000 nmethod 11749 0x0000023a372f8c10 code [0x0000023a372f8de0, 0x0000023a372f9038]
Event: 37.704 Thread 0x0000023a4bf83800 11750       4       java.util.concurrent.locks.AbstractQueuedSynchronizer$ConditionObject::addConditionWaiter (79 bytes)
Event: 37.712 Thread 0x0000023a4bf83800 nmethod 11750 0x0000023a3d708c90 code [0x0000023a3d708e40, 0x0000023a3d709418]
Event: 37.845 Thread 0x0000023a4bf8a000 11751       3       java.util.HashMap$ValueSpliterator::characteristics (28 bytes)
Event: 37.845 Thread 0x0000023a4bf8a000 nmethod 11751 0x0000023a372f9110 code [0x0000023a372f92c0, 0x0000023a372f9478]
Event: 39.032 Thread 0x0000023a4bf83800 11752       4       java.util.concurrent.locks.AbstractQueuedSynchronizer$ConditionObject::awaitNanos (181 bytes)

GC Heap History (20 events):
Event: 21.770 GC heap before
{Heap before GC invocations=46 (full 0):
 garbage-first heap   total 124928K, used 93650K [0x0000000080000000, 0x0000000100000000)
  region size 1024K, 35 young (35840K), 4 survivors (4096K)
 Metaspace       used 80525K, capacity 82389K, committed 82716K, reserved 1120256K
  class space    used 10561K, capacity 11269K, committed 11416K, reserved 1048576K
}
Event: 21.783 GC heap after
{Heap after GC invocations=47 (full 0):
 garbage-first heap   total 124928K, used 63442K [0x0000000080000000, 0x0000000100000000)
  region size 1024K, 4 young (4096K), 4 survivors (4096K)
 Metaspace       used 80525K, capacity 82389K, committed 82716K, reserved 1120256K
  class space    used 10561K, capacity 11269K, committed 11416K, reserved 1048576K
}
Event: 22.676 GC heap before
{Heap before GC invocations=48 (full 0):
 garbage-first heap   total 124928K, used 96210K [0x0000000080000000, 0x0000000100000000)
  region size 1024K, 36 young (36864K), 4 survivors (4096K)
 Metaspace       used 84063K, capacity 86018K, committed 86172K, reserved 1124352K
  class space    used 11001K, capacity 11756K, committed 11800K, reserved 1048576K
}
Event: 22.688 GC heap after
{Heap after GC invocations=49 (full 0):
 garbage-first heap   total 124928K, used 65995K [0x0000000080000000, 0x0000000100000000)
  region size 1024K, 4 young (4096K), 4 survivors (4096K)
 Metaspace       used 84063K, capacity 86018K, committed 86172K, reserved 1124352K
  class space    used 11001K, capacity 11756K, committed 11800K, reserved 1048576K
}
Event: 23.188 GC heap before
{Heap before GC invocations=49 (full 0):
 garbage-first heap   total 124928K, used 97739K [0x0000000080000000, 0x0000000100000000)
  region size 1024K, 35 young (35840K), 4 survivors (4096K)
 Metaspace       used 85229K, capacity 87307K, committed 87580K, reserved 1124352K
  class space    used 11133K, capacity 11905K, committed 11928K, reserved 1048576K
}
Event: 23.206 GC heap after
{Heap after GC invocations=50 (full 0):
 garbage-first heap   total 150528K, used 68924K [0x0000000080000000, 0x0000000100000000)
  region size 1024K, 5 young (5120K), 5 survivors (5120K)
 Metaspace       used 85229K, capacity 87307K, committed 87580K, reserved 1124352K
  class space    used 11133K, capacity 11905K, committed 11928K, reserved 1048576K
}
Event: 23.620 GC heap before
{Heap before GC invocations=51 (full 0):
 garbage-first heap   total 150528K, used 109884K [0x0000000080000000, 0x0000000100000000)
  region size 1024K, 45 young (46080K), 5 survivors (5120K)
 Metaspace       used 85291K, capacity 87394K, committed 87580K, reserved 1124352K
  class space    used 11137K, capacity 11909K, committed 11928K, reserved 1048576K
}
Event: 23.635 GC heap after
{Heap after GC invocations=52 (full 0):
 garbage-first heap   total 150528K, used 74430K [0x0000000080000000, 0x0000000100000000)
  region size 1024K, 6 young (6144K), 6 survivors (6144K)
 Metaspace       used 85291K, capacity 87394K, committed 87580K, reserved 1124352K
  class space    used 11137K, capacity 11909K, committed 11928K, reserved 1048576K
}
Event: 24.560 GC heap before
{Heap before GC invocations=52 (full 0):
 garbage-first heap   total 150528K, used 114366K [0x0000000080000000, 0x0000000100000000)
  region size 1024K, 46 young (47104K), 6 survivors (6144K)
 Metaspace       used 87579K, capacity 89877K, committed 90140K, reserved 1126400K
  class space    used 11529K, capacity 12409K, committed 12440K, reserved 1048576K
}
Event: 24.582 GC heap after
{Heap after GC invocations=53 (full 0):
 garbage-first heap   total 150528K, used 78491K [0x0000000080000000, 0x0000000100000000)
  region size 1024K, 4 young (4096K), 4 survivors (4096K)
 Metaspace       used 87579K, capacity 89877K, committed 90140K, reserved 1126400K
  class space    used 11529K, capacity 12409K, committed 12440K, reserved 1048576K
}
Event: 25.155 GC heap before
{Heap before GC invocations=54 (full 0):
 garbage-first heap   total 150528K, used 117403K [0x0000000080000000, 0x0000000100000000)
  region size 1024K, 43 young (44032K), 4 survivors (4096K)
 Metaspace       used 88125K, capacity 90613K, committed 90908K, reserved 1128448K
  class space    used 11612K, capacity 12565K, committed 12696K, reserved 1048576K
}
Event: 25.166 GC heap after
{Heap after GC invocations=55 (full 0):
 garbage-first heap   total 150528K, used 80397K [0x0000000080000000, 0x0000000100000000)
  region size 1024K, 6 young (6144K), 6 survivors (6144K)
 Metaspace       used 88125K, capacity 90613K, committed 90908K, reserved 1128448K
  class space    used 11612K, capacity 12565K, committed 12696K, reserved 1048576K
}
Event: 25.731 GC heap before
{Heap before GC invocations=55 (full 0):
 garbage-first heap   total 150528K, used 119309K [0x0000000080000000, 0x0000000100000000)
  region size 1024K, 45 young (46080K), 6 survivors (6144K)
 Metaspace       used 88605K, capacity 91071K, committed 91164K, reserved 1128448K
  class space    used 11651K, capacity 12620K, committed 12696K, reserved 1048576K
}
Event: 25.751 GC heap after
{Heap after GC invocations=56 (full 0):
 garbage-first heap   total 187392K, used 83309K [0x0000000080000000, 0x0000000100000000)
  region size 1024K, 6 young (6144K), 6 survivors (6144K)
 Metaspace       used 88605K, capacity 91071K, committed 91164K, reserved 1128448K
  class space    used 11651K, capacity 12620K, committed 12696K, reserved 1048576K
}
Event: 27.056 GC heap before
{Heap before GC invocations=57 (full 0):
 garbage-first heap   total 187392K, used 135533K [0x0000000080000000, 0x0000000100000000)
  region size 1024K, 58 young (59392K), 6 survivors (6144K)
 Metaspace       used 92053K, capacity 94610K, committed 94876K, reserved 1130496K
  class space    used 11990K, capacity 12932K, committed 13080K, reserved 1048576K
}
Event: 27.071 GC heap after
{Heap after GC invocations=58 (full 0):
 garbage-first heap   total 187392K, used 85407K [0x0000000080000000, 0x0000000100000000)
  region size 1024K, 6 young (6144K), 6 survivors (6144K)
 Metaspace       used 92053K, capacity 94610K, committed 94876K, reserved 1130496K
  class space    used 11990K, capacity 12932K, committed 13080K, reserved 1048576K
}
Event: 28.989 GC heap before
{Heap before GC invocations=58 (full 0):
 garbage-first heap   total 187392K, used 146847K [0x0000000080000000, 0x0000000100000000)
  region size 1024K, 66 young (67584K), 6 survivors (6144K)
 Metaspace       used 96217K, capacity 98865K, committed 98972K, reserved 1134592K
  class space    used 12538K, capacity 13557K, committed 13592K, reserved 1048576K
}
Event: 29.006 GC heap after
{Heap after GC invocations=59 (full 0):
 garbage-first heap   total 187392K, used 88184K [0x0000000080000000, 0x0000000100000000)
  region size 1024K, 6 young (6144K), 6 survivors (6144K)
 Metaspace       used 96217K, capacity 98865K, committed 98972K, reserved 1134592K
  class space    used 12538K, capacity 13557K, committed 13592K, reserved 1048576K
}
Event: 29.668 GC heap before
{Heap before GC invocations=59 (full 0):
 garbage-first heap   total 187392K, used 151672K [0x0000000080000000, 0x0000000100000000)
  region size 1024K, 69 young (70656K), 6 survivors (6144K)
 Metaspace       used 96532K, capacity 99189K, committed 99228K, reserved 1134592K
  class space    used 12545K, capacity 13561K, committed 13592K, reserved 1048576K
}
Event: 29.689 GC heap after
{Heap after GC invocations=60 (full 0):
 garbage-first heap   total 187392K, used 91503K [0x0000000080000000, 0x0000000100000000)
  region size 1024K, 7 young (7168K), 7 survivors (7168K)
 Metaspace       used 96532K, capacity 99189K, committed 99228K, reserved 1134592K
  class space    used 12545K, capacity 13561K, committed 13592K, reserved 1048576K
}

Deoptimization events (20 events):
Event: 29.967 Thread 0x0000023a4fdee000 DEOPT PACKING pc=0x0000023a3633da49 sp=0x0000004f35cf7250
Event: 29.967 Thread 0x0000023a4fdee000 DEOPT UNPACKING pc=0x0000023a3563a93f sp=0x0000004f35cf66c8 mode 0
Event: 30.987 Thread 0x0000023a4fdf5800 DEOPT PACKING pc=0x0000023a3714ff80 sp=0x0000004f366fcbf0
Event: 30.987 Thread 0x0000023a4fdf5800 DEOPT UNPACKING pc=0x0000023a3563a93f sp=0x0000004f366fc168 mode 0
Event: 30.989 Thread 0x0000023a4fdf5800 DEOPT PACKING pc=0x0000023a3714ff80 sp=0x0000004f366fcc00
Event: 30.989 Thread 0x0000023a4fdf5800 DEOPT UNPACKING pc=0x0000023a3563a93f sp=0x0000004f366fc178 mode 0
Event: 30.990 Thread 0x0000023a4fdf5800 DEOPT PACKING pc=0x0000023a3714ff80 sp=0x0000004f366fcc00
Event: 30.990 Thread 0x0000023a4fdf5800 DEOPT UNPACKING pc=0x0000023a3563a93f sp=0x0000004f366fc178 mode 0
Event: 30.991 Thread 0x0000023a4fdf5800 DEOPT PACKING pc=0x0000023a3714ff80 sp=0x0000004f366fcc00
Event: 30.991 Thread 0x0000023a4fdf5800 DEOPT UNPACKING pc=0x0000023a3563a93f sp=0x0000004f366fc178 mode 0
Event: 30.993 Thread 0x0000023a4fdf5800 DEOPT PACKING pc=0x0000023a3714ff80 sp=0x0000004f366fcc00
Event: 30.993 Thread 0x0000023a4fdf5800 DEOPT UNPACKING pc=0x0000023a3563a93f sp=0x0000004f366fc178 mode 0
Event: 30.994 Thread 0x0000023a4fdf5800 DEOPT PACKING pc=0x0000023a3714ff80 sp=0x0000004f366fcc00
Event: 30.994 Thread 0x0000023a4fdf5800 DEOPT UNPACKING pc=0x0000023a3563a93f sp=0x0000004f366fc178 mode 0
Event: 30.996 Thread 0x0000023a4fdf5800 DEOPT PACKING pc=0x0000023a3714ff80 sp=0x0000004f366fcc00
Event: 30.996 Thread 0x0000023a4fdf5800 DEOPT UNPACKING pc=0x0000023a3563a93f sp=0x0000004f366fc178 mode 0
Event: 30.997 Thread 0x0000023a4fdf5800 DEOPT PACKING pc=0x0000023a3714ff80 sp=0x0000004f366fcc00
Event: 30.997 Thread 0x0000023a4fdf5800 DEOPT UNPACKING pc=0x0000023a3563a93f sp=0x0000004f366fc178 mode 0
Event: 30.998 Thread 0x0000023a4fdf5800 DEOPT PACKING pc=0x0000023a3714ff80 sp=0x0000004f366fcc00
Event: 30.998 Thread 0x0000023a4fdf5800 DEOPT UNPACKING pc=0x0000023a3563a93f sp=0x0000004f366fc178 mode 0

Classes redefined (0 events):
No events

Internal exceptions (20 events):
Event: 27.120 Thread 0x0000023a4feb5000 Exception <a 'java/lang/NoSuchMethodError'{0x000000008b431da0}: <clinit>> (0x000000008b431da0) thrown at [src/hotspot/share/prims/jni.cpp, line 1367]
Event: 29.776 Thread 0x0000023a4fdee000 Exception <a 'java/lang/NoSuchMethodError'{0x000000008b6759f8}: <clinit>> (0x000000008b6759f8) thrown at [src/hotspot/share/prims/jni.cpp, line 1367]
Event: 29.776 Thread 0x0000023a4fdee000 Exception <a 'java/lang/NoSuchMethodError'{0x000000008b677440}: <clinit>> (0x000000008b677440) thrown at [src/hotspot/share/prims/jni.cpp, line 1367]
Event: 29.777 Thread 0x0000023a4fdee000 Exception <a 'java/lang/NoSuchMethodError'{0x000000008b67a900}: <clinit>> (0x000000008b67a900) thrown at [src/hotspot/share/prims/jni.cpp, line 1367]
Event: 29.779 Thread 0x0000023a4fdee000 Exception <a 'java/lang/NoSuchMethodError'{0x000000008b3bf778}: <clinit>> (0x000000008b3bf778) thrown at [src/hotspot/share/prims/jni.cpp, line 1367]
Event: 29.779 Thread 0x0000023a4fdee000 Exception <a 'java/lang/NoSuchMethodError'{0x000000008b3c0c58}: <clinit>> (0x000000008b3c0c58) thrown at [src/hotspot/share/prims/jni.cpp, line 1367]
Event: 29.934 Thread 0x0000023a4fdee000 Exception <a 'sun/nio/fs/WindowsException'{0x000000008a097148}> (0x000000008a097148) thrown at [src/hotspot/share/prims/jni.cpp, line 617]
Event: 29.934 Thread 0x0000023a4fdee000 Exception <a 'sun/nio/fs/WindowsException'{0x000000008a0982b0}> (0x000000008a0982b0) thrown at [src/hotspot/share/prims/jni.cpp, line 617]
Event: 29.935 Thread 0x0000023a4fdee000 Exception <a 'sun/nio/fs/WindowsException'{0x000000008a098668}> (0x000000008a098668) thrown at [src/hotspot/share/prims/jni.cpp, line 617]
Event: 29.935 Thread 0x0000023a4fdee000 Exception <a 'sun/nio/fs/WindowsException'{0x000000008a0997c8}> (0x000000008a0997c8) thrown at [src/hotspot/share/prims/jni.cpp, line 617]
Event: 29.935 Thread 0x0000023a4fdee000 Exception <a 'sun/nio/fs/WindowsException'{0x000000008a099ab0}> (0x000000008a099ab0) thrown at [src/hotspot/share/prims/jni.cpp, line 617]
Event: 29.935 Thread 0x0000023a4fdee000 Exception <a 'sun/nio/fs/WindowsException'{0x000000008a09abe0}> (0x000000008a09abe0) thrown at [src/hotspot/share/prims/jni.cpp, line 617]
Event: 29.961 Thread 0x0000023a4fdee000 Exception <a 'java/lang/NoSuchMethodError'{0x0000000089ff4878}: <clinit>> (0x0000000089ff4878) thrown at [src/hotspot/share/prims/jni.cpp, line 1367]
Event: 29.966 Thread 0x0000023a4fdee000 Exception <a 'java/lang/NoSuchMethodError'{0x0000000089e26160}: <clinit>> (0x0000000089e26160) thrown at [src/hotspot/share/prims/jni.cpp, line 1367]
Event: 29.968 Thread 0x0000023a4fdee000 Exception <a 'java/lang/NoSuchMethodError'{0x0000000089e3a378}: <clinit>> (0x0000000089e3a378) thrown at [src/hotspot/share/prims/jni.cpp, line 1367]
Event: 30.595 Thread 0x0000023a4fdf5800 Exception <a 'java/lang/NoSuchMethodError'{0x0000000089b5dcc8}: 'void java.lang.invoke.DirectMethodHandle$Holder.invokeStatic(java.lang.Object, long)'> (0x0000000089b5dcc8) thrown at [src/hotspot/share/interpreter/linkResolver.cpp, line 773]
Event: 30.596 Thread 0x0000023a4fdf5800 Exception <a 'java/lang/NoSuchMethodError'{0x0000000089b64080}: 'java.lang.Object java.lang.invoke.DirectMethodHandle$Holder.invokeStatic(java.lang.Object, long)'> (0x0000000089b64080) thrown at [src/hotspot/share/interpreter/linkResolver.cpp, line 773]
Event: 30.596 Thread 0x0000023a4fdf5800 Exception <a 'java/lang/NoSuchMethodError'{0x0000000089b67650}: 'java.lang.Object java.lang.invoke.DirectMethodHandle$Holder.invokeSpecial(java.lang.Object, java.lang.Object, long)'> (0x0000000089b67650) thrown at [src/hotspot/share/interpreter/linkResolver.cpp, line 773]
Event: 30.598 Thread 0x0000023a4fdf5800 Exception <a 'java/lang/NoSuchMethodError'{0x0000000089b72bf0}: 'java.lang.Object java.lang.invoke.DirectMethodHandle$Holder.invokeStaticInit(java.lang.Object, java.lang.Object, long, java.lang.Object)'> (0x0000000089b72bf0) thrown at [src/hotspot/share/interpreter/linkResolver.cpp, line 773]
Event: 30.986 Thread 0x0000023a4fdf5800 Exception <a 'java/lang/NoSuchMethodError'{0x0000000089902000}: 'int java.lang.invoke.DirectMethodHandle$Holder.invokeSpecialIFC(java.lang.Object, java.lang.Object, java.lang.Object)'> (0x0000000089902000) thrown at [src/hotspot/share/interpreter/linkResolver.cpp, line 773]

Events (20 events):
Event: 30.983 loading class com/google/common/collect/FluentIterable$2
Event: 30.983 loading class com/google/common/collect/FluentIterable$2 done
Event: 30.983 loading class com/google/common/collect/FluentIterable$1
Event: 30.983 loading class com/google/common/collect/FluentIterable$1 done
Event: 30.984 loading class com/google/common/collect/FluentIterable$3
Event: 30.984 loading class com/google/common/collect/FluentIterable$3 done
Event: 30.984 loading class com/google/common/base/Absent
Event: 30.984 loading class com/google/common/base/Absent done
Event: 30.985 loading class com/google/common/collect/AbstractIterator$State
Event: 30.985 loading class com/google/common/collect/AbstractIterator$State done
Event: 30.985 loading class com/google/common/collect/AbstractIterator$1
Event: 30.985 loading class com/google/common/collect/AbstractIterator$1 done
Event: 34.017 loading class org/gradle/workers/internal/WorkerDaemonExpiration$SimpleMemoryExpirationSelector
Event: 34.017 loading class org/gradle/workers/internal/WorkerDaemonExpiration$SimpleMemoryExpirationSelector done
Event: 34.018 loading class org/gradle/workers/internal/WorkerDaemonClient
Event: 34.018 loading class org/gradle/workers/internal/WorkerDaemonClient done
Event: 34.019 loading class org/gradle/workers/internal/WorkerDaemonClient
Event: 34.019 loading class org/gradle/workers/internal/WorkerDaemonClient done
Event: 34.019 Executing VM operation: Deoptimize
Event: 34.020 Executing VM operation: Deoptimize done


Dynamic libraries:
0x00007ff769f80000 - 0x00007ff769f8a000 	C:\Program Files\Android\Android Studio\jbr\bin\java.exe
0x00007ffc00a50000 - 0x00007ffc00c48000 	C:\Windows\SYSTEM32\ntdll.dll
0x00007ffbfecf0000 - 0x00007ffbfedaf000 	C:\Windows\System32\KERNEL32.DLL
0x00007ffbfe4e0000 - 0x00007ffbfe7b2000 	C:\Windows\System32\KERNELBASE.dll
0x00007ffbfe2e0000 - 0x00007ffbfe3e0000 	C:\Windows\System32\ucrtbase.dll
0x00007ffbf90a0000 - 0x00007ffbf90bb000 	C:\Program Files\Android\Android Studio\jbr\bin\VCRUNTIME140.dll
0x00007ffbece20000 - 0x00007ffbece37000 	C:\Program Files\Android\Android Studio\jbr\bin\jli.dll
0x00007ffbfff80000 - 0x00007ffc00121000 	C:\Windows\System32\USER32.dll
0x00007ffbf6b40000 - 0x00007ffbf6dda000 	C:\Windows\WinSxS\amd64_microsoft.windows.common-controls_6595b64144ccf1df_6.0.19041.1110_none_60b5254171f9507e\COMCTL32.dll
0x00007ffbfe9e0000 - 0x00007ffbfea02000 	C:\Windows\System32\win32u.dll
0x00007ffc00970000 - 0x00007ffc00a0e000 	C:\Windows\System32\msvcrt.dll
0x00007ffbfecc0000 - 0x00007ffbfeceb000 	C:\Windows\System32\GDI32.dll
0x00007ffbfe8d0000 - 0x00007ffbfe9df000 	C:\Windows\System32\gdi32full.dll
0x00007ffbfe7c0000 - 0x00007ffbfe85d000 	C:\Windows\System32\msvcp_win.dll
0x00007ffbfeaa0000 - 0x00007ffbfead0000 	C:\Windows\System32\IMM32.DLL
0x00007ffbe06c0000 - 0x00007ffbe074d000 	C:\Program Files\Android\Android Studio\jbr\bin\msvcp140.dll
0x00007ffbf5850000 - 0x00007ffbf585c000 	C:\Windows\SYSTEM32\VCRUNTIME140_1.dll
0x00007ffba5bf0000 - 0x00007ffba67ac000 	C:\Program Files\Android\Android Studio\jbr\bin\server\jvm.dll
0x00007ffbfeb80000 - 0x00007ffbfec2e000 	C:\Windows\System32\ADVAPI32.dll
0x00007ffbffc50000 - 0x00007ffbffcec000 	C:\Windows\System32\sechost.dll
0x00007ffbffb20000 - 0x00007ffbffc44000 	C:\Windows\System32\RPCRT4.dll
0x00007ffbff3a0000 - 0x00007ffbff3a8000 	C:\Windows\System32\PSAPI.DLL
0x00007ffbf7260000 - 0x00007ffbf7269000 	C:\Windows\SYSTEM32\WSOCK32.dll
0x00007ffbf7250000 - 0x00007ffbf725a000 	C:\Windows\SYSTEM32\VERSION.dll
0x00007ffbf7220000 - 0x00007ffbf7247000 	C:\Windows\SYSTEM32\WINMM.dll
0x00007ffc007d0000 - 0x00007ffc0083b000 	C:\Windows\System32\WS2_32.dll
0x00007ffbfc010000 - 0x00007ffbfc022000 	C:\Windows\SYSTEM32\kernel.appcore.dll
0x00007ffbf4290000 - 0x00007ffbf42a0000 	C:\Program Files\Android\Android Studio\jbr\bin\verify.dll
0x00007ffbecb90000 - 0x00007ffbecd74000 	C:\Windows\SYSTEM32\DBGHELP.DLL
0x00007ffbec690000 - 0x00007ffbec6c5000 	C:\Windows\SYSTEM32\dbgcore.DLL
0x00007ffbfea10000 - 0x00007ffbfea92000 	C:\Windows\System32\bcryptPrimitives.dll
0x00007ffba5bc0000 - 0x00007ffba5be8000 	C:\Program Files\Android\Android Studio\jbr\bin\java.dll
0x00007ffbed070000 - 0x00007ffbed07a000 	C:\Program Files\Android\Android Studio\jbr\bin\jimage.dll
0x00007ffbdb710000 - 0x00007ffbdb728000 	C:\Program Files\Android\Android Studio\jbr\bin\zip.dll
0x00007ffbff3d0000 - 0x00007ffbffb15000 	C:\Windows\System32\SHELL32.dll
0x00007ffbfc210000 - 0x00007ffbfc9a2000 	C:\Windows\SYSTEM32\windows.storage.dll
0x00007ffbfee60000 - 0x00007ffbff1b5000 	C:\Windows\System32\combase.dll
0x00007ffbfdbb0000 - 0x00007ffbfdbe0000 	C:\Windows\SYSTEM32\Wldp.dll
0x00007ffbfead0000 - 0x00007ffbfeb7d000 	C:\Windows\System32\SHCORE.dll
0x00007ffbff1c0000 - 0x00007ffbff215000 	C:\Windows\System32\shlwapi.dll
0x00007ffbfe090000 - 0x00007ffbfe0af000 	C:\Windows\SYSTEM32\profapi.dll
0x00007ffba5ad0000 - 0x00007ffba5ae9000 	C:\Program Files\Android\Android Studio\jbr\bin\net.dll
0x00007ffbf5a10000 - 0x00007ffbf5b1a000 	C:\Windows\SYSTEM32\WINHTTP.dll
0x00007ffbfd8a0000 - 0x00007ffbfd90a000 	C:\Windows\system32\mswsock.dll
0x00007ffba5ab0000 - 0x00007ffba5ac3000 	C:\Program Files\Android\Android Studio\jbr\bin\nio.dll
0x00007ffbf3620000 - 0x00007ffbf3647000 	C:\Users\pk\.gradle\native\e1d6ef7f7dcc3fd88c89a11ec53ec762bb8ba0a96d01ffa2cd45eb1d1d8dd5c5\windows-amd64\native-platform.dll
0x00007ffbdbef0000 - 0x00007ffbdc034000 	C:\Users\pk\.gradle\native\0d407fdbe67a94daf76414ababcb853783967236a71b16ec16e742cd7a986fd3\windows-amd64\native-platform-file-events.dll
0x00007ffbe4290000 - 0x00007ffbe429a000 	C:\Program Files\Android\Android Studio\jbr\bin\management.dll
0x00007ffbe3170000 - 0x00007ffbe317b000 	C:\Program Files\Android\Android Studio\jbr\bin\management_ext.dll
0x00007ffbfdb00000 - 0x00007ffbfdb18000 	C:\Windows\SYSTEM32\CRYPTSP.dll
0x00007ffbfd150000 - 0x00007ffbfd184000 	C:\Windows\system32\rsaenh.dll
0x00007ffbfe2b0000 - 0x00007ffbfe2d7000 	C:\Windows\System32\bcrypt.dll
0x00007ffbfe050000 - 0x00007ffbfe07e000 	C:\Windows\SYSTEM32\USERENV.dll
0x00007ffbfdb20000 - 0x00007ffbfdb2c000 	C:\Windows\SYSTEM32\CRYPTBASE.dll
0x00007ffbfd590000 - 0x00007ffbfd5cb000 	C:\Windows\SYSTEM32\IPHLPAPI.DLL
0x00007ffbfff70000 - 0x00007ffbfff78000 	C:\Windows\System32\NSI.dll
0x00007ffbf6310000 - 0x00007ffbf6327000 	C:\Windows\SYSTEM32\dhcpcsvc6.DLL
0x00007ffbf70d0000 - 0x00007ffbf70ed000 	C:\Windows\SYSTEM32\dhcpcsvc.DLL
0x00007ffbfd5d0000 - 0x00007ffbfd69b000 	C:\Windows\SYSTEM32\DNSAPI.dll
0x00007ffba3f10000 - 0x00007ffba3f37000 	C:\Program Files\Android\Android Studio\jbr\bin\sunec.dll
0x00007ffbf1b80000 - 0x00007ffbf1b8a000 	C:\Windows\System32\rasadhlp.dll
0x00007ffbf3260000 - 0x00007ffbf32e0000 	C:\Windows\System32\fwpuclnt.dll

dbghelp: loaded successfully - version: 4.0.5 - missing functions: none
symbol engine: initialized successfully - sym options: 0x614 - pdb path: .;C:\Program Files\Android\Android Studio\jbr\bin;C:\Windows\SYSTEM32;C:\Windows\WinSxS\amd64_microsoft.windows.common-controls_6595b64144ccf1df_6.0.19041.1110_none_60b5254171f9507e;C:\Program Files\Android\Android Studio\jbr\bin\server;C:\Users\pk\.gradle\native\e1d6ef7f7dcc3fd88c89a11ec53ec762bb8ba0a96d01ffa2cd45eb1d1d8dd5c5\windows-amd64;C:\Users\pk\.gradle\native\0d407fdbe67a94daf76414ababcb853783967236a71b16ec16e742cd7a986fd3\windows-amd64

VM Arguments:
jvm_args: --add-opens=java.base/java.util=ALL-UNNAMED --add-opens=java.base/java.lang=ALL-UNNAMED --add-opens=java.base/java.lang.invoke=ALL-UNNAMED --add-opens=java.base/java.util=ALL-UNNAMED --add-opens=java.prefs/java.util.prefs=ALL-UNNAMED --add-opens=java.prefs/java.util.prefs=ALL-UNNAMED --add-opens=java.base/java.nio.charset=ALL-UNNAMED --add-opens=java.base/java.net=ALL-UNNAMED --add-opens=java.base/java.util.concurrent.atomic=ALL-UNNAMED -Xmx2048m -Dfile.encoding=UTF-8 -Duser.country=RU -Duser.language=ru -Duser.variant 
java_command: org.gradle.launcher.daemon.bootstrap.GradleDaemon 7.5
java_class_path (initial): C:\Users\pk\.gradle\wrapper\dists\gradle-7.5-bin\f1w0cc9nuo0eivz97x2xlu9sv\gradle-7.5\lib\gradle-launcher-7.5.jar
Launcher Type: SUN_STANDARD

[Global flags]
     intx CICompilerCount                          = 4                                         {product} {ergonomic}
     uint ConcGCThreads                            = 2                                         {product} {ergonomic}
     uint G1ConcRefinementThreads                  = 8                                         {product} {ergonomic}
   size_t G1HeapRegionSize                         = 1048576                                   {product} {ergonomic}
    uintx GCDrainStackTargetSize                   = 64                                        {product} {ergonomic}
   size_t InitialHeapSize                          = 50331648                                  {product} {ergonomic}
   size_t MarkStackSize                            = 4194304                                   {product} {ergonomic}
   size_t MaxHeapSize                              = 2147483648                                {product} {command line}
   size_t MaxNewSize                               = 1287651328                                {product} {ergonomic}
   size_t MinHeapDeltaBytes                        = 1048576                                   {product} {ergonomic}
    uintx NonNMethodCodeHeapSize                   = 5836300                                {pd product} {ergonomic}
    uintx NonProfiledCodeHeapSize                  = 122910970                              {pd product} {ergonomic}
    uintx ProfiledCodeHeapSize                     = 122910970                              {pd product} {ergonomic}
    uintx ReservedCodeCacheSize                    = 251658240                              {pd product} {ergonomic}
     bool SegmentedCodeCache                       = true                                      {product} {ergonomic}
     bool UseCompressedClassPointers               = true                                 {lp64_product} {ergonomic}
     bool UseCompressedOops                        = true                                 {lp64_product} {ergonomic}
     bool UseG1GC                                  = true                                      {product} {ergonomic}
     bool UseLargePagesIndividualAllocation        = false                                  {pd product} {ergonomic}

Logging:
Log output configuration:
 #0: stdout all=warning uptime,level,tags
 #1: stderr all=off uptime,level,tags

Environment Variables:
PATH=C:\Windows\system32;C:\Windows;C:\Windows\System32\Wbem;C:\Windows\System32\WindowsPowerShell\v1.0\;C:\Windows\System32\OpenSSH\;C:\Program Files\Git\cmd;C:\Users\pk\AppData\Local\Microsoft\WindowsApps;
USERNAME=pk
OS=Windows_NT
PROCESSOR_IDENTIFIER=Intel64 Family 6 Model 30 Stepping 5, GenuineIntel



---------------  S Y S T E M  ---------------

OS: Windows 10 , 64 bit Build 19041 (10.0.19041.2546)
OS uptime: 0 days 4:30 hours

CPU:total 8 (initial active 8) (4 cores per cpu, 2 threads per core) family 6 model 30 stepping 5 microcode 0xa, cmov, cx8, fxsr, mmx, sse, sse2, sse3, ssse3, sse4.1, sse4.2, popcnt, ht, tsc, tscinvbit

Memory: 4k page, system-wide physical 3060M (300M free)
TotalPageFile size 4511M (AvailPageFile size 0M)
current process WorkingSet (physical memory assigned to process): 437M, peak: 463M
current process commit charge ("private bytes"): 478M, peak: 496M

vm_info: OpenJDK 64-Bit Server VM (11.0.15+0-b2043.56-8887301) for windows-amd64 JRE (11.0.15+0-b2043.56-8887301), built on Jul 29 2022 23:19:47 by "builduser" with unknown MS VC++:1929

END.
