#
# There is insufficient memory for the Java Runtime Environment to continue.
# Native memory allocation (mmap) failed to map 10485760 bytes for Failed to commit area from 0x0000000083000000 to 0x0000000083a00000 of length 10485760.
# Possible reasons:
#   The system is out of physical RAM or swap space
#   The process is running with CompressedOops enabled, and the Java Heap may be blocking the growth of the native heap
# Possible solutions:
#   Reduce memory load on the system
#   Increase physical memory or swap space
#   Check if swap backing store is full
#   Decrease Java heap size (-Xmx/-Xms)
#   Decrease number of Java threads
#   Decrease Java thread stack sizes (-Xss)
#   Set larger code cache with -XX:ReservedCodeCacheSize=
#   JVM is running with Unscaled Compressed Oops mode in which the Java heap is
#     placed in the first 4GB address space. The Java Heap base address is the
#     maximum limit for the native heap growth. Please use -XX:HeapBaseMinAddress
#     to set the Java Heap base and to place the Java Heap above 4GB virtual address.
# This output file may be truncated or incomplete.
#
#  Out of Memory Error (src/hotspot/os/windows/os_windows.cpp:3627), pid=1368, tid=4140
#
# JRE version: OpenJDK Runtime Environment (11.0.15) (build 11.0.15+0-b2043.56-8887301)
# Java VM: OpenJDK 64-Bit Server VM (11.0.15+0-b2043.56-8887301, mixed mode, tiered, compressed oops, g1 gc, windows-amd64)
# No core dump will be written. Minidumps are not enabled by default on client versions of Windows
#

---------------  S U M M A R Y ------------

Command Line: --add-opens=java.base/java.util=ALL-UNNAMED --add-opens=java.base/java.lang=ALL-UNNAMED --add-opens=java.base/java.lang.invoke=ALL-UNNAMED --add-opens=java.base/java.util=ALL-UNNAMED --add-opens=java.prefs/java.util.prefs=ALL-UNNAMED --add-opens=java.prefs/java.util.prefs=ALL-UNNAMED --add-opens=java.base/java.nio.charset=ALL-UNNAMED --add-opens=java.base/java.net=ALL-UNNAMED --add-opens=java.base/java.util.concurrent.atomic=ALL-UNNAMED -Xmx2048m -Dfile.encoding=UTF-8 -Duser.country=RU -Duser.language=ru -Duser.variant org.gradle.launcher.daemon.bootstrap.GradleDaemon 7.5

Host: Intel(R) Core(TM) i7 CPU       Q 740  @ 1.73GHz, 8 cores, 2G,  Windows 10 , 64 bit Build 19041 (10.0.19041.2546)
Time: Tue Mar 28 19:20:15 2023  Windows 10 , 64 bit Build 19041 (10.0.19041.2546) elapsed time: 4.406609 seconds (0d 0h 0m 4s)

---------------  T H R E A D  ---------------

Current thread (0x00000291e391b000):  VMThread "VM Thread" [stack: 0x000000e4e6100000,0x000000e4e6200000] [id=4140]

Stack: [0x000000e4e6100000,0x000000e4e6200000]
[error occurred during error reporting (printing stack bounds), id 0xc0000005, EXCEPTION_ACCESS_VIOLATION (0xc0000005) at pc=0x00000291ccfe113d]

Native frames: (J=compiled Java code, j=interpreted, Vv=VM code, C=native code)
V  [jvm.dll+0x64135a]
V  [jvm.dll+0x7d39f9]
V  [jvm.dll+0x7d51b9]
V  [jvm.dll+0x7d5805]
V  [jvm.dll+0x7d57bb]
V  [jvm.dll+0x640655]
V  [jvm.dll+0x640d68]
C  [ntdll.dll+0xa241f]
C  [ntdll.dll+0x514a4]
C  [ntdll.dll+0xa0f4e]
C  0x00000291ccfe113d

VM_Operation (0x000000e4e75f5040): G1CollectForAllocation, mode: safepoint, requested by thread 0x00000291e506e800


---------------  P R O C E S S  ---------------

Threads class SMR info:
_java_thread_list=0x00000291e658d310, length=23, elements={
0x00000291c94af000, 0x00000291e391f000, 0x00000291e3928000, 0x00000291e397f000,
0x00000291e3982000, 0x00000291e3983800, 0x00000291e3988800, 0x00000291e399d800,
0x00000291e42da800, 0x00000291e443a000, 0x00000291e5531000, 0x00000291e5d54800,
0x00000291e671d000, 0x00000291e5e7e000, 0x00000291e5d6c800, 0x00000291e4732000,
0x00000291e506e800, 0x00000291e506f000, 0x00000291e5bac000, 0x00000291e5b15800,
0x00000291e6571800, 0x00000291e656d000, 0x00000291e656e800
}

Java Threads: ( => current thread )
  0x00000291c94af000 JavaThread "main" [_thread_blocked, id=4676, stack(0x000000e4e5b00000,0x000000e4e5c00000)]
  0x00000291e391f000 JavaThread "Reference Handler" daemon [_thread_blocked, id=2024, stack(0x000000e4e6200000,0x000000e4e6300000)]
  0x00000291e3928000 JavaThread "Finalizer" daemon [_thread_blocked, id=3400, stack(0x000000e4e6300000,0x000000e4e6400000)]
  0x00000291e397f000 JavaThread "Signal Dispatcher" daemon [_thread_blocked, id=6632, stack(0x000000e4e6400000,0x000000e4e6500000)]
  0x00000291e3982000 JavaThread "Attach Listener" daemon [_thread_blocked, id=2172, stack(0x000000e4e6500000,0x000000e4e6600000)]
  0x00000291e3983800 JavaThread "Service Thread" daemon [_thread_blocked, id=928, stack(0x000000e4e6600000,0x000000e4e6700000)]
  0x00000291e3988800 JavaThread "C2 CompilerThread0" daemon [_thread_blocked, id=4912, stack(0x000000e4e6700000,0x000000e4e6800000)]
  0x00000291e399d800 JavaThread "C1 CompilerThread0" daemon [_thread_blocked, id=5504, stack(0x000000e4e6800000,0x000000e4e6900000)]
  0x00000291e42da800 JavaThread "Sweeper thread" daemon [_thread_blocked, id=7076, stack(0x000000e4e6900000,0x000000e4e6a00000)]
  0x00000291e443a000 JavaThread "Common-Cleaner" daemon [_thread_blocked, id=2236, stack(0x000000e4e6a00000,0x000000e4e6b00000)]
  0x00000291e5531000 JavaThread "Daemon health stats" [_thread_blocked, id=7996, stack(0x000000e4e6d00000,0x000000e4e6e00000)]
  0x00000291e5d54800 JavaThread "Incoming local TCP Connector on port 50573" [_thread_in_native, id=5020, stack(0x000000e4e7000000,0x000000e4e7100000)]
  0x00000291e671d000 JavaThread "Daemon periodic checks" [_thread_blocked, id=8384, stack(0x000000e4e7100000,0x000000e4e7200000)]
  0x00000291e5e7e000 JavaThread "Daemon" [_thread_blocked, id=4624, stack(0x000000e4e7200000,0x000000e4e7300000)]
  0x00000291e5d6c800 JavaThread "Handler for socket connection from /127.0.0.1:50573 to /127.0.0.1:50574" [_thread_in_native, id=6108, stack(0x000000e4e7300000,0x000000e4e7400000)]
  0x00000291e4732000 JavaThread "Cancel handler" [_thread_blocked, id=8268, stack(0x000000e4e7400000,0x000000e4e7500000)]
  0x00000291e506e800 JavaThread "Daemon worker" [_thread_blocked, id=1812, stack(0x000000e4e7500000,0x000000e4e7600000)]
  0x00000291e506f000 JavaThread "Asynchronous log dispatcher for DefaultDaemonConnection: socket connection from /127.0.0.1:50573 to /127.0.0.1:50574" [_thread_blocked, id=7488, stack(0x000000e4e7600000,0x000000e4e7700000)]
  0x00000291e5bac000 JavaThread "Stdin handler" [_thread_blocked, id=9028, stack(0x000000e4e7700000,0x000000e4e7800000)]
  0x00000291e5b15800 JavaThread "Daemon client event forwarder" [_thread_blocked, id=2692, stack(0x000000e4e7800000,0x000000e4e7900000)]
  0x00000291e6571800 JavaThread "Cache worker for journal cache (C:\Users\pk\.gradle\caches\journal-1)" [_thread_blocked, id=1140, stack(0x000000e4e7d00000,0x000000e4e7e00000)]
  0x00000291e656d000 JavaThread "File lock request listener" [_thread_in_native, id=8732, stack(0x000000e4e7e00000,0x000000e4e7f00000)]
  0x00000291e656e800 JavaThread "Cache worker for file hash cache (C:\Users\pk\.gradle\caches\7.5\fileHashes)" [_thread_blocked, id=2108, stack(0x000000e4e8000000,0x000000e4e8100000)]

Other Threads:
=>0x00000291e391b000 VMThread "VM Thread" [stack: 0x000000e4e6100000,0x000000e4e6200000] [id=4140]
  0x00000291e4453800 WatcherThread [stack: 0x000000e4e6b00000,0x000000e4e6c00000] [id=8880]
  0x00000291c94c8800 GCTaskThread "GC Thread#0" [stack: 0x000000e4e5c00000,0x000000e4e5d00000] [id=6844]
  0x00000291e44a3800 GCTaskThread "GC Thread#1" [stack: 0x000000e4e6c00000,0x000000e4e6d00000] [id=5848]
  0x00000291e4ecb800 GCTaskThread "GC Thread#2" [stack: 0x000000e4e6e00000,0x000000e4e6f00000] [id=1056]
  0x00000291e54ea000 GCTaskThread "GC Thread#3" [stack: 0x000000e4e6f00000,0x000000e4e7000000] [id=3940]
  0x00000291e655a800 GCTaskThread "GC Thread#4" [stack: 0x000000e4e7900000,0x000000e4e7a00000] [id=6628]
  0x00000291e598b000 GCTaskThread "GC Thread#5" [stack: 0x000000e4e7a00000,0x000000e4e7b00000] [id=9120]
  0x00000291e6613800 GCTaskThread "GC Thread#6" [stack: 0x000000e4e7b00000,0x000000e4e7c00000] [id=7612]
  0x00000291e6614000 GCTaskThread "GC Thread#7" [stack: 0x000000e4e7c00000,0x000000e4e7d00000] [id=3664]
  0x00000291c94fc800 ConcurrentGCThread "G1 Main Marker" [stack: 0x000000e4e5d00000,0x000000e4e5e00000] [id=7844]
  0x00000291c94fd800 ConcurrentGCThread "G1 Conc#0" [stack: 0x000000e4e5e00000,0x000000e4e5f00000] [id=2492]
  0x00000291e63b1800 ConcurrentGCThread "G1 Conc#1" [stack: 0x000000e4e7f00000,0x000000e4e8000000] [id=8616]
  0x00000291c9556800 ConcurrentGCThread "G1 Refine#0" [stack: 0x000000e4e5f00000,0x000000e4e6000000] [id=1664]
  0x00000291c9557800 ConcurrentGCThread "G1 Young RemSet Sampling" [stack: 0x000000e4e6000000,0x000000e4e6100000] [id=5732]

Threads with active compile tasks:
C2 CompilerThread0     4451 1967   !   4       java.lang.ClassLoader::loadClass (122 bytes)

VM state:at safepoint (normal execution)

VM Mutex/Monitor currently owned by a thread:  ([mutex/lock_event])
[0x00000291c94ac3d0] Threads_lock - owner thread: 0x00000291e391b000
[0x00000291c94ac2b0] Heap_lock - owner thread: 0x00000291e506e800

Heap address: 0x0000000080000000, size: 2048 MB, Compressed Oops mode: 32-bit
Narrow klass base: 0x0000000000000000, Narrow klass shift: 3
Compressed class space size: 1073741824 Address: 0x0000000100000000

Heap:
 garbage-first heap   total 59392K, used 17882K [0x0000000080000000, 0x0000000100000000)
  region size 1024K, 2 young (2048K), 2 survivors (2048K)
 Metaspace       used 22409K, capacity 22950K, committed 23164K, reserved 1069056K
  class space    used 2805K, capacity 3001K, committed 3020K, reserved 1048576K
Heap Regions: E=young(eden), S=young(survivor), O=old, HS=humongous(starts), HC=humongous(continues), CS=collection set, F=free, A=archive, TAMS=top-at-mark-start (previous, next)
|   0|0x0000000080000000, 0x0000000080100000, 0x0000000080100000|100%| O|  |TAMS 0x0000000080100000, 0x0000000080000000| Untracked 
|   1|0x0000000080100000, 0x0000000080200000, 0x0000000080200000|100%| O|  |TAMS 0x0000000080200000, 0x0000000080100000| Untracked 
|   2|0x0000000080200000, 0x0000000080300000, 0x0000000080300000|100%| O|  |TAMS 0x0000000080300000, 0x0000000080200000| Untracked 
|   3|0x0000000080300000, 0x0000000080400000, 0x0000000080400000|100%|HS|  |TAMS 0x0000000080400000, 0x0000000080300000| Complete 
|   4|0x0000000080400000, 0x0000000080500000, 0x0000000080500000|100%|HC|  |TAMS 0x0000000080500000, 0x0000000080400000| Complete 
|   5|0x0000000080500000, 0x0000000080600000, 0x0000000080600000|100%|HC|  |TAMS 0x0000000080600000, 0x0000000080500000| Complete 
|   6|0x0000000080600000, 0x0000000080700000, 0x0000000080700000|100%| O|  |TAMS 0x0000000080700000, 0x0000000080600000| Untracked 
|   7|0x0000000080700000, 0x0000000080800000, 0x0000000080800000|100%| O|  |TAMS 0x0000000080800000, 0x0000000080700000| Untracked 
|   8|0x0000000080800000, 0x0000000080900000, 0x0000000080900000|100%| O|  |TAMS 0x0000000080900000, 0x0000000080800000| Untracked 
|   9|0x0000000080900000, 0x0000000080a00000, 0x0000000080a00000|100%| O|  |TAMS 0x0000000080a00000, 0x0000000080900000| Untracked 
|  10|0x0000000080a00000, 0x0000000080b00000, 0x0000000080b00000|100%| O|  |TAMS 0x0000000080b00000, 0x0000000080a00000| Untracked 
|  11|0x0000000080b00000, 0x0000000080c00000, 0x0000000080c00000|100%| O|  |TAMS 0x0000000080c00000, 0x0000000080b00000| Untracked 
|  12|0x0000000080c00000, 0x0000000080d00000, 0x0000000080d00000|100%| O|  |TAMS 0x0000000080d00000, 0x0000000080c00000| Untracked 
|  13|0x0000000080d00000, 0x0000000080e00000, 0x0000000080e00000|100%| O|  |TAMS 0x0000000080e00000, 0x0000000080d00000| Untracked 
|  14|0x0000000080e00000, 0x0000000080f00000, 0x0000000080f00000|100%| O|  |TAMS 0x0000000080f00000, 0x0000000080e00000| Untracked 
|  15|0x0000000080f00000, 0x0000000081000000, 0x0000000081000000|100%| O|  |TAMS 0x0000000081000000, 0x0000000080f00000| Untracked 
|  16|0x0000000081000000, 0x0000000081036c00, 0x0000000081100000| 21%| O|  |TAMS 0x0000000081036c00, 0x0000000081000000| Untracked 
|  17|0x0000000081100000, 0x0000000081100000, 0x0000000081200000|  0%| F|  |TAMS 0x0000000081100000, 0x0000000081100000| Untracked 
|  18|0x0000000081200000, 0x0000000081200000, 0x0000000081300000|  0%| F|  |TAMS 0x0000000081200000, 0x0000000081200000| Untracked 
|  19|0x0000000081300000, 0x0000000081300000, 0x0000000081400000|  0%| F|  |TAMS 0x0000000081300000, 0x0000000081300000| Untracked 
|  20|0x0000000081400000, 0x0000000081400000, 0x0000000081500000|  0%| F|  |TAMS 0x0000000081400000, 0x0000000081400000| Untracked 
|  21|0x0000000081500000, 0x0000000081500000, 0x0000000081600000|  0%| F|  |TAMS 0x0000000081500000, 0x0000000081500000| Untracked 
|  22|0x0000000081600000, 0x0000000081600000, 0x0000000081700000|  0%| F|  |TAMS 0x0000000081600000, 0x0000000081600000| Untracked 
|  23|0x0000000081700000, 0x0000000081700000, 0x0000000081800000|  0%| F|  |TAMS 0x0000000081700000, 0x0000000081700000| Untracked 
|  24|0x0000000081800000, 0x0000000081800000, 0x0000000081900000|  0%| F|  |TAMS 0x0000000081800000, 0x0000000081800000| Untracked 
|  25|0x0000000081900000, 0x0000000081900000, 0x0000000081a00000|  0%| F|  |TAMS 0x0000000081900000, 0x0000000081900000| Untracked 
|  26|0x0000000081a00000, 0x0000000081a00000, 0x0000000081b00000|  0%| F|  |TAMS 0x0000000081a00000, 0x0000000081a00000| Untracked 
|  27|0x0000000081b00000, 0x0000000081b00000, 0x0000000081c00000|  0%| F|  |TAMS 0x0000000081b00000, 0x0000000081b00000| Untracked 
|  28|0x0000000081c00000, 0x0000000081c00000, 0x0000000081d00000|  0%| F|  |TAMS 0x0000000081c00000, 0x0000000081c00000| Untracked 
|  29|0x0000000081d00000, 0x0000000081d00000, 0x0000000081e00000|  0%| F|  |TAMS 0x0000000081d00000, 0x0000000081d00000| Untracked 
|  30|0x0000000081e00000, 0x0000000081e3fd50, 0x0000000081f00000| 24%| S|CS|TAMS 0x0000000081e00000, 0x0000000081e00000| Complete 
|  31|0x0000000081f00000, 0x0000000082000000, 0x0000000082000000|100%| S|CS|TAMS 0x0000000081f00000, 0x0000000081f00000| Complete 
|  32|0x0000000082000000, 0x0000000082000000, 0x0000000082100000|  0%| F|  |TAMS 0x0000000082000000, 0x0000000082000000| Untracked 
|  33|0x0000000082100000, 0x0000000082100000, 0x0000000082200000|  0%| F|  |TAMS 0x0000000082100000, 0x0000000082100000| Untracked 
|  34|0x0000000082200000, 0x0000000082200000, 0x0000000082300000|  0%| F|  |TAMS 0x0000000082200000, 0x0000000082200000| Untracked 
|  35|0x0000000082300000, 0x0000000082300000, 0x0000000082400000|  0%| F|  |TAMS 0x0000000082300000, 0x0000000082300000| Untracked 
|  36|0x0000000082400000, 0x0000000082400000, 0x0000000082500000|  0%| F|  |TAMS 0x0000000082400000, 0x0000000082400000| Untracked 
|  37|0x0000000082500000, 0x0000000082500000, 0x0000000082600000|  0%| F|  |TAMS 0x0000000082500000, 0x0000000082500000| Untracked 
|  38|0x0000000082600000, 0x0000000082600000, 0x0000000082700000|  0%| F|  |TAMS 0x0000000082600000, 0x0000000082600000| Untracked 
|  39|0x0000000082700000, 0x0000000082700000, 0x0000000082800000|  0%| F|  |TAMS 0x0000000082700000, 0x0000000082700000| Untracked 
|  40|0x0000000082800000, 0x0000000082800000, 0x0000000082900000|  0%| F|  |TAMS 0x0000000082800000, 0x0000000082800000| Untracked 
|  41|0x0000000082900000, 0x0000000082900000, 0x0000000082a00000|  0%| F|  |TAMS 0x0000000082900000, 0x0000000082900000| Untracked 
|  42|0x0000000082a00000, 0x0000000082a00000, 0x0000000082b00000|  0%| F|  |TAMS 0x0000000082a00000, 0x0000000082a00000| Untracked 
|  43|0x0000000082b00000, 0x0000000082b00000, 0x0000000082c00000|  0%| F|  |TAMS 0x0000000082b00000, 0x0000000082b00000| Untracked 
|  44|0x0000000082c00000, 0x0000000082c00000, 0x0000000082d00000|  0%| F|  |TAMS 0x0000000082c00000, 0x0000000082c00000| Untracked 
|  45|0x0000000082d00000, 0x0000000082d00000, 0x0000000082e00000|  0%| F|  |TAMS 0x0000000082d00000, 0x0000000082d00000| Untracked 
|  46|0x0000000082e00000, 0x0000000082e00000, 0x0000000082f00000|  0%| F|  |TAMS 0x0000000082e00000, 0x0000000082e00000| Untracked 
|  47|0x0000000082f00000, 0x0000000082f00000, 0x0000000083000000|  0%| F|  |TAMS 0x0000000082f00000, 0x0000000082f00000| Untracked 

Card table byte_map: [0x00000291dc720000,0x00000291dcb20000] _byte_map_base: 0x00000291dc320000

Marking Bits (Prev, Next): (CMBitMap*) 0x00000291c94f38d0, (CMBitMap*) 0x00000291c94f3898
 Prev Bits: [0x00000291def20000, 0x00000291e0f20000)
 Next Bits: [0x00000291dcf20000, 0x00000291def20000)

Polling page: 0x00000291c7490000

Metaspace:

Usage:
  Non-class:     19.48 MB capacity,    19.14 MB ( 98%) used,   307.53 KB (  2%) free+waste,    38.00 KB ( <1%) overhead. 
      Class:      2.93 MB capacity,     2.74 MB ( 93%) used,   176.45 KB (  6%) free+waste,    18.88 KB ( <1%) overhead. 
       Both:     22.41 MB capacity,    21.88 MB ( 98%) used,   483.98 KB (  2%) free+waste,    56.88 KB ( <1%) overhead. 

Virtual space:
  Non-class space:       20.00 MB reserved,      19.67 MB ( 98%) committed 
      Class space:        1.00 GB reserved,       2.95 MB ( <1%) committed 
             Both:        1.02 GB reserved,      22.62 MB (  2%) committed 

Chunk freelists:
   Non-Class:  19.00 KB
       Class:  7.00 KB
        Both:  26.00 KB

MaxMetaspaceSize: 17179869184.00 GB
CompressedClassSpaceSize: 1.00 GB
Initial GC threshold: 20.80 MB
Current GC threshold: 35.20 MB
CDS: off

CodeHeap 'non-profiled nmethods': size=120000Kb used=860Kb max_used=860Kb free=119139Kb
 bounds [0x00000291d4ab0000, 0x00000291d4d20000, 0x00000291dbfe0000]
CodeHeap 'profiled nmethods': size=120000Kb used=4139Kb max_used=4139Kb free=115861Kb
 bounds [0x00000291cd580000, 0x00000291cd990000, 0x00000291d4ab0000]
CodeHeap 'non-nmethods': size=5760Kb used=1202Kb max_used=1218Kb free=4557Kb
 bounds [0x00000291ccfe0000, 0x00000291cd250000, 0x00000291cd580000]
 total_blobs=2427 nmethods=1944 adapters=397
 compilation: enabled
              stopped_count=0, restarted_count=0
 full_count=0

Compilation events (20 events):
Event: 4.328 Thread 0x00000291e399d800 1956       3       java.util.concurrent.locks.ReentrantLock$NonfairSync::tryAcquire (6 bytes)
Event: 4.328 Thread 0x00000291e399d800 nmethod 1956 0x00000291cd984710 code [0x00000291cd9848c0, 0x00000291cd9849e8]
Event: 4.329 Thread 0x00000291e399d800 1957       3       org.gradle.internal.service.DefaultServiceRegistry$SingletonService::getAll (23 bytes)
Event: 4.329 Thread 0x00000291e399d800 nmethod 1957 0x00000291cd984a90 code [0x00000291cd984c60, 0x00000291cd984ee8]
Event: 4.340 Thread 0x00000291e399d800 1959       3       jdk.internal.org.objectweb.asm.Type::getArgumentsAndReturnSizes (151 bytes)
Event: 4.343 Thread 0x00000291e399d800 nmethod 1959 0x00000291cd985010 code [0x00000291cd985380, 0x00000291cd986bf8]
Event: 4.343 Thread 0x00000291e399d800 1962       3       java.lang.invoke.InvokerBytecodeGenerator::emitStaticInvoke (258 bytes)
Event: 4.347 Thread 0x00000291e399d800 nmethod 1962 0x00000291cd987490 code [0x00000291cd9877a0, 0x00000291cd9885e8]
Event: 4.347 Thread 0x00000291e399d800 1960       3       jdk.internal.org.objectweb.asm.Type::getDescriptor (18 bytes)
Event: 4.348 Thread 0x00000291e399d800 nmethod 1960 0x00000291cd988b90 code [0x00000291cd988dc0, 0x00000291cd9893f8]
Event: 4.348 Thread 0x00000291e399d800 1963       3       java.lang.invoke.InvokerBytecodeGenerator::refKindOpcode (112 bytes)
Event: 4.349 Thread 0x00000291e399d800 nmethod 1963 0x00000291cd989610 code [0x00000291cd989880, 0x00000291cd98a298]
Event: 4.350 Thread 0x00000291e3988800 nmethod 1955 0x00000291d4b84690 code [0x00000291d4b848a0, 0x00000291d4b857f0]
Event: 4.356 Thread 0x00000291e399d800 1964       3       java.lang.Package$VersionInfo::<init> (44 bytes)
Event: 4.357 Thread 0x00000291e399d800 nmethod 1964 0x00000291cd98a590 code [0x00000291cd98a760, 0x00000291cd98ab58]
Event: 4.365 Thread 0x00000291e3988800 1965       4       java.util.LinkedHashMap::get (33 bytes)
Event: 4.370 Thread 0x00000291e3988800 nmethod 1965 0x00000291d4b85f90 code [0x00000291d4b86140, 0x00000291d4b863d8]
Event: 4.370 Thread 0x00000291e3988800 1966       4       java.lang.ClassNotFoundException::<init> (7 bytes)
Event: 4.380 Thread 0x00000291e3988800 nmethod 1966 0x00000291d4b86610 code [0x00000291d4b867c0, 0x00000291d4b86f08]
Event: 4.380 Thread 0x00000291e3988800 1967   !   4       java.lang.ClassLoader::loadClass (122 bytes)

GC Heap History (15 events):
Event: 1.332 GC heap before
{Heap before GC invocations=0 (full 0):
 garbage-first heap   total 49152K, used 27648K [0x0000000080000000, 0x0000000100000000)
  region size 1024K, 22 young (22528K), 0 survivors (0K)
 Metaspace       used 9849K, capacity 10140K, committed 10368K, reserved 1058816K
  class space    used 981K, capacity 1041K, committed 1152K, reserved 1048576K
}
Event: 1.341 GC heap after
{Heap after GC invocations=1 (full 0):
 garbage-first heap   total 49152K, used 9064K [0x0000000080000000, 0x0000000100000000)
  region size 1024K, 3 young (3072K), 3 survivors (3072K)
 Metaspace       used 9849K, capacity 10140K, committed 10368K, reserved 1058816K
  class space    used 981K, capacity 1041K, committed 1152K, reserved 1048576K
}
Event: 1.922 GC heap before
{Heap before GC invocations=1 (full 0):
 garbage-first heap   total 49152K, used 27496K [0x0000000080000000, 0x0000000100000000)
  region size 1024K, 21 young (21504K), 3 survivors (3072K)
 Metaspace       used 11203K, capacity 11452K, committed 11520K, reserved 1058816K
  class space    used 1153K, capacity 1244K, committed 1280K, reserved 1048576K
}
Event: 1.929 GC heap after
{Heap after GC invocations=2 (full 0):
 garbage-first heap   total 49152K, used 10020K [0x0000000080000000, 0x0000000100000000)
  region size 1024K, 1 young (1024K), 1 survivors (1024K)
 Metaspace       used 11203K, capacity 11452K, committed 11520K, reserved 1058816K
  class space    used 1153K, capacity 1244K, committed 1280K, reserved 1048576K
}
Event: 2.329 GC heap before
{Heap before GC invocations=2 (full 0):
 garbage-first heap   total 49152K, used 28452K [0x0000000080000000, 0x0000000100000000)
  region size 1024K, 19 young (19456K), 1 survivors (1024K)
 Metaspace       used 11330K, capacity 11644K, committed 11776K, reserved 1060864K
  class space    used 1157K, capacity 1244K, committed 1280K, reserved 1048576K
}
Event: 2.336 GC heap after
{Heap after GC invocations=3 (full 0):
 garbage-first heap   total 49152K, used 13916K [0x0000000080000000, 0x0000000100000000)
  region size 1024K, 3 young (3072K), 3 survivors (3072K)
 Metaspace       used 11330K, capacity 11644K, committed 11776K, reserved 1060864K
  class space    used 1157K, capacity 1244K, committed 1280K, reserved 1048576K
}
Event: 2.803 GC heap before
{Heap before GC invocations=3 (full 0):
 garbage-first heap   total 49152K, used 31324K [0x0000000080000000, 0x0000000100000000)
  region size 1024K, 20 young (20480K), 3 survivors (3072K)
 Metaspace       used 14332K, capacity 14693K, committed 14848K, reserved 1062912K
  class space    used 1582K, capacity 1686K, committed 1792K, reserved 1048576K
}
Event: 2.808 GC heap after
{Heap after GC invocations=4 (full 0):
 garbage-first heap   total 49152K, used 15483K [0x0000000080000000, 0x0000000100000000)
  region size 1024K, 2 young (2048K), 2 survivors (2048K)
 Metaspace       used 14332K, capacity 14693K, committed 14848K, reserved 1062912K
  class space    used 1582K, capacity 1686K, committed 1792K, reserved 1048576K
}
Event: 3.621 GC heap before
{Heap before GC invocations=4 (full 0):
 garbage-first heap   total 49152K, used 32891K [0x0000000080000000, 0x0000000100000000)
  region size 1024K, 19 young (19456K), 2 survivors (2048K)
 Metaspace       used 17946K, capacity 18335K, committed 18432K, reserved 1064960K
  class space    used 2099K, capacity 2244K, committed 2304K, reserved 1048576K
}
Event: 3.626 GC heap after
{Heap after GC invocations=5 (full 0):
 garbage-first heap   total 49152K, used 16654K [0x0000000080000000, 0x0000000100000000)
  region size 1024K, 3 young (3072K), 3 survivors (3072K)
 Metaspace       used 17946K, capacity 18335K, committed 18432K, reserved 1064960K
  class space    used 2099K, capacity 2244K, committed 2304K, reserved 1048576K
}
Event: 3.964 GC heap before
{Heap before GC invocations=5 (full 0):
 garbage-first heap   total 49152K, used 34062K [0x0000000080000000, 0x0000000100000000)
  region size 1024K, 20 young (20480K), 3 survivors (3072K)
 Metaspace       used 20318K, capacity 20699K, committed 20864K, reserved 1067008K
  class space    used 2445K, capacity 2586K, committed 2688K, reserved 1048576K
}
Event: 3.969 GC heap after
{Heap after GC invocations=6 (full 0):
 garbage-first heap   total 49152K, used 17164K [0x0000000080000000, 0x0000000100000000)
  region size 1024K, 2 young (2048K), 2 survivors (2048K)
 Metaspace       used 20318K, capacity 20699K, committed 20864K, reserved 1067008K
  class space    used 2445K, capacity 2586K, committed 2688K, reserved 1048576K
}
Event: 4.106 GC heap before
{Heap before GC invocations=6 (full 0):
 garbage-first heap   total 49152K, used 22284K [0x0000000080000000, 0x0000000100000000)
  region size 1024K, 9 young (9216K), 2 survivors (2048K)
 Metaspace       used 20766K, capacity 21191K, committed 21296K, reserved 1069056K
  class space    used 2523K, capacity 2685K, committed 2688K, reserved 1048576K
}
Event: 4.112 GC heap after
{Heap after GC invocations=7 (full 0):
 garbage-first heap   total 49152K, used 17492K [0x0000000080000000, 0x0000000100000000)
  region size 1024K, 1 young (1024K), 1 survivors (1024K)
 Metaspace       used 20766K, capacity 21191K, committed 21296K, reserved 1069056K
  class space    used 2523K, capacity 2685K, committed 2688K, reserved 1048576K
}
Event: 4.394 GC heap before
{Heap before GC invocations=8 (full 0):
 garbage-first heap   total 49152K, used 32852K [0x0000000080000000, 0x0000000100000000)
  region size 1024K, 16 young (16384K), 1 survivors (1024K)
 Metaspace       used 22409K, capacity 22950K, committed 23164K, reserved 1069056K
  class space    used 2805K, capacity 3001K, committed 3020K, reserved 1048576K
}

Deoptimization events (20 events):
Event: 3.827 Thread 0x00000291e506e800 DEOPT PACKING pc=0x00000291d4b215f4 sp=0x000000e4e75fbf00
Event: 3.827 Thread 0x00000291e506e800 DEOPT UNPACKING pc=0x00000291cd02a1a9 sp=0x000000e4e75fbe98 mode 2
Event: 3.829 Thread 0x00000291e506e800 Uncommon trap: trap_request=0xffffff4d fr.pc=0x00000291d4b1d0e0 relative=0x00000000000005a0
Event: 3.829 Thread 0x00000291e506e800 Uncommon trap: reason=unstable_if action=reinterpret pc=0x00000291d4b1d0e0 method=java.io.File.getName()Ljava/lang/String; @ 16 c2
Event: 3.829 Thread 0x00000291e506e800 DEOPT PACKING pc=0x00000291d4b1d0e0 sp=0x000000e4e75fca10
Event: 3.829 Thread 0x00000291e506e800 DEOPT UNPACKING pc=0x00000291cd02a1a9 sp=0x000000e4e75fc9e0 mode 2
Event: 3.829 Thread 0x00000291e506e800 Uncommon trap: trap_request=0xffffff4d fr.pc=0x00000291d4b18e30 relative=0x00000000000004f0
Event: 3.829 Thread 0x00000291e506e800 Uncommon trap: reason=unstable_if action=reinterpret pc=0x00000291d4b18e30 method=java.lang.String.substring(I)Ljava/lang/String; @ 34 c2
Event: 3.829 Thread 0x00000291e506e800 DEOPT PACKING pc=0x00000291d4b18e30 sp=0x000000e4e75fc990
Event: 3.829 Thread 0x00000291e506e800 DEOPT UNPACKING pc=0x00000291cd02a1a9 sp=0x000000e4e75fc968 mode 2
Event: 3.957 Thread 0x00000291e506e800 Uncommon trap: trap_request=0xffffffcc fr.pc=0x00000291d4b74210 relative=0x0000000000000350
Event: 3.957 Thread 0x00000291e506e800 Uncommon trap: reason=intrinsic_or_type_checked_inlining action=make_not_entrant pc=0x00000291d4b74210 method=java.util.Arrays.copyOf([Ljava/lang/Object;ILjava/lang/Class;)[Ljava/lang/Object; @ 35 c2
Event: 3.957 Thread 0x00000291e506e800 DEOPT PACKING pc=0x00000291d4b74210 sp=0x000000e4e75fd310
Event: 3.957 Thread 0x00000291e506e800 DEOPT UNPACKING pc=0x00000291cd02a1a9 sp=0x000000e4e75fd2b8 mode 2
Event: 4.060 Thread 0x00000291e506e800 DEOPT PACKING pc=0x00000291cd882de0 sp=0x000000e4e75fa830
Event: 4.060 Thread 0x00000291e506e800 DEOPT UNPACKING pc=0x00000291cd02a93f sp=0x000000e4e75f9d98 mode 0
Event: 4.247 Thread 0x00000291e506e800 Uncommon trap: trap_request=0xffffff4d fr.pc=0x00000291d4b6f7b0 relative=0x00000000000003b0
Event: 4.247 Thread 0x00000291e506e800 Uncommon trap: reason=unstable_if action=reinterpret pc=0x00000291d4b6f7b0 method=jdk.internal.org.objectweb.asm.Type.getArgumentsAndReturnSizes(Ljava/lang/String;)I @ 88 c2
Event: 4.247 Thread 0x00000291e506e800 DEOPT PACKING pc=0x00000291d4b6f7b0 sp=0x000000e4e75f9500
Event: 4.248 Thread 0x00000291e506e800 DEOPT UNPACKING pc=0x00000291cd02a1a9 sp=0x000000e4e75f9488 mode 2

Classes redefined (0 events):
No events

Internal exceptions (20 events):
Event: 1.109 Thread 0x00000291c94af000 Exception <a 'java/lang/NoSuchMethodError'{0x0000000081ddca10}: 'java.lang.Object java.lang.invoke.Invokers$Holder.invoker(java.lang.Object, java.lang.Object, java.lang.Object)'> (0x0000000081ddca10) thrown at [src/hotspot/share/interpreter/linkResolver.cpp, line 773]
Event: 1.116 Thread 0x00000291c94af000 Exception <a 'java/lang/NoSuchMethodError'{0x0000000081dedcd0}: 'void java.lang.invoke.DelegatingMethodHandle$Holder.delegate(java.lang.Object, java.lang.Object, int, java.lang.Object)'> (0x0000000081dedcd0) thrown at [src/hotspot/share/interpreter/linkResolver.cpp, line 773]
Event: 2.270 Thread 0x00000291c94af000 Exception <a 'java/security/PrivilegedActionException'{0x0000000082103648}> (0x0000000082103648) thrown at [src/hotspot/share/prims/jvm.cpp, line 1306]
Event: 2.271 Thread 0x00000291c94af000 Exception <a 'java/security/PrivilegedActionException'{0x0000000082103bc0}> (0x0000000082103bc0) thrown at [src/hotspot/share/prims/jvm.cpp, line 1306]
Event: 2.643 Thread 0x00000291c94af000 Exception <a 'java/lang/NoSuchMethodError'{0x000000008220b6e0}: 'java.lang.Object java.lang.invoke.DirectMethodHandle$Holder.invokeStaticInit(java.lang.Object, java.lang.Object, java.lang.Object)'> (0x000000008220b6e0) thrown at [src/hotspot/share/interpreter/linkResolver.cpp, line 773]
Event: 2.901 Thread 0x00000291c94af000 Exception <a 'java/lang/NoSuchMethodError'{0x0000000082d530d8}: 'java.lang.Object java.lang.invoke.DirectMethodHandle$Holder.invokeStaticInit(java.lang.Object, int, int, int, int)'> (0x0000000082d530d8) thrown at [src/hotspot/share/interpreter/linkResolver.cpp, line 773]
Event: 3.050 Thread 0x00000291c94af000 Exception <a 'java/lang/NoSuchMethodError'{0x0000000082d835a8}: 'java.lang.Object java.lang.invoke.DirectMethodHandle$Holder.invokeStaticInit(java.lang.Object, java.lang.Object, int, int, int, int)'> (0x0000000082d835a8) thrown at [src/hotspot/share/interpreter/linkResolver.cpp, line 773]
Event: 3.266 Thread 0x00000291c94af000 Exception <a 'java/io/IOException'{0x0000000082b73298}> (0x0000000082b73298) thrown at [src/hotspot/share/prims/jni.cpp, line 617]
Event: 3.467 Thread 0x00000291e506e800 Exception <a 'java/lang/NoSuchMethodError'{0x00000000826614e0}: 'long java.lang.invoke.DirectMethodHandle$Holder.invokeInterface(java.lang.Object, java.lang.Object)'> (0x00000000826614e0) thrown at [src/hotspot/share/interpreter/linkResolver.cpp, line 773]
Event: 3.469 Thread 0x00000291e506e800 Exception <a 'java/lang/NoSuchMethodError'{0x000000008266e580}: 'void java.lang.invoke.DelegatingMethodHandle$Holder.reinvoke_L(java.lang.Object, java.lang.Object, java.lang.Object, java.lang.Object, java.lang.Object, java.lang.Object, java.lang.Object)'> (0x000000008266e580) thrown at [src/hotspot/share/interpreter/linkResolver.cpp, line 773]
Event: 3.632 Thread 0x00000291e506e800 Exception <a 'java/lang/NoSuchMethodError'{0x0000000082f58e20}: 'void java.lang.invoke.DirectMethodHandle$Holder.invokeStaticInit(java.lang.Object)'> (0x0000000082f58e20) thrown at [src/hotspot/share/interpreter/linkResolver.cpp, line 773]
Event: 3.653 Thread 0x00000291e506e800 Exception <a 'java/lang/NoSuchMethodError'{0x0000000082e14820}: 'java.lang.Object java.lang.invoke.DirectMethodHandle$Holder.invokeStatic(java.lang.Object, java.lang.Object, java.lang.Object, int)'> (0x0000000082e14820) thrown at [src/hotspot/share/interpreter/linkResolver.cpp, line 773]
Event: 3.654 Thread 0x00000291e506e800 Exception <a 'java/lang/NoSuchMethodError'{0x0000000082e189e8}: 'java.lang.Object java.lang.invoke.DirectMethodHandle$Holder.invokeSpecial(java.lang.Object, java.lang.Object, java.lang.Object, java.lang.Object, int)'> (0x0000000082e189e8) thrown at [src/hotspot/share/interpreter/linkResolver.cpp, line 773]
Event: 3.654 Thread 0x00000291e506e800 Exception <a 'java/lang/NoSuchMethodError'{0x0000000082e1c3d0}: 'java.lang.Object java.lang.invoke.Invokers$Holder.linkToTargetMethod(java.lang.Object, java.lang.Object, int, java.lang.Object)'> (0x0000000082e1c3d0) thrown at [src/hotspot/share/interpreter/linkResolver.cpp, line 773]
Event: 3.865 Thread 0x00000291e506e800 Exception <a 'java/lang/NoSuchMethodError'{0x00000000826f8248}: 'java.lang.Object java.lang.invoke.Invokers$Holder.linkToTargetMethod(java.lang.Object, java.lang.Object, java.lang.Object, java.lang.Object, java.lang.Object, java.lang.Object)'> (0x00000000826f8248) thrown at [src/hotspot/share/interpreter/linkResolver.cpp, line 773]
Event: 4.160 Thread 0x00000291e506e800 Exception <a 'java/lang/NoSuchMethodError'{0x0000000082e1ae28}: 'int java.lang.invoke.DirectMethodHandle$Holder.invokeSpecialIFC(java.lang.Object, java.lang.Object, java.lang.Object, java.lang.Object)'> (0x0000000082e1ae28) thrown at [src/hotspot/share/interpreter/linkResolver.cpp, line 773]
Event: 4.164 Thread 0x00000291e506e800 Exception <a 'java/lang/NoSuchMethodError'{0x0000000082e28de0}: 'java.lang.Object java.lang.invoke.DirectMethodHandle$Holder.invokeInterface(java.lang.Object, java.lang.Object, java.lang.Object)'> (0x0000000082e28de0) thrown at [src/hotspot/share/interpreter/linkResolver.cpp, line 773]
Event: 4.164 Thread 0x00000291e506e800 Exception <a 'java/lang/IncompatibleClassChangeError'{0x0000000082e2c2b8}: Found class java.lang.Object, but interface was expected> (0x0000000082e2c2b8) thrown at [src/hotspot/share/interpreter/linkResolver.cpp, line 839]
Event: 4.306 Thread 0x00000291e506e800 Exception <a 'java/lang/NoSuchMethodError'{0x000000008266fba8}: 'void java.lang.invoke.DirectMethodHandle$Holder.invokeSpecial(java.lang.Object, java.lang.Object, java.lang.Object, java.lang.Object, java.lang.Object)'> (0x000000008266fba8) thrown at [src/hotspot/share/interpreter/linkResolver.cpp, line 773]
Event: 4.340 Thread 0x00000291e506e800 Exception <a 'java/lang/NoSuchMethodError'{0x0000000082491520}: 'java.lang.Object java.lang.invoke.DirectMethodHandle$Holder.invokeSpecial(java.lang.Object, java.lang.Object, java.lang.Object, java.lang.Object, java.lang.Object, java.lang.Object, java.lang.Object, java.lang.Object, java.lang.Object)'> (0x0000000082491520) thrown at [src/hotspot/share/interpreter/linkResolver.cpp, line 773]

Events (20 events):
Event: 4.387 loading class org/gradle/internal/resource/cached/DefaultCachedExternalResourceIndex done
Event: 4.387 loading class org/gradle/internal/resource/cached/AbstractCachedIndex
Event: 4.387 loading class org/gradle/internal/resource/cached/AbstractCachedIndex done
Event: 4.388 loading class org/gradle/api/internal/artifacts/ivyservice/ivyresolve/verification/DependencyVerificationOverride
Event: 4.388 loading class org/gradle/api/internal/artifacts/ivyservice/ivyresolve/verification/DependencyVerificationOverride done
Event: 4.389 loading class org/gradle/api/internal/runtimeshaded/RuntimeShadedJarFactory
Event: 4.389 loading class org/gradle/api/internal/runtimeshaded/RuntimeShadedJarFactory done
Event: 4.390 loading class org/gradle/api/internal/artifacts/ivyservice/resolveengine/excludes/ModuleExclusions
Event: 4.390 loading class org/gradle/api/internal/artifacts/ivyservice/resolveengine/excludes/ModuleExclusions done
Event: 4.391 loading class org/gradle/internal/resource/TextUriResourceLoader$Factory
Event: 4.391 loading class org/gradle/internal/resource/TextUriResourceLoader$Factory done
Event: 4.391 loading class org/gradle/api/internal/artifacts/ivyservice/ivyresolve/strategy/VersionParser
Event: 4.391 loading class org/gradle/api/internal/artifacts/ivyservice/ivyresolve/strategy/VersionParser done
Event: 4.392 loading class org/gradle/api/internal/artifacts/ivyservice/ivyresolve/ResolveIvyFactory
Event: 4.392 loading class org/gradle/api/internal/artifacts/ivyservice/ivyresolve/ResolveIvyFactory done
Event: 4.393 loading class org/gradle/api/internal/artifacts/ivyservice/projectmodule/ProjectDependencyResolver
Event: 4.393 loading class org/gradle/api/internal/artifacts/ivyservice/projectmodule/ProjectDependencyResolver done
Event: 4.394 loading class org/gradle/internal/resolve/resolver/ComponentMetaDataResolver
Event: 4.394 loading class org/gradle/internal/resolve/resolver/ComponentMetaDataResolver done
Event: 4.394 Executing VM operation: G1CollectForAllocation


Dynamic libraries:
0x00007ff788830000 - 0x00007ff78883a000 	C:\Program Files\Android\Android Studio\jbr\bin\java.exe
0x00007ffc00a50000 - 0x00007ffc00c48000 	C:\Windows\SYSTEM32\ntdll.dll
0x00007ffbfecf0000 - 0x00007ffbfedaf000 	C:\Windows\System32\KERNEL32.DLL
0x00007ffbfe4e0000 - 0x00007ffbfe7b2000 	C:\Windows\System32\KERNELBASE.dll
0x00007ffbfe2e0000 - 0x00007ffbfe3e0000 	C:\Windows\System32\ucrtbase.dll
0x00007ffbe5690000 - 0x00007ffbe56a7000 	C:\Program Files\Android\Android Studio\jbr\bin\jli.dll
0x00007ffbfff80000 - 0x00007ffc00121000 	C:\Windows\System32\USER32.dll
0x00007ffbfe9e0000 - 0x00007ffbfea02000 	C:\Windows\System32\win32u.dll
0x00007ffbf6b40000 - 0x00007ffbf6dda000 	C:\Windows\WinSxS\amd64_microsoft.windows.common-controls_6595b64144ccf1df_6.0.19041.1110_none_60b5254171f9507e\COMCTL32.dll
0x00007ffbfecc0000 - 0x00007ffbfeceb000 	C:\Windows\System32\GDI32.dll
0x00007ffc00970000 - 0x00007ffc00a0e000 	C:\Windows\System32\msvcrt.dll
0x00007ffbfe8d0000 - 0x00007ffbfe9df000 	C:\Windows\System32\gdi32full.dll
0x00007ffbfe7c0000 - 0x00007ffbfe85d000 	C:\Windows\System32\msvcp_win.dll
0x00007ffbe4b10000 - 0x00007ffbe4b2b000 	C:\Program Files\Android\Android Studio\jbr\bin\VCRUNTIME140.dll
0x00007ffbfeaa0000 - 0x00007ffbfead0000 	C:\Windows\System32\IMM32.DLL
0x00007ffbdc650000 - 0x00007ffbdc6dd000 	C:\Program Files\Android\Android Studio\jbr\bin\msvcp140.dll
0x00007ffbf73f0000 - 0x00007ffbf73fc000 	C:\Windows\SYSTEM32\VCRUNTIME140_1.dll
0x00007ffbd68e0000 - 0x00007ffbd749c000 	C:\Program Files\Android\Android Studio\jbr\bin\server\jvm.dll
0x00007ffbfeb80000 - 0x00007ffbfec2e000 	C:\Windows\System32\ADVAPI32.dll
0x00007ffbffc50000 - 0x00007ffbffcec000 	C:\Windows\System32\sechost.dll
0x00007ffbffb20000 - 0x00007ffbffc44000 	C:\Windows\System32\RPCRT4.dll
0x00007ffbff3a0000 - 0x00007ffbff3a8000 	C:\Windows\System32\PSAPI.DLL
0x00007ffbf9df0000 - 0x00007ffbf9df9000 	C:\Windows\SYSTEM32\WSOCK32.dll
0x00007ffbf7220000 - 0x00007ffbf7247000 	C:\Windows\SYSTEM32\WINMM.dll
0x00007ffbf7250000 - 0x00007ffbf725a000 	C:\Windows\SYSTEM32\VERSION.dll
0x00007ffc007d0000 - 0x00007ffc0083b000 	C:\Windows\System32\WS2_32.dll
0x00007ffbfc010000 - 0x00007ffbfc022000 	C:\Windows\SYSTEM32\kernel.appcore.dll
0x00007ffbf7260000 - 0x00007ffbf7270000 	C:\Program Files\Android\Android Studio\jbr\bin\verify.dll
0x00007ffbecb90000 - 0x00007ffbecd74000 	C:\Windows\SYSTEM32\DBGHELP.DLL
0x00007ffbec690000 - 0x00007ffbec6c5000 	C:\Windows\SYSTEM32\dbgcore.DLL
0x00007ffbfea10000 - 0x00007ffbfea92000 	C:\Windows\System32\bcryptPrimitives.dll
0x00007ffbee650000 - 0x00007ffbee678000 	C:\Program Files\Android\Android Studio\jbr\bin\java.dll
0x00007ffbee6c0000 - 0x00007ffbee6ca000 	C:\Program Files\Android\Android Studio\jbr\bin\jimage.dll
0x00007ffbee630000 - 0x00007ffbee648000 	C:\Program Files\Android\Android Studio\jbr\bin\zip.dll
0x00007ffbff3d0000 - 0x00007ffbffb15000 	C:\Windows\System32\SHELL32.dll
0x00007ffbfc210000 - 0x00007ffbfc9a2000 	C:\Windows\SYSTEM32\windows.storage.dll
0x00007ffbfee60000 - 0x00007ffbff1b5000 	C:\Windows\System32\combase.dll
0x00007ffbfdbb0000 - 0x00007ffbfdbe0000 	C:\Windows\SYSTEM32\Wldp.dll
0x00007ffbfead0000 - 0x00007ffbfeb7d000 	C:\Windows\System32\SHCORE.dll
0x00007ffbff1c0000 - 0x00007ffbff215000 	C:\Windows\System32\shlwapi.dll
0x00007ffbfe090000 - 0x00007ffbfe0af000 	C:\Windows\SYSTEM32\profapi.dll
0x00007ffbee5d0000 - 0x00007ffbee5e9000 	C:\Program Files\Android\Android Studio\jbr\bin\net.dll
0x00007ffbf5a10000 - 0x00007ffbf5b1a000 	C:\Windows\SYSTEM32\WINHTTP.dll
0x00007ffbfd8a0000 - 0x00007ffbfd90a000 	C:\Windows\system32\mswsock.dll
0x00007ffbe8e70000 - 0x00007ffbe8e83000 	C:\Program Files\Android\Android Studio\jbr\bin\nio.dll
0x00007ffbe8c40000 - 0x00007ffbe8c67000 	C:\Users\pk\.gradle\native\e1d6ef7f7dcc3fd88c89a11ec53ec762bb8ba0a96d01ffa2cd45eb1d1d8dd5c5\windows-amd64\native-platform.dll
0x00007ffbd5830000 - 0x00007ffbd5974000 	C:\Users\pk\.gradle\native\0d407fdbe67a94daf76414ababcb853783967236a71b16ec16e742cd7a986fd3\windows-amd64\native-platform-file-events.dll
0x00007ffbee5c0000 - 0x00007ffbee5ca000 	C:\Program Files\Android\Android Studio\jbr\bin\management.dll
0x00007ffbee120000 - 0x00007ffbee12b000 	C:\Program Files\Android\Android Studio\jbr\bin\management_ext.dll
0x00007ffbfdb00000 - 0x00007ffbfdb18000 	C:\Windows\SYSTEM32\CRYPTSP.dll
0x00007ffbfd150000 - 0x00007ffbfd184000 	C:\Windows\system32\rsaenh.dll
0x00007ffbfe2b0000 - 0x00007ffbfe2d7000 	C:\Windows\System32\bcrypt.dll
0x00007ffbfe050000 - 0x00007ffbfe07e000 	C:\Windows\SYSTEM32\USERENV.dll
0x00007ffbfdb20000 - 0x00007ffbfdb2c000 	C:\Windows\SYSTEM32\CRYPTBASE.dll
0x00007ffbfd590000 - 0x00007ffbfd5cb000 	C:\Windows\SYSTEM32\IPHLPAPI.DLL
0x00007ffbfff70000 - 0x00007ffbfff78000 	C:\Windows\System32\NSI.dll
0x00007ffbf6310000 - 0x00007ffbf6327000 	C:\Windows\SYSTEM32\dhcpcsvc6.DLL
0x00007ffbf70d0000 - 0x00007ffbf70ed000 	C:\Windows\SYSTEM32\dhcpcsvc.DLL
0x00007ffbfd5d0000 - 0x00007ffbfd69b000 	C:\Windows\SYSTEM32\DNSAPI.dll

dbghelp: loaded successfully - version: 4.0.5 - missing functions: none
symbol engine: initialized successfully - sym options: 0x614 - pdb path: .;C:\Program Files\Android\Android Studio\jbr\bin;C:\Windows\SYSTEM32;C:\Windows\WinSxS\amd64_microsoft.windows.common-controls_6595b64144ccf1df_6.0.19041.1110_none_60b5254171f9507e;C:\Program Files\Android\Android Studio\jbr\bin\server;C:\Users\pk\.gradle\native\e1d6ef7f7dcc3fd88c89a11ec53ec762bb8ba0a96d01ffa2cd45eb1d1d8dd5c5\windows-amd64;C:\Users\pk\.gradle\native\0d407fdbe67a94daf76414ababcb853783967236a71b16ec16e742cd7a986fd3\windows-amd64

VM Arguments:
jvm_args: --add-opens=java.base/java.util=ALL-UNNAMED --add-opens=java.base/java.lang=ALL-UNNAMED --add-opens=java.base/java.lang.invoke=ALL-UNNAMED --add-opens=java.base/java.util=ALL-UNNAMED --add-opens=java.prefs/java.util.prefs=ALL-UNNAMED --add-opens=java.prefs/java.util.prefs=ALL-UNNAMED --add-opens=java.base/java.nio.charset=ALL-UNNAMED --add-opens=java.base/java.net=ALL-UNNAMED --add-opens=java.base/java.util.concurrent.atomic=ALL-UNNAMED -Xmx2048m -Dfile.encoding=UTF-8 -Duser.country=RU -Duser.language=ru -Duser.variant 
java_command: org.gradle.launcher.daemon.bootstrap.GradleDaemon 7.5
java_class_path (initial): C:\Users\pk\.gradle\wrapper\dists\gradle-7.5-bin\f1w0cc9nuo0eivz97x2xlu9sv\gradle-7.5\lib\gradle-launcher-7.5.jar
Launcher Type: SUN_STANDARD

[Global flags]
     intx CICompilerCount                          = 4                                         {product} {ergonomic}
     uint ConcGCThreads                            = 2                                         {product} {ergonomic}
     uint G1ConcRefinementThreads                  = 8                                         {product} {ergonomic}
   size_t G1HeapRegionSize                         = 1048576                                   {product} {ergonomic}
    uintx GCDrainStackTargetSize                   = 64                                        {product} {ergonomic}
   size_t InitialHeapSize                          = 50331648                                  {product} {ergonomic}
   size_t MarkStackSize                            = 4194304                                   {product} {ergonomic}
   size_t MaxHeapSize                              = 2147483648                                {product} {command line}
   size_t MaxNewSize                               = 1287651328                                {product} {ergonomic}
   size_t MinHeapDeltaBytes                        = 1048576                                   {product} {ergonomic}
    uintx NonNMethodCodeHeapSize                   = 5836300                                {pd product} {ergonomic}
    uintx NonProfiledCodeHeapSize                  = 122910970                              {pd product} {ergonomic}
    uintx ProfiledCodeHeapSize                     = 122910970                              {pd product} {ergonomic}
    uintx ReservedCodeCacheSize                    = 251658240                              {pd product} {ergonomic}
     bool SegmentedCodeCache                       = true                                      {product} {ergonomic}
     bool UseCompressedClassPointers               = true                                 {lp64_product} {ergonomic}
     bool UseCompressedOops                        = true                                 {lp64_product} {ergonomic}
     bool UseG1GC                                  = true                                      {product} {ergonomic}
     bool UseLargePagesIndividualAllocation        = false                                  {pd product} {ergonomic}

Logging:
Log output configuration:
 #0: stdout all=warning uptime,level,tags
 #1: stderr all=off uptime,level,tags

Environment Variables:
PATH=C:\Windows\system32;C:\Windows;C:\Windows\System32\Wbem;C:\Windows\System32\WindowsPowerShell\v1.0\;C:\Windows\System32\OpenSSH\;C:\Program Files\Git\cmd;C:\Users\pk\AppData\Local\Microsoft\WindowsApps;
USERNAME=pk
OS=Windows_NT
PROCESSOR_IDENTIFIER=Intel64 Family 6 Model 30 Stepping 5, GenuineIntel



---------------  S Y S T E M  ---------------

OS: Windows 10 , 64 bit Build 19041 (10.0.19041.2546)
OS uptime: 0 days 0:57 hours

CPU:total 8 (initial active 8) (4 cores per cpu, 2 threads per core) family 6 model 30 stepping 5 microcode 0xa, cmov, cx8, fxsr, mmx, sse, sse2, sse3, ssse3, sse4.1, sse4.2, popcnt, ht, tsc, tscinvbit

Memory: 4k page, system-wide physical 3060M (224M free)
TotalPageFile size 4511M (AvailPageFile size 7M)
current process WorkingSet (physical memory assigned to process): 129M, peak: 129M
current process commit charge ("private bytes"): 173M, peak: 183M

vm_info: OpenJDK 64-Bit Server VM (11.0.15+0-b2043.56-8887301) for windows-amd64 JRE (11.0.15+0-b2043.56-8887301), built on Jul 29 2022 23:19:47 by "builduser" with unknown MS VC++:1929

END.
