#
# There is insufficient memory for the Java Runtime Environment to continue.
# Native memory allocation (malloc) failed to allocate 1051296 bytes for Chunk::new
# Possible reasons:
#   The system is out of physical RAM or swap space
#   The process is running with CompressedOops enabled, and the Java Heap may be blocking the growth of the native heap
# Possible solutions:
#   Reduce memory load on the system
#   Increase physical memory or swap space
#   Check if swap backing store is full
#   Decrease Java heap size (-Xmx/-Xms)
#   Decrease number of Java threads
#   Decrease Java thread stack sizes (-Xss)
#   Set larger code cache with -XX:ReservedCodeCacheSize=
#   JVM is running with Unscaled Compressed Oops mode in which the Java heap is
#     placed in the first 4GB address space. The Java Heap base address is the
#     maximum limit for the native heap growth. Please use -XX:HeapBaseMinAddress
#     to set the Java Heap base and to place the Java Heap above 4GB virtual address.
# This output file may be truncated or incomplete.
#
#  Out of Memory Error (src/hotspot/share/memory/arena.cpp:197), pid=6360, tid=8788
#
# JRE version: OpenJDK Runtime Environment (11.0.15) (build 11.0.15+0-b2043.56-8887301)
# Java VM: OpenJDK 64-Bit Server VM (11.0.15+0-b2043.56-8887301, mixed mode, tiered, compressed oops, g1 gc, windows-amd64)
# No core dump will be written. Minidumps are not enabled by default on client versions of Windows
#

---------------  S U M M A R Y ------------

Command Line: --add-opens=java.base/java.util=ALL-UNNAMED --add-opens=java.base/java.lang=ALL-UNNAMED --add-opens=java.base/java.lang.invoke=ALL-UNNAMED --add-opens=java.base/java.util=ALL-UNNAMED --add-opens=java.prefs/java.util.prefs=ALL-UNNAMED --add-opens=java.prefs/java.util.prefs=ALL-UNNAMED --add-opens=java.base/java.nio.charset=ALL-UNNAMED --add-opens=java.base/java.net=ALL-UNNAMED --add-opens=java.base/java.util.concurrent.atomic=ALL-UNNAMED -Xmx2048m -Dfile.encoding=UTF-8 -Duser.country=RU -Duser.language=ru -Duser.variant org.gradle.launcher.daemon.bootstrap.GradleDaemon 7.5

Host: Intel(R) Core(TM) i7 CPU       Q 740  @ 1.73GHz, 8 cores, 2G,  Windows 10 , 64 bit Build 19041 (10.0.19041.2546)
Time: Tue Mar 28 19:30:23 2023  Windows 10 , 64 bit Build 19041 (10.0.19041.2546) elapsed time: 14.347325 seconds (0d 0h 0m 14s)

---------------  T H R E A D  ---------------

Current thread (0x000001e7acef0000):  JavaThread "C2 CompilerThread0" daemon [_thread_in_native, id=8788, stack(0x000000964ea00000,0x000000964eb00000)]


Current CompileTask:
C2:  14347 4058       4       java.lang.invoke.LambdaForm$Name::replaceNames (174 bytes)

Stack: [0x000000964ea00000,0x000000964eb00000]
Native frames: (J=compiled Java code, j=interpreted, Vv=VM code, C=native code)
V  [jvm.dll+0x64135a]
V  [jvm.dll+0x7d39f9]
V  [jvm.dll+0x7d51b9]
V  [jvm.dll+0x7d58a3]
V  [jvm.dll+0x2691c5]
V  [jvm.dll+0xc1a5c]
V  [jvm.dll+0xc200c]
V  [jvm.dll+0x2da2c2]
V  [jvm.dll+0x54cad9]
V  [jvm.dll+0x22a011]
V  [jvm.dll+0x223809]
V  [jvm.dll+0x220384]
V  [jvm.dll+0x19e851]
V  [jvm.dll+0x230479]
V  [jvm.dll+0x22e5ef]
V  [jvm.dll+0x794de1]
V  [jvm.dll+0x78dc24]
V  [jvm.dll+0x6400f6]
C  [ucrtbase.dll+0x21bb2]
C  [KERNEL32.DLL+0x17614]
C  [ntdll.dll+0x526a1]


---------------  P R O C E S S  ---------------

Threads class SMR info:
_java_thread_list=0x000001e7b38e4e00, length=38, elements={
0x000001e792990800, 0x000001e7ace7b000, 0x000001e7ace86800, 0x000001e7acedd000,
0x000001e7acee0800, 0x000001e7acee1800, 0x000001e7acef0000, 0x000001e7acef3000,
0x000001e7ad818800, 0x000001e7ad987800, 0x000001e7af166800, 0x000001e7af022800,
0x000001e7aeeba800, 0x000001e7af001800, 0x000001e7aeebb000, 0x000001e7af961000,
0x000001e7aef05000, 0x000001e7aef06000, 0x000001e7af94e800, 0x000001e7af94f800,
0x000001e7af908000, 0x000001e7af90b800, 0x000001e7af90c000, 0x000001e7af906800,
0x000001e7af909800, 0x000001e7af90a800, 0x000001e7af90d000, 0x000001e7af907000,
0x000001e7af909000, 0x000001e7ae798000, 0x000001e7ae798800, 0x000001e7ae79c800,
0x000001e7ae797000, 0x000001e7ae79f000, 0x000001e7ae799800, 0x000001e7ae79a000,
0x000001e7ae7a0000, 0x000001e7ae79b000
}

Java Threads: ( => current thread )
  0x000001e792990800 JavaThread "main" [_thread_blocked, id=8748, stack(0x000000964de00000,0x000000964df00000)]
  0x000001e7ace7b000 JavaThread "Reference Handler" daemon [_thread_blocked, id=8932, stack(0x000000964e500000,0x000000964e600000)]
  0x000001e7ace86800 JavaThread "Finalizer" daemon [_thread_blocked, id=8160, stack(0x000000964e600000,0x000000964e700000)]
  0x000001e7acedd000 JavaThread "Signal Dispatcher" daemon [_thread_blocked, id=9168, stack(0x000000964e700000,0x000000964e800000)]
  0x000001e7acee0800 JavaThread "Attach Listener" daemon [_thread_blocked, id=5196, stack(0x000000964e800000,0x000000964e900000)]
  0x000001e7acee1800 JavaThread "Service Thread" daemon [_thread_blocked, id=6312, stack(0x000000964e900000,0x000000964ea00000)]
=>0x000001e7acef0000 JavaThread "C2 CompilerThread0" daemon [_thread_in_native, id=8788, stack(0x000000964ea00000,0x000000964eb00000)]
  0x000001e7acef3000 JavaThread "C1 CompilerThread0" daemon [_thread_blocked, id=4508, stack(0x000000964eb00000,0x000000964ec00000)]
  0x000001e7ad818800 JavaThread "Sweeper thread" daemon [_thread_blocked, id=2464, stack(0x000000964ec00000,0x000000964ed00000)]
  0x000001e7ad987800 JavaThread "Common-Cleaner" daemon [_thread_blocked, id=9152, stack(0x000000964ed00000,0x000000964ee00000)]
  0x000001e7af166800 JavaThread "Daemon health stats" [_thread_blocked, id=3828, stack(0x000000964f000000,0x000000964f100000)]
  0x000001e7af022800 JavaThread "Incoming local TCP Connector on port 50688" [_thread_in_native, id=2384, stack(0x000000964f300000,0x000000964f400000)]
  0x000001e7aeeba800 JavaThread "Daemon periodic checks" [_thread_blocked, id=2396, stack(0x000000964f400000,0x000000964f500000)]
  0x000001e7af001800 JavaThread "Daemon" [_thread_blocked, id=2036, stack(0x000000964f500000,0x000000964f600000)]
  0x000001e7aeebb000 JavaThread "Handler for socket connection from /127.0.0.1:50688 to /127.0.0.1:50689" [_thread_in_native, id=468, stack(0x000000964f600000,0x000000964f700000)]
  0x000001e7af961000 JavaThread "Cancel handler" [_thread_blocked, id=2256, stack(0x000000964f700000,0x000000964f800000)]
  0x000001e7aef05000 JavaThread "Daemon worker" [_thread_in_native, id=2320, stack(0x000000964f800000,0x000000964f900000)]
  0x000001e7aef06000 JavaThread "Asynchronous log dispatcher for DefaultDaemonConnection: socket connection from /127.0.0.1:50688 to /127.0.0.1:50689" [_thread_blocked, id=9088, stack(0x000000964f900000,0x000000964fa00000)]
  0x000001e7af94e800 JavaThread "Stdin handler" [_thread_blocked, id=2204, stack(0x000000964fa00000,0x000000964fb00000)]
  0x000001e7af94f800 JavaThread "Daemon client event forwarder" [_thread_blocked, id=8536, stack(0x000000964fb00000,0x000000964fc00000)]
  0x000001e7af908000 JavaThread "Cache worker for journal cache (C:\Users\pk\.gradle\caches\journal-1)" [_thread_blocked, id=3324, stack(0x0000009650000000,0x0000009650100000)]
  0x000001e7af90b800 JavaThread "File lock request listener" [_thread_in_native, id=9196, stack(0x0000009650100000,0x0000009650200000)]
  0x000001e7af90c000 JavaThread "Cache worker for file hash cache (C:\Users\pk\.gradle\caches\7.5\fileHashes)" [_thread_blocked, id=5760, stack(0x0000009650300000,0x0000009650400000)]
  0x000001e7af906800 JavaThread "File watcher server" daemon [_thread_in_native, id=7500, stack(0x0000009650400000,0x0000009650500000)]
  0x000001e7af909800 JavaThread "File watcher consumer" daemon [_thread_blocked, id=2144, stack(0x0000009650500000,0x0000009650600000)]
  0x000001e7af90a800 JavaThread "Cache worker for checksums cache (C:\Users\pk\AndroidStudioProjects\LearnPhysics\.gradle\7.5\checksums)" [_thread_blocked, id=1088, stack(0x0000009650600000,0x0000009650700000)]
  0x000001e7af90d000 JavaThread "Cache worker for cache directory md-rule (C:\Users\pk\.gradle\caches\7.5\md-rule)" [_thread_blocked, id=7192, stack(0x0000009650700000,0x0000009650800000)]
  0x000001e7af907000 JavaThread "Cache worker for file content cache (C:\Users\pk\.gradle\caches\7.5\fileContent)" [_thread_blocked, id=1920, stack(0x0000009650800000,0x0000009650900000)]
  0x000001e7af909000 JavaThread "Cache worker for file hash cache (C:\Users\pk\AndroidStudioProjects\LearnPhysics\.gradle\7.5\fileHashes)" [_thread_blocked, id=2760, stack(0x0000009650900000,0x0000009650a00000)]
  0x000001e7ae798000 JavaThread "Cache worker for cache directory md-supplier (C:\Users\pk\.gradle\caches\7.5\md-supplier)" [_thread_blocked, id=1028, stack(0x0000009650a00000,0x0000009650b00000)]
  0x000001e7ae798800 JavaThread "Cache worker for execution history cache (C:\Users\pk\.gradle\caches\7.5\executionHistory)" [_thread_blocked, id=3932, stack(0x0000009650b00000,0x0000009650c00000)]
  0x000001e7ae79c800 JavaThread "jar transforms" [_thread_blocked, id=1280, stack(0x0000009650c00000,0x0000009650d00000)]
  0x000001e7ae797000 JavaThread "jar transforms Thread 2" [_thread_blocked, id=1584, stack(0x0000009650d00000,0x0000009650e00000)]
  0x000001e7ae79f000 JavaThread "jar transforms Thread 3" [_thread_blocked, id=4736, stack(0x0000009650e00000,0x0000009650f00000)]
  0x000001e7ae799800 JavaThread "jar transforms Thread 4" [_thread_blocked, id=5136, stack(0x0000009650f00000,0x0000009651000000)]
  0x000001e7ae79a000 JavaThread "Cache worker for dependencies-accessors (C:\Users\pk\AndroidStudioProjects\LearnPhysics\.gradle\7.5\dependencies-accessors)" [_thread_blocked, id=4912, stack(0x0000009651000000,0x0000009651100000)]
  0x000001e7ae7a0000 JavaThread "jar transforms Thread 5" [_thread_blocked, id=6500, stack(0x0000009651100000,0x0000009651200000)]
  0x000001e7ae79b000 JavaThread "Cache worker for Build Output Cleanup Cache (C:\Users\pk\AndroidStudioProjects\LearnPhysics\.gradle\buildOutputCleanup)" [_thread_blocked, id=7200, stack(0x0000009651200000,0x0000009651300000)]

Other Threads:
  0x000001e7ace79800 VMThread "VM Thread" [stack: 0x000000964e400000,0x000000964e500000] [id=9096]
  0x000001e7ad993000 WatcherThread [stack: 0x000000964ee00000,0x000000964ef00000] [id=2192]
  0x000001e7929aa000 GCTaskThread "GC Thread#0" [stack: 0x000000964df00000,0x000000964e000000] [id=7596]
  0x000001e7ae36b000 GCTaskThread "GC Thread#1" [stack: 0x000000964ef00000,0x000000964f000000] [id=3872]
  0x000001e7ae583000 GCTaskThread "GC Thread#2" [stack: 0x000000964f100000,0x000000964f200000] [id=7732]
  0x000001e7ae58a800 GCTaskThread "GC Thread#3" [stack: 0x000000964f200000,0x000000964f300000] [id=8212]
  0x000001e7ae587800 GCTaskThread "GC Thread#4" [stack: 0x000000964fc00000,0x000000964fd00000] [id=6636]
  0x000001e7ae588000 GCTaskThread "GC Thread#5" [stack: 0x000000964fd00000,0x000000964fe00000] [id=5040]
  0x000001e7ae584000 GCTaskThread "GC Thread#6" [stack: 0x000000964fe00000,0x000000964ff00000] [id=8216]
  0x000001e7ae584800 GCTaskThread "GC Thread#7" [stack: 0x000000964ff00000,0x0000009650000000] [id=6420]
  0x000001e7929de000 ConcurrentGCThread "G1 Main Marker" [stack: 0x000000964e000000,0x000000964e100000] [id=6864]
  0x000001e7929df000 ConcurrentGCThread "G1 Conc#0" [stack: 0x000000964e100000,0x000000964e200000] [id=3980]
  0x000001e7ae585000 ConcurrentGCThread "G1 Conc#1" [stack: 0x0000009650200000,0x0000009650300000] [id=1012]
  0x000001e792a37800 ConcurrentGCThread "G1 Refine#0" [stack: 0x000000964e200000,0x000000964e300000] [id=9116]
  0x000001e792a38800 ConcurrentGCThread "G1 Young RemSet Sampling" [stack: 0x000000964e300000,0x000000964e400000] [id=6384]

Threads with active compile tasks:
C2 CompilerThread0    14429 4058       4       java.lang.invoke.LambdaForm$Name::replaceNames (174 bytes)
C1 CompilerThread0    14429 4431       1       com.google.common.cache.LocalCache$AccessQueue$1::getPreviousInAccessQueue (5 bytes)

VM state:not at safepoint (normal execution)

VM Mutex/Monitor currently owned by a thread: None

Heap address: 0x0000000080000000, size: 2048 MB, Compressed Oops mode: 32-bit
Narrow klass base: 0x0000000000000000, Narrow klass shift: 3
Compressed class space size: 1073741824 Address: 0x0000000100000000

Heap:
 garbage-first heap   total 86016K, used 61349K [0x0000000080000000, 0x0000000100000000)
  region size 1024K, 32 young (32768K), 2 survivors (2048K)
 Metaspace       used 48670K, capacity 49909K, committed 50076K, reserved 1093632K
  class space    used 6208K, capacity 6656K, committed 6680K, reserved 1048576K
Heap Regions: E=young(eden), S=young(survivor), O=old, HS=humongous(starts), HC=humongous(continues), CS=collection set, F=free, A=archive, TAMS=top-at-mark-start (previous, next)
|   0|0x0000000080000000, 0x0000000080100000, 0x0000000080100000|100%| O|  |TAMS 0x0000000080100000, 0x0000000080000000| Untracked 
|   1|0x0000000080100000, 0x0000000080200000, 0x0000000080200000|100%| O|  |TAMS 0x0000000080200000, 0x0000000080100000| Untracked 
|   2|0x0000000080200000, 0x0000000080300000, 0x0000000080300000|100%| O|  |TAMS 0x0000000080300000, 0x0000000080200000| Untracked 
|   3|0x0000000080300000, 0x0000000080400000, 0x0000000080400000|100%|HS|  |TAMS 0x0000000080400000, 0x0000000080300000| Complete 
|   4|0x0000000080400000, 0x0000000080500000, 0x0000000080500000|100%|HC|  |TAMS 0x0000000080500000, 0x0000000080400000| Complete 
|   5|0x0000000080500000, 0x0000000080600000, 0x0000000080600000|100%|HC|  |TAMS 0x0000000080600000, 0x0000000080500000| Complete 
|   6|0x0000000080600000, 0x0000000080700000, 0x0000000080700000|100%| O|  |TAMS 0x0000000080700000, 0x0000000080600000| Untracked 
|   7|0x0000000080700000, 0x0000000080800000, 0x0000000080800000|100%| O|  |TAMS 0x0000000080800000, 0x0000000080700000| Untracked 
|   8|0x0000000080800000, 0x0000000080900000, 0x0000000080900000|100%| O|  |TAMS 0x0000000080900000, 0x0000000080800000| Untracked 
|   9|0x0000000080900000, 0x0000000080a00000, 0x0000000080a00000|100%| O|  |TAMS 0x0000000080a00000, 0x0000000080900000| Untracked 
|  10|0x0000000080a00000, 0x0000000080b00000, 0x0000000080b00000|100%| O|  |TAMS 0x0000000080b00000, 0x0000000080a00000| Untracked 
|  11|0x0000000080b00000, 0x0000000080c00000, 0x0000000080c00000|100%| O|  |TAMS 0x0000000080c00000, 0x0000000080b00000| Untracked 
|  12|0x0000000080c00000, 0x0000000080d00000, 0x0000000080d00000|100%| O|  |TAMS 0x0000000080d00000, 0x0000000080c00000| Untracked 
|  13|0x0000000080d00000, 0x0000000080e00000, 0x0000000080e00000|100%| O|  |TAMS 0x0000000080e00000, 0x0000000080d00000| Untracked 
|  14|0x0000000080e00000, 0x0000000080f00000, 0x0000000080f00000|100%| O|  |TAMS 0x0000000080f00000, 0x0000000080e00000| Untracked 
|  15|0x0000000080f00000, 0x0000000081000000, 0x0000000081000000|100%| O|  |TAMS 0x0000000081000000, 0x0000000080f00000| Untracked 
|  16|0x0000000081000000, 0x0000000081100000, 0x0000000081100000|100%| O|  |TAMS 0x0000000081100000, 0x0000000081000000| Untracked 
|  17|0x0000000081100000, 0x0000000081200000, 0x0000000081200000|100%| O|  |TAMS 0x0000000081200000, 0x0000000081100000| Untracked 
|  18|0x0000000081200000, 0x0000000081300000, 0x0000000081300000|100%| O|  |TAMS 0x0000000081300000, 0x0000000081200000| Untracked 
|  19|0x0000000081300000, 0x0000000081400000, 0x0000000081400000|100%| O|  |TAMS 0x0000000081400000, 0x0000000081300000| Untracked 
|  20|0x0000000081400000, 0x0000000081500000, 0x0000000081500000|100%| O|  |TAMS 0x0000000081500000, 0x0000000081400000| Untracked 
|  21|0x0000000081500000, 0x0000000081600000, 0x0000000081600000|100%| O|  |TAMS 0x0000000081600000, 0x0000000081500000| Untracked 
|  22|0x0000000081600000, 0x0000000081700000, 0x0000000081700000|100%| O|  |TAMS 0x000000008169ea00, 0x0000000081600000| Untracked 
|  23|0x0000000081700000, 0x0000000081800000, 0x0000000081800000|100%| O|  |TAMS 0x0000000081700000, 0x0000000081700000| Untracked 
|  24|0x0000000081800000, 0x0000000081900000, 0x0000000081900000|100%| O|  |TAMS 0x0000000081800000, 0x0000000081800000| Untracked 
|  25|0x0000000081900000, 0x0000000081a00000, 0x0000000081a00000|100%| O|  |TAMS 0x0000000081900000, 0x0000000081900000| Untracked 
|  26|0x0000000081a00000, 0x0000000081b00000, 0x0000000081b00000|100%| O|  |TAMS 0x0000000081a00000, 0x0000000081a00000| Untracked 
|  27|0x0000000081b00000, 0x0000000081c00000, 0x0000000081c00000|100%| O|  |TAMS 0x0000000081b00000, 0x0000000081b00000| Untracked 
|  28|0x0000000081c00000, 0x0000000081c00000, 0x0000000081d00000|  0%| F|  |TAMS 0x0000000081c00000, 0x0000000081c00000| Untracked 
|  29|0x0000000081d00000, 0x0000000081e00000, 0x0000000081e00000|100%| O|  |TAMS 0x0000000081d00000, 0x0000000081d00000| Untracked 
|  30|0x0000000081e00000, 0x0000000081e27e00, 0x0000000081f00000| 15%| O|  |TAMS 0x0000000081e00000, 0x0000000081e00000| Untracked 
|  31|0x0000000081f00000, 0x0000000081f00000, 0x0000000082000000|  0%| F|  |TAMS 0x0000000081f00000, 0x0000000081f00000| Untracked 
|  32|0x0000000082000000, 0x0000000082000000, 0x0000000082100000|  0%| F|  |TAMS 0x0000000082000000, 0x0000000082000000| Untracked 
|  33|0x0000000082100000, 0x0000000082100000, 0x0000000082200000|  0%| F|  |TAMS 0x0000000082100000, 0x0000000082100000| Untracked 
|  34|0x0000000082200000, 0x0000000082200000, 0x0000000082300000|  0%| F|  |TAMS 0x0000000082200000, 0x0000000082200000| Untracked 
|  35|0x0000000082300000, 0x0000000082300000, 0x0000000082400000|  0%| F|  |TAMS 0x0000000082300000, 0x0000000082300000| Untracked 
|  36|0x0000000082400000, 0x0000000082400000, 0x0000000082500000|  0%| F|  |TAMS 0x0000000082400000, 0x0000000082400000| Untracked 
|  37|0x0000000082500000, 0x0000000082500000, 0x0000000082600000|  0%| F|  |TAMS 0x0000000082500000, 0x0000000082500000| Untracked 
|  38|0x0000000082600000, 0x0000000082600000, 0x0000000082700000|  0%| F|  |TAMS 0x0000000082600000, 0x0000000082600000| Untracked 
|  39|0x0000000082700000, 0x0000000082700000, 0x0000000082800000|  0%| F|  |TAMS 0x0000000082700000, 0x0000000082700000| Untracked 
|  40|0x0000000082800000, 0x0000000082800000, 0x0000000082900000|  0%| F|  |TAMS 0x0000000082800000, 0x0000000082800000| Untracked 
|  41|0x0000000082900000, 0x0000000082900000, 0x0000000082a00000|  0%| F|  |TAMS 0x0000000082900000, 0x0000000082900000| Untracked 
|  42|0x0000000082a00000, 0x0000000082a00000, 0x0000000082b00000|  0%| F|  |TAMS 0x0000000082a00000, 0x0000000082a00000| Untracked 
|  43|0x0000000082b00000, 0x0000000082b00000, 0x0000000082c00000|  0%| F|  |TAMS 0x0000000082b00000, 0x0000000082b00000| Untracked 
|  44|0x0000000082c00000, 0x0000000082c00000, 0x0000000082d00000|  0%| F|  |TAMS 0x0000000082c00000, 0x0000000082c00000| Untracked 
|  45|0x0000000082d00000, 0x0000000082d00000, 0x0000000082e00000|  0%| F|  |TAMS 0x0000000082d00000, 0x0000000082d00000| Untracked 
|  46|0x0000000082e00000, 0x0000000082e00000, 0x0000000082f00000|  0%| F|  |TAMS 0x0000000082e00000, 0x0000000082e00000| Untracked 
|  47|0x0000000082f00000, 0x0000000082f00000, 0x0000000083000000|  0%| F|  |TAMS 0x0000000082f00000, 0x0000000082f00000| Untracked 
|  48|0x0000000083000000, 0x0000000083000000, 0x0000000083100000|  0%| F|  |TAMS 0x0000000083000000, 0x0000000083000000| Untracked 
|  49|0x0000000083100000, 0x0000000083100000, 0x0000000083200000|  0%| F|  |TAMS 0x0000000083100000, 0x0000000083100000| Untracked 
|  50|0x0000000083200000, 0x0000000083200000, 0x0000000083300000|  0%| F|  |TAMS 0x0000000083200000, 0x0000000083200000| Untracked 
|  51|0x0000000083300000, 0x0000000083300000, 0x0000000083400000|  0%| F|  |TAMS 0x0000000083300000, 0x0000000083300000| Untracked 
|  52|0x0000000083400000, 0x0000000083500000, 0x0000000083500000|100%| E|  |TAMS 0x0000000083400000, 0x0000000083400000| Complete 
|  53|0x0000000083500000, 0x0000000083600000, 0x0000000083600000|100%| E|CS|TAMS 0x0000000083500000, 0x0000000083500000| Complete 
|  54|0x0000000083600000, 0x0000000083700000, 0x0000000083700000|100%| E|CS|TAMS 0x0000000083600000, 0x0000000083600000| Complete 
|  55|0x0000000083700000, 0x0000000083800000, 0x0000000083800000|100%| E|CS|TAMS 0x0000000083700000, 0x0000000083700000| Complete 
|  56|0x0000000083800000, 0x00000000838c1880, 0x0000000083900000| 75%| S|CS|TAMS 0x0000000083800000, 0x0000000083800000| Complete 
|  57|0x0000000083900000, 0x0000000083a00000, 0x0000000083a00000|100%| S|CS|TAMS 0x0000000083900000, 0x0000000083900000| Complete 
|  58|0x0000000083a00000, 0x0000000083b00000, 0x0000000083b00000|100%| E|CS|TAMS 0x0000000083a00000, 0x0000000083a00000| Complete 
|  59|0x0000000083b00000, 0x0000000083c00000, 0x0000000083c00000|100%| E|CS|TAMS 0x0000000083b00000, 0x0000000083b00000| Complete 
|  60|0x0000000083c00000, 0x0000000083d00000, 0x0000000083d00000|100%| E|CS|TAMS 0x0000000083c00000, 0x0000000083c00000| Complete 
|  61|0x0000000083d00000, 0x0000000083e00000, 0x0000000083e00000|100%| E|CS|TAMS 0x0000000083d00000, 0x0000000083d00000| Complete 
|  62|0x0000000083e00000, 0x0000000083f00000, 0x0000000083f00000|100%| E|CS|TAMS 0x0000000083e00000, 0x0000000083e00000| Complete 
|  63|0x0000000083f00000, 0x0000000084000000, 0x0000000084000000|100%| E|CS|TAMS 0x0000000083f00000, 0x0000000083f00000| Complete 
|  64|0x0000000084000000, 0x0000000084100000, 0x0000000084100000|100%| E|CS|TAMS 0x0000000084000000, 0x0000000084000000| Complete 
|  65|0x0000000084100000, 0x0000000084200000, 0x0000000084200000|100%| E|CS|TAMS 0x0000000084100000, 0x0000000084100000| Complete 
|  66|0x0000000084200000, 0x0000000084300000, 0x0000000084300000|100%| E|CS|TAMS 0x0000000084200000, 0x0000000084200000| Complete 
|  67|0x0000000084300000, 0x0000000084400000, 0x0000000084400000|100%| E|CS|TAMS 0x0000000084300000, 0x0000000084300000| Complete 
|  68|0x0000000084400000, 0x0000000084500000, 0x0000000084500000|100%| E|CS|TAMS 0x0000000084400000, 0x0000000084400000| Complete 
|  69|0x0000000084500000, 0x0000000084600000, 0x0000000084600000|100%| E|CS|TAMS 0x0000000084500000, 0x0000000084500000| Complete 
|  70|0x0000000084600000, 0x0000000084700000, 0x0000000084700000|100%| E|CS|TAMS 0x0000000084600000, 0x0000000084600000| Complete 
|  71|0x0000000084700000, 0x0000000084800000, 0x0000000084800000|100%| E|CS|TAMS 0x0000000084700000, 0x0000000084700000| Complete 
|  72|0x0000000084800000, 0x0000000084900000, 0x0000000084900000|100%| E|CS|TAMS 0x0000000084800000, 0x0000000084800000| Complete 
|  73|0x0000000084900000, 0x0000000084a00000, 0x0000000084a00000|100%| E|CS|TAMS 0x0000000084900000, 0x0000000084900000| Complete 
|  74|0x0000000084a00000, 0x0000000084b00000, 0x0000000084b00000|100%| E|CS|TAMS 0x0000000084a00000, 0x0000000084a00000| Complete 
|  75|0x0000000084b00000, 0x0000000084c00000, 0x0000000084c00000|100%| E|CS|TAMS 0x0000000084b00000, 0x0000000084b00000| Complete 
|  76|0x0000000084c00000, 0x0000000084d00000, 0x0000000084d00000|100%| E|CS|TAMS 0x0000000084c00000, 0x0000000084c00000| Complete 
|  77|0x0000000084d00000, 0x0000000084e00000, 0x0000000084e00000|100%| E|CS|TAMS 0x0000000084d00000, 0x0000000084d00000| Complete 
|  78|0x0000000084e00000, 0x0000000084f00000, 0x0000000084f00000|100%| E|CS|TAMS 0x0000000084e00000, 0x0000000084e00000| Complete 
|  79|0x0000000084f00000, 0x0000000085000000, 0x0000000085000000|100%| E|CS|TAMS 0x0000000084f00000, 0x0000000084f00000| Complete 
|  80|0x0000000085000000, 0x0000000085100000, 0x0000000085100000|100%| E|CS|TAMS 0x0000000085000000, 0x0000000085000000| Complete 
|  81|0x0000000085100000, 0x0000000085200000, 0x0000000085200000|100%| E|CS|TAMS 0x0000000085100000, 0x0000000085100000| Complete 
|  82|0x0000000085200000, 0x0000000085300000, 0x0000000085300000|100%| E|CS|TAMS 0x0000000085200000, 0x0000000085200000| Complete 
|  83|0x0000000085300000, 0x0000000085400000, 0x0000000085400000|100%| E|CS|TAMS 0x0000000085300000, 0x0000000085300000| Complete 

Card table byte_map: [0x000001e7a5bf0000,0x000001e7a5ff0000] _byte_map_base: 0x000001e7a57f0000

Marking Bits (Prev, Next): (CMBitMap*) 0x000001e7929d54b0, (CMBitMap*) 0x000001e7929d5478
 Prev Bits: [0x000001e7a83f0000, 0x000001e7aa3f0000)
 Next Bits: [0x000001e7a63f0000, 0x000001e7a83f0000)

Polling page: 0x000001e792170000

Metaspace:

Usage:
  Non-class:     42.24 MB capacity,    41.47 MB ( 98%) used,   656.72 KB (  2%) free+waste,   129.31 KB ( <1%) overhead. 
      Class:      6.50 MB capacity,     6.06 MB ( 93%) used,   385.20 KB (  6%) free+waste,    62.19 KB ( <1%) overhead. 
       Both:     48.74 MB capacity,    47.53 MB ( 98%) used,     1.02 MB (  2%) free+waste,   191.50 KB ( <1%) overhead. 

Virtual space:
  Non-class space:       44.00 MB reserved,      42.38 MB ( 96%) committed 
      Class space:        1.00 GB reserved,       6.52 MB ( <1%) committed 
             Both:        1.04 GB reserved,      48.90 MB (  5%) committed 

Chunk freelists:
   Non-Class:  14.00 KB
       Class:  0 bytes
        Both:  14.00 KB

MaxMetaspaceSize: 17179869184.00 GB
CompressedClassSpaceSize: 1.00 GB
Initial GC threshold: 20.80 MB
Current GC threshold: 64.42 MB
CDS: off

CodeHeap 'non-profiled nmethods': size=120000Kb used=1854Kb max_used=1854Kb free=118145Kb
 bounds [0x000001e79df90000, 0x000001e79e200000, 0x000001e7a54c0000]
CodeHeap 'profiled nmethods': size=120000Kb used=8847Kb max_used=8847Kb free=111152Kb
 bounds [0x000001e796a60000, 0x000001e797310000, 0x000001e79df90000]
CodeHeap 'non-nmethods': size=5760Kb used=2292Kb max_used=2333Kb free=3468Kb
 bounds [0x000001e7964c0000, 0x000001e796730000, 0x000001e796a60000]
 total_blobs=5149 nmethods=4352 adapters=710
 compilation: enabled
              stopped_count=0, restarted_count=0
 full_count=0

Compilation events (20 events):
Event: 14.324 Thread 0x000001e7acef3000 4329       1       org.gradle.internal.component.external.model.ConfigurationBoundExternalDependencyMetadata::isConstraint (5 bytes)
Event: 14.324 Thread 0x000001e7acef3000 nmethod 4329 0x000001e79e156d90 code [0x000001e79e156f40, 0x000001e79e156ff8]
Event: 14.325 Thread 0x000001e7acef3000 4330       1       org.gradle.internal.component.external.model.ConfigurationBoundExternalDependencyMetadata::isEndorsingStrictVersions (5 bytes)
Event: 14.325 Thread 0x000001e7acef3000 nmethod 4330 0x000001e79e157090 code [0x000001e79e157240, 0x000001e79e1572f8]
Event: 14.329 Thread 0x000001e7acef3000 4331       1       org.gradle.internal.component.external.model.AbstractMutableModuleComponentResolveMetadata::setChanging (6 bytes)
Event: 14.330 Thread 0x000001e7acef3000 nmethod 4331 0x000001e79e157390 code [0x000001e79e157540, 0x000001e79e1575f8]
Event: 14.330 Thread 0x000001e7acef3000 4332       1       org.gradle.internal.component.external.model.AbstractMutableModuleComponentResolveMetadata::getAttributesFactory (5 bytes)
Event: 14.330 Thread 0x000001e7acef3000 nmethod 4332 0x000001e79e157690 code [0x000001e79e157840, 0x000001e79e1578f8]
Event: 14.330 Thread 0x000001e7acef3000 4333       3       java.lang.ThreadLocal::remove (18 bytes)
Event: 14.330 Thread 0x000001e7acef3000 nmethod 4333 0x000001e7972d9390 code [0x000001e7972d9560, 0x000001e7972d97b8]
Event: 14.330 Thread 0x000001e7acef3000 4334       3       java.lang.ThreadLocal$ThreadLocalMap::remove (68 bytes)
Event: 14.331 Thread 0x000001e7acef3000 nmethod 4334 0x000001e7972d9890 code [0x000001e7972d9a80, 0x000001e7972d9f88]
Event: 14.331 Thread 0x000001e7acef3000 4335       3       org.gradle.cache.internal.DefaultCacheAccess::releaseOwnership (32 bytes)
Event: 14.333 Thread 0x000001e7acef3000 nmethod 4335 0x000001e7972da190 code [0x000001e7972da3e0, 0x000001e7972dac08]
Event: 14.335 Thread 0x000001e7acef3000 4336       3       org.gradle.api.internal.artifacts.ivyservice.modulecache.ModuleMetadataSerializer$Reader::readMavenDependency (142 bytes)
Event: 14.338 Thread 0x000001e7acef3000 nmethod 4336 0x000001e7972daf10 code [0x000001e7972db260, 0x000001e7972dc778]
Event: 14.338 Thread 0x000001e7acef3000 4337       3       org.gradle.api.internal.artifacts.ivyservice.modulecache.ModuleMetadataSerializer$Reader::readMavenDependencyExcludes (68 bytes)
Event: 14.341 Thread 0x000001e7acef3000 nmethod 4337 0x000001e7972dcf10 code [0x000001e7972dd1e0, 0x000001e7972de0f8]
Event: 14.341 Thread 0x000001e7acef3000 4338       3       org.gradle.internal.component.external.descriptor.MavenScope::values (10 bytes)
Event: 14.342 Thread 0x000001e7acef3000 nmethod 4338 0x000001e7972de790 code [0x000001e7972de960, 0x000001e7972debe8]

GC Heap History (20 events):
Event: 7.712 GC heap before
{Heap before GC invocations=11 (full 0):
 garbage-first heap   total 59392K, used 40242K [0x0000000080000000, 0x0000000100000000)
  region size 1024K, 23 young (23552K), 3 survivors (3072K)
 Metaspace       used 28360K, capacity 29133K, committed 29308K, reserved 1075200K
  class space    used 3734K, capacity 3984K, committed 4044K, reserved 1048576K
}
Event: 7.718 GC heap after
{Heap after GC invocations=12 (full 0):
 garbage-first heap   total 59392K, used 20281K [0x0000000080000000, 0x0000000100000000)
  region size 1024K, 2 young (2048K), 2 survivors (2048K)
 Metaspace       used 28360K, capacity 29133K, committed 29308K, reserved 1075200K
  class space    used 3734K, capacity 3984K, committed 4044K, reserved 1048576K
}
Event: 8.255 GC heap before
{Heap before GC invocations=12 (full 0):
 garbage-first heap   total 59392K, used 41785K [0x0000000080000000, 0x0000000100000000)
  region size 1024K, 23 young (23552K), 2 survivors (2048K)
 Metaspace       used 30355K, capacity 31098K, committed 31228K, reserved 1077248K
  class space    used 4046K, capacity 4320K, committed 4428K, reserved 1048576K
}
Event: 8.260 GC heap after
{Heap after GC invocations=13 (full 0):
 garbage-first heap   total 59392K, used 20891K [0x0000000080000000, 0x0000000100000000)
  region size 1024K, 3 young (3072K), 3 survivors (3072K)
 Metaspace       used 30355K, capacity 31098K, committed 31228K, reserved 1077248K
  class space    used 4046K, capacity 4320K, committed 4428K, reserved 1048576K
}
Event: 9.522 GC heap before
{Heap before GC invocations=13 (full 0):
 garbage-first heap   total 59392K, used 41371K [0x0000000080000000, 0x0000000100000000)
  region size 1024K, 24 young (24576K), 3 survivors (3072K)
 Metaspace       used 34219K, capacity 35117K, committed 35324K, reserved 1079296K
  class space    used 4518K, capacity 4852K, committed 4940K, reserved 1048576K
}
Event: 9.536 GC heap after
{Heap after GC invocations=14 (full 0):
 garbage-first heap   total 59392K, used 22682K [0x0000000080000000, 0x0000000100000000)
  region size 1024K, 3 young (3072K), 3 survivors (3072K)
 Metaspace       used 34219K, capacity 35117K, committed 35324K, reserved 1079296K
  class space    used 4518K, capacity 4852K, committed 4940K, reserved 1048576K
}
Event: 9.700 GC heap before
{Heap before GC invocations=14 (full 0):
 garbage-first heap   total 59392K, used 24730K [0x0000000080000000, 0x0000000100000000)
  region size 1024K, 6 young (6144K), 3 survivors (3072K)
 Metaspace       used 35116K, capacity 35957K, committed 36048K, reserved 1081344K
  class space    used 4571K, capacity 4921K, committed 4940K, reserved 1048576K
}
Event: 9.719 GC heap after
{Heap after GC invocations=15 (full 0):
 garbage-first heap   total 59392K, used 23116K [0x0000000080000000, 0x0000000100000000)
  region size 1024K, 1 young (1024K), 1 survivors (1024K)
 Metaspace       used 35116K, capacity 35957K, committed 36048K, reserved 1081344K
  class space    used 4571K, capacity 4921K, committed 4940K, reserved 1048576K
}
Event: 10.551 GC heap before
{Heap before GC invocations=16 (full 0):
 garbage-first heap   total 59392K, used 37452K [0x0000000080000000, 0x0000000100000000)
  region size 1024K, 16 young (16384K), 1 survivors (1024K)
 Metaspace       used 38507K, capacity 39443K, committed 39580K, reserved 1083392K
  class space    used 4950K, capacity 5293K, committed 5400K, reserved 1048576K
}
Event: 10.563 GC heap after
{Heap after GC invocations=17 (full 0):
 garbage-first heap   total 71680K, used 25210K [0x0000000080000000, 0x0000000100000000)
  region size 1024K, 2 young (2048K), 2 survivors (2048K)
 Metaspace       used 38507K, capacity 39443K, committed 39580K, reserved 1083392K
  class space    used 4950K, capacity 5293K, committed 5400K, reserved 1048576K
}
Event: 10.956 GC heap before
{Heap before GC invocations=18 (full 0):
 garbage-first heap   total 71680K, used 45690K [0x0000000080000000, 0x0000000100000000)
  region size 1024K, 22 young (22528K), 2 survivors (2048K)
 Metaspace       used 38832K, capacity 39679K, committed 39836K, reserved 1083392K
  class space    used 4989K, capacity 5327K, committed 5400K, reserved 1048576K
}
Event: 10.966 GC heap after
{Heap after GC invocations=19 (full 0):
 garbage-first heap   total 71680K, used 26721K [0x0000000080000000, 0x0000000100000000)
  region size 1024K, 2 young (2048K), 2 survivors (2048K)
 Metaspace       used 38832K, capacity 39679K, committed 39836K, reserved 1083392K
  class space    used 4989K, capacity 5327K, committed 5400K, reserved 1048576K
}
Event: 11.694 GC heap before
{Heap before GC invocations=19 (full 0):
 garbage-first heap   total 71680K, used 49249K [0x0000000080000000, 0x0000000100000000)
  region size 1024K, 22 young (22528K), 2 survivors (2048K)
 Metaspace       used 40676K, capacity 41619K, committed 41884K, reserved 1085440K
  class space    used 5137K, capacity 5521K, committed 5656K, reserved 1048576K
}
Event: 11.705 GC heap after
{Heap after GC invocations=20 (full 0):
 garbage-first heap   total 71680K, used 28459K [0x0000000080000000, 0x0000000100000000)
  region size 1024K, 3 young (3072K), 3 survivors (3072K)
 Metaspace       used 40676K, capacity 41619K, committed 41884K, reserved 1085440K
  class space    used 5137K, capacity 5521K, committed 5656K, reserved 1048576K
}
Event: 12.244 GC heap before
{Heap before GC invocations=20 (full 0):
 garbage-first heap   total 71680K, used 49963K [0x0000000080000000, 0x0000000100000000)
  region size 1024K, 24 young (24576K), 3 survivors (3072K)
 Metaspace       used 41848K, capacity 42792K, committed 43036K, reserved 1087488K
  class space    used 5314K, capacity 5677K, committed 5784K, reserved 1048576K
}
Event: 12.252 GC heap after
{Heap after GC invocations=21 (full 0):
 garbage-first heap   total 71680K, used 30141K [0x0000000080000000, 0x0000000100000000)
  region size 1024K, 2 young (2048K), 2 survivors (2048K)
 Metaspace       used 41848K, capacity 42792K, committed 43036K, reserved 1087488K
  class space    used 5314K, capacity 5677K, committed 5784K, reserved 1048576K
}
Event: 12.817 GC heap before
{Heap before GC invocations=21 (full 0):
 garbage-first heap   total 71680K, used 51645K [0x0000000080000000, 0x0000000100000000)
  region size 1024K, 23 young (23552K), 2 survivors (2048K)
 Metaspace       used 43903K, capacity 44900K, committed 45212K, reserved 1089536K
  class space    used 5636K, capacity 6032K, committed 6168K, reserved 1048576K
}
Event: 12.823 GC heap after
{Heap after GC invocations=22 (full 0):
 garbage-first heap   total 86016K, used 30834K [0x0000000080000000, 0x0000000100000000)
  region size 1024K, 3 young (3072K), 3 survivors (3072K)
 Metaspace       used 43903K, capacity 44900K, committed 45212K, reserved 1089536K
  class space    used 5636K, capacity 6032K, committed 6168K, reserved 1048576K
}
Event: 13.425 GC heap before
{Heap before GC invocations=22 (full 0):
 garbage-first heap   total 86016K, used 57458K [0x0000000080000000, 0x0000000100000000)
  region size 1024K, 29 young (29696K), 3 survivors (3072K)
 Metaspace       used 46328K, capacity 47407K, committed 47516K, reserved 1091584K
  class space    used 5913K, capacity 6332K, committed 6424K, reserved 1048576K
}
Event: 13.433 GC heap after
{Heap after GC invocations=23 (full 0):
 garbage-first heap   total 86016K, used 31653K [0x0000000080000000, 0x0000000100000000)
  region size 1024K, 2 young (2048K), 2 survivors (2048K)
 Metaspace       used 46328K, capacity 47407K, committed 47516K, reserved 1091584K
  class space    used 5913K, capacity 6332K, committed 6424K, reserved 1048576K
}

Deoptimization events (20 events):
Event: 13.175 Thread 0x000001e7aef05000 DEOPT PACKING pc=0x000001e79dfe1c5c sp=0x000000964f8f8370
Event: 13.175 Thread 0x000001e7aef05000 DEOPT UNPACKING pc=0x000001e79650a1a9 sp=0x000000964f8f82a8 mode 2
Event: 13.175 Thread 0x000001e7aef05000 Uncommon trap: trap_request=0xffffff4d fr.pc=0x000001e79dfb43e8 relative=0x0000000000000048
Event: 13.175 Thread 0x000001e7aef05000 Uncommon trap: reason=unstable_if action=reinterpret pc=0x000001e79dfb43e8 method=java.net.URI.match(CJJ)Z @ 19 c2
Event: 13.175 Thread 0x000001e7aef05000 DEOPT PACKING pc=0x000001e79dfb43e8 sp=0x000000964f8f8380
Event: 13.175 Thread 0x000001e7aef05000 DEOPT UNPACKING pc=0x000001e79650a1a9 sp=0x000000964f8f8330 mode 2
Event: 13.566 Thread 0x000001e7aef05000 DEOPT PACKING pc=0x000001e797058879 sp=0x000000964f8f74e0
Event: 13.566 Thread 0x000001e7aef05000 DEOPT UNPACKING pc=0x000001e79650a93f sp=0x000000964f8f6a28 mode 0
Event: 13.741 Thread 0x000001e7aef05000 DEOPT PACKING pc=0x000001e797058879 sp=0x000000964f8f73f0
Event: 13.741 Thread 0x000001e7aef05000 DEOPT UNPACKING pc=0x000001e79650a93f sp=0x000000964f8f6938 mode 0
Event: 13.822 Thread 0x000001e7aef05000 Uncommon trap: trap_request=0xffffff4d fr.pc=0x000001e79e003334 relative=0x00000000000001f4
Event: 13.822 Thread 0x000001e7aef05000 Uncommon trap: reason=unstable_if action=reinterpret pc=0x000001e79e003334 method=java.net.URI$Parser.scan(IILjava/lang/String;)I @ 26 c2
Event: 13.822 Thread 0x000001e7aef05000 DEOPT PACKING pc=0x000001e79e003334 sp=0x000000964f8f8170
Event: 13.822 Thread 0x000001e7aef05000 DEOPT UNPACKING pc=0x000001e79650a1a9 sp=0x000000964f8f8120 mode 2
Event: 13.834 Thread 0x000001e7aef05000 DEOPT PACKING pc=0x000001e797058879 sp=0x000000964f8f8560
Event: 13.834 Thread 0x000001e7aef05000 DEOPT UNPACKING pc=0x000001e79650a93f sp=0x000000964f8f7aa8 mode 0
Event: 13.961 Thread 0x000001e7af166800 Uncommon trap: trap_request=0xffffffc6 fr.pc=0x000001e79e0e5c74 relative=0x00000000000001f4
Event: 13.961 Thread 0x000001e7af166800 Uncommon trap: reason=bimorphic_or_optimized_type_check action=maybe_recompile pc=0x000001e79e0e5c74 method=java.util.stream.Sink$ChainedReference.cancellationRequested()Z @ 4 c2
Event: 13.962 Thread 0x000001e7af166800 DEOPT PACKING pc=0x000001e79e0e5c74 sp=0x000000964f0fe830
Event: 13.962 Thread 0x000001e7af166800 DEOPT UNPACKING pc=0x000001e79650a1a9 sp=0x000000964f0fe760 mode 2

Classes redefined (0 events):
No events

Internal exceptions (20 events):
Event: 12.435 Thread 0x000001e7af94f800 Exception <a 'java/lang/NoSuchMethodError'{0x00000000840110e0}: <clinit>> (0x00000000840110e0) thrown at [src/hotspot/share/prims/jni.cpp, line 1367]
Event: 12.634 Thread 0x000001e7aef05000 Implicit null exception at 0x000001e79e06c574 to 0x000001e79e06c78c
Event: 12.965 Thread 0x000001e7aef05000 Exception <a 'java/lang/ClassNotFoundException'{0x0000000084f7e508}: build_77j5wsxcfw0g2szrs824863pqBeanInfo> (0x0000000084f7e508) thrown at [src/hotspot/share/classfile/systemDictionary.cpp, line 230]
Event: 12.965 Thread 0x000001e7aef05000 Exception <a 'java/lang/ClassNotFoundException'{0x0000000084f95f88}: org/gradle/api/internal/project/ProjectScriptBeanInfo> (0x0000000084f95f88) thrown at [src/hotspot/share/classfile/systemDictionary.cpp, line 230]
Event: 12.966 Thread 0x000001e7aef05000 Exception <a 'java/lang/ClassNotFoundException'{0x0000000084fade18}: org/gradle/api/internal/project/ProjectScriptCustomizer> (0x0000000084fade18) thrown at [src/hotspot/share/classfile/systemDictionary.cpp, line 230]
Event: 12.969 Thread 0x000001e7aef05000 Exception <a 'java/lang/ClassNotFoundException'{0x0000000084fca140}: build_77j5wsxcfw0g2szrs824863pqCustomizer> (0x0000000084fca140) thrown at [src/hotspot/share/classfile/systemDictionary.cpp, line 230]
Event: 12.992 Thread 0x000001e7aef05000 Exception <a 'java/lang/ClassNotFoundException'{0x0000000084e60f00}: org/gradle/plugin/use/internal/PluginRequestCollector$PluginDependenciesSpecImplBeanInfo> (0x0000000084e60f00) thrown at [src/hotspot/share/classfile/systemDictionary.cpp, line 230]
Event: 12.994 Thread 0x000001e7aef05000 Exception <a 'java/lang/ClassNotFoundException'{0x0000000084e914a0}: org/gradle/plugin/use/internal/PluginRequestCollector$PluginDependenciesSpecImplCustomizer> (0x0000000084e914a0) thrown at [src/hotspot/share/classfile/systemDictionary.cpp, line 230]
Event: 13.003 Thread 0x000001e7aef05000 Exception <a 'java/lang/ClassNotFoundException'{0x0000000084efc180}: org/gradle/plugin/use/internal/PluginRequestCollector$PluginDependencySpecImplBeanInfo> (0x0000000084efc180) thrown at [src/hotspot/share/classfile/systemDictionary.cpp, line 230]
Event: 13.004 Thread 0x000001e7aef05000 Exception <a 'java/lang/ClassNotFoundException'{0x0000000084d2bbe0}: org/gradle/plugin/use/internal/PluginRequestCollector$PluginDependencySpecImplCustomizer> (0x0000000084d2bbe0) thrown at [src/hotspot/share/classfile/systemDictionary.cpp, line 230]
Event: 13.252 Thread 0x000001e7aef05000 Exception <a 'java/lang/NoSuchMethodError'{0x00000000843ec960}: 'java.lang.Object java.lang.invoke.DirectMethodHandle$Holder.invokeStatic(java.lang.Object, int, java.lang.Object)'> (0x00000000843ec960) thrown at [src/hotspot/share/interpreter/linkResolver.cpp, line 773]
Event: 13.529 Thread 0x000001e7aef05000 Exception <a 'java/lang/IncompatibleClassChangeError'{0x0000000084fbd510}: Found class java.lang.Object, but interface was expected> (0x0000000084fbd510) thrown at [src/hotspot/share/interpreter/linkResolver.cpp, line 839]
Event: 13.722 Thread 0x000001e7aef05000 Exception <a 'java/lang/NoSuchMethodError'{0x0000000084645870}: 'int java.lang.invoke.DirectMethodHandle$Holder.invokeStaticInit(java.lang.Object)'> (0x0000000084645870) thrown at [src/hotspot/share/interpreter/linkResolver.cpp, line 773]
Event: 13.780 Thread 0x000001e7aef05000 Exception <a 'java/lang/NoSuchMethodError'{0x0000000084466ac0}: 'void java.lang.invoke.DirectMethodHandle$Holder.invokeStatic(java.lang.Object, java.lang.Object, java.lang.Object, int, java.lang.Object)'> (0x0000000084466ac0) thrown at [src/hotspot/share/interpreter/linkResolver.cpp, line 773]
Event: 13.922 Thread 0x000001e7aef05000 Exception <a 'java/lang/NoSuchMethodError'{0x0000000083e28090}: 'java.lang.Object java.lang.invoke.DelegatingMethodHandle$Holder.reinvoke_L(java.lang.Object, java.lang.Object, java.lang.Object, java.lang.Object, java.lang.Object, java.lang.Object, java.lang.Object, java.lang.Object, java.lang.Object, java.lang.Object, java.lang.Object, java.lang.Object, java.lang.Object, java.lang.Object, java.lang.Object, java.lang.Object, java.lang.Object, java.lang.Object, java.lang.Object, java.lang.Object, java.lang.O
Event: 13.924 Thread 0x000001e7aef05000 Exception <a 'java/lang/NoSuchMethodError'{0x0000000083e33cf0}: 'java.lang.Object java.lang.invoke.Invokers$Holder.invoker(java.lang.Object, java.lang.Object, java.lang.Object, java.lang.Object, java.lang.Object, java.lang.Object, java.lang.Object, java.lang.Object, java.lang.Object, java.lang.Object, java.lang.Object, java.lang.Object, java.lang.Object, java.lang.Object, java.lang.Object, java.lang.Object, java.lang.Object, java.lang.Object, java.lang.Object, java.lang.Object, java.lang.Object)'> (0x00000
Event: 13.925 Thread 0x000001e7aef05000 Exception <a 'java/lang/NoSuchMethodError'{0x0000000083e3b060}: 'java.lang.Object java.lang.invoke.DelegatingMethodHandle$Holder.delegate(java.lang.Object, java.lang.Object, java.lang.Object, java.lang.Object, java.lang.Object, java.lang.Object, java.lang.Object, java.lang.Object, java.lang.Object, java.lang.Object, java.lang.Object, java.lang.Object, java.lang.Object, java.lang.Object, java.lang.Object, java.lang.Object, java.lang.Object, java.lang.Object, java.lang.Object, java.lang.Object, java.lang.Obj
Event: 13.944 Thread 0x000001e7aef05000 Exception <a 'java/lang/NoSuchMethodError'{0x0000000083e99ff8}: 'java.lang.Object java.lang.invoke.DirectMethodHandle$Holder.invokeStatic(java.lang.Object, java.lang.Object, java.lang.Object, java.lang.Object, java.lang.Object, java.lang.Object, java.lang.Object, java.lang.Object, java.lang.Object, java.lang.Object, java.lang.Object, java.lang.Object, java.lang.Object, java.lang.Object, java.lang.Object)'> (0x0000000083e99ff8) thrown at [src/hotspot/share/interpreter/linkResolver.cpp, line 773]
Event: 13.947 Thread 0x000001e7aef05000 Exception <a 'java/lang/NoSuchMethodError'{0x0000000083eaa8d8}: 'java.lang.Object java.lang.invoke.DirectMethodHandle$Holder.invokeStatic(java.lang.Object, java.lang.Object, java.lang.Object, java.lang.Object, java.lang.Object, java.lang.Object, java.lang.Object, java.lang.Object, java.lang.Object, java.lang.Object, java.lang.Object, java.lang.Object, java.lang.Object, java.lang.Object, java.lang.Object, java.lang.Object)'> (0x0000000083eaa8d8) thrown at [src/hotspot/share/interpreter/linkResolver.cpp, lin
Event: 13.950 Thread 0x000001e7aef05000 Exception <a 'java/lang/NoSuchMethodError'{0x0000000083ebb0c8}: 'java.lang.Object java.lang.invoke.DelegatingMethodHandle$Holder.reinvoke_L(java.lang.Object, java.lang.Object, java.lang.Object, java.lang.Object, java.lang.Object, java.lang.Object, java.lang.Object, java.lang.Object, java.lang.Object, java.lang.Object, java.lang.Object, java.lang.Object, java.lang.Object, java.lang.Object, java.lang.Object, java.lang.Object, java.lang.Object, java.lang.Object, java.lang.Object, java.lang.Object)'> (0x000000

Events (20 events):
Event: 14.042 loading class org/gradle/internal/component/external/model/LazyVariantBackedConfigurationMetadata$RuleAwareVariant
Event: 14.042 loading class org/gradle/internal/component/external/model/LazyVariantBackedConfigurationMetadata$RuleAwareVariant done
Event: 14.043 loading class org/gradle/internal/component/external/model/GradleDependencyMetadata
Event: 14.043 loading class org/gradle/internal/component/external/model/GradleDependencyMetadata done
Event: 14.164 loading class org/gradle/internal/component/external/descriptor/DefaultExclude
Event: 14.164 loading class org/gradle/internal/component/external/descriptor/DefaultExclude done
Event: 14.165 loading class org/gradle/internal/component/model/Exclude
Event: 14.165 loading class org/gradle/internal/component/model/Exclude done
Event: 14.257 loading class org/gradle/api/internal/artifacts/ivyservice/ivyresolve/strategy/LatestVersionSelector
Event: 14.257 loading class org/gradle/api/internal/artifacts/ivyservice/ivyresolve/strategy/LatestVersionSelector done
Event: 14.259 Executing VM operation: RevokeBias
Event: 14.259 Executing VM operation: RevokeBias done
Event: 14.259 loading class com/google/common/primitives/Longs$AsciiDigits
Event: 14.259 loading class com/google/common/primitives/Longs$AsciiDigits done
Event: 14.261 loading class org/gradle/api/internal/artifacts/ivyservice/resolveengine/graph/selectors/SelectorStateResolverResults$Registration
Event: 14.261 loading class org/gradle/api/internal/artifacts/ivyservice/resolveengine/graph/selectors/SelectorStateResolverResults$Registration done
Event: 14.262 loading class org/gradle/api/internal/artifacts/ivyservice/resolveengine/graph/conflicts/DefaultConflictResolverDetails
Event: 14.262 loading class org/gradle/api/internal/artifacts/ivyservice/resolveengine/graph/conflicts/DefaultConflictResolverDetails done
Event: 14.263 loading class org/gradle/api/internal/artifacts/ivyservice/resolveengine/graph/conflicts/CompositeConflictResolver$CompositeDetails
Event: 14.263 loading class org/gradle/api/internal/artifacts/ivyservice/resolveengine/graph/conflicts/CompositeConflictResolver$CompositeDetails done


Dynamic libraries:
0x00007ff6a5610000 - 0x00007ff6a561a000 	C:\Program Files\Android\Android Studio\jbr\bin\java.exe
0x00007ffc00a50000 - 0x00007ffc00c48000 	C:\Windows\SYSTEM32\ntdll.dll
0x00007ffbfecf0000 - 0x00007ffbfedaf000 	C:\Windows\System32\KERNEL32.DLL
0x00007ffbfe4e0000 - 0x00007ffbfe7b2000 	C:\Windows\System32\KERNELBASE.dll
0x00007ffbfe2e0000 - 0x00007ffbfe3e0000 	C:\Windows\System32\ucrtbase.dll
0x00007ffbe5690000 - 0x00007ffbe56ab000 	C:\Program Files\Android\Android Studio\jbr\bin\VCRUNTIME140.dll
0x00007ffbe4ab0000 - 0x00007ffbe4ac7000 	C:\Program Files\Android\Android Studio\jbr\bin\jli.dll
0x00007ffbfff80000 - 0x00007ffc00121000 	C:\Windows\System32\USER32.dll
0x00007ffbf6b40000 - 0x00007ffbf6dda000 	C:\Windows\WinSxS\amd64_microsoft.windows.common-controls_6595b64144ccf1df_6.0.19041.1110_none_60b5254171f9507e\COMCTL32.dll
0x00007ffbfe9e0000 - 0x00007ffbfea02000 	C:\Windows\System32\win32u.dll
0x00007ffbfecc0000 - 0x00007ffbfeceb000 	C:\Windows\System32\GDI32.dll
0x00007ffc00970000 - 0x00007ffc00a0e000 	C:\Windows\System32\msvcrt.dll
0x00007ffbfe8d0000 - 0x00007ffbfe9df000 	C:\Windows\System32\gdi32full.dll
0x00007ffbfe7c0000 - 0x00007ffbfe85d000 	C:\Windows\System32\msvcp_win.dll
0x00007ffbfeaa0000 - 0x00007ffbfead0000 	C:\Windows\System32\IMM32.DLL
0x00007ffbdb890000 - 0x00007ffbdb91d000 	C:\Program Files\Android\Android Studio\jbr\bin\msvcp140.dll
0x00007ffbf73f0000 - 0x00007ffbf73fc000 	C:\Windows\SYSTEM32\VCRUNTIME140_1.dll
0x00007ffbaa870000 - 0x00007ffbab42c000 	C:\Program Files\Android\Android Studio\jbr\bin\server\jvm.dll
0x00007ffbfeb80000 - 0x00007ffbfec2e000 	C:\Windows\System32\ADVAPI32.dll
0x00007ffbffc50000 - 0x00007ffbffcec000 	C:\Windows\System32\sechost.dll
0x00007ffbffb20000 - 0x00007ffbffc44000 	C:\Windows\System32\RPCRT4.dll
0x00007ffbff3a0000 - 0x00007ffbff3a8000 	C:\Windows\System32\PSAPI.DLL
0x00007ffbf7d00000 - 0x00007ffbf7d09000 	C:\Windows\SYSTEM32\WSOCK32.dll
0x00007ffbf7220000 - 0x00007ffbf7247000 	C:\Windows\SYSTEM32\WINMM.dll
0x00007ffbf7250000 - 0x00007ffbf725a000 	C:\Windows\SYSTEM32\VERSION.dll
0x00007ffc007d0000 - 0x00007ffc0083b000 	C:\Windows\System32\WS2_32.dll
0x00007ffbfc010000 - 0x00007ffbfc022000 	C:\Windows\SYSTEM32\kernel.appcore.dll
0x00007ffbf7260000 - 0x00007ffbf7270000 	C:\Program Files\Android\Android Studio\jbr\bin\verify.dll
0x00007ffbecb90000 - 0x00007ffbecd74000 	C:\Windows\SYSTEM32\DBGHELP.DLL
0x00007ffbec690000 - 0x00007ffbec6c5000 	C:\Windows\SYSTEM32\dbgcore.DLL
0x00007ffbfea10000 - 0x00007ffbfea92000 	C:\Windows\System32\bcryptPrimitives.dll
0x00007ffbee650000 - 0x00007ffbee678000 	C:\Program Files\Android\Android Studio\jbr\bin\java.dll
0x00007ffbf5610000 - 0x00007ffbf561a000 	C:\Program Files\Android\Android Studio\jbr\bin\jimage.dll
0x00007ffbee630000 - 0x00007ffbee648000 	C:\Program Files\Android\Android Studio\jbr\bin\zip.dll
0x00007ffbff3d0000 - 0x00007ffbffb15000 	C:\Windows\System32\SHELL32.dll
0x00007ffbfc210000 - 0x00007ffbfc9a2000 	C:\Windows\SYSTEM32\windows.storage.dll
0x00007ffbfee60000 - 0x00007ffbff1b5000 	C:\Windows\System32\combase.dll
0x00007ffbfdbb0000 - 0x00007ffbfdbe0000 	C:\Windows\SYSTEM32\Wldp.dll
0x00007ffbfead0000 - 0x00007ffbfeb7d000 	C:\Windows\System32\SHCORE.dll
0x00007ffbff1c0000 - 0x00007ffbff215000 	C:\Windows\System32\shlwapi.dll
0x00007ffbfe090000 - 0x00007ffbfe0af000 	C:\Windows\SYSTEM32\profapi.dll
0x00007ffbee5d0000 - 0x00007ffbee5e9000 	C:\Program Files\Android\Android Studio\jbr\bin\net.dll
0x00007ffbf5a10000 - 0x00007ffbf5b1a000 	C:\Windows\SYSTEM32\WINHTTP.dll
0x00007ffbfd8a0000 - 0x00007ffbfd90a000 	C:\Windows\system32\mswsock.dll
0x00007ffbe8f60000 - 0x00007ffbe8f73000 	C:\Program Files\Android\Android Studio\jbr\bin\nio.dll
0x00007ffbe2500000 - 0x00007ffbe2527000 	C:\Users\pk\.gradle\native\e1d6ef7f7dcc3fd88c89a11ec53ec762bb8ba0a96d01ffa2cd45eb1d1d8dd5c5\windows-amd64\native-platform.dll
0x00007ffbd5cc0000 - 0x00007ffbd5e04000 	C:\Users\pk\.gradle\native\0d407fdbe67a94daf76414ababcb853783967236a71b16ec16e742cd7a986fd3\windows-amd64\native-platform-file-events.dll
0x00007ffbf5600000 - 0x00007ffbf560a000 	C:\Program Files\Android\Android Studio\jbr\bin\management.dll
0x00007ffbee5c0000 - 0x00007ffbee5cb000 	C:\Program Files\Android\Android Studio\jbr\bin\management_ext.dll
0x00007ffbfdb00000 - 0x00007ffbfdb18000 	C:\Windows\SYSTEM32\CRYPTSP.dll
0x00007ffbfd150000 - 0x00007ffbfd184000 	C:\Windows\system32\rsaenh.dll
0x00007ffbfe2b0000 - 0x00007ffbfe2d7000 	C:\Windows\System32\bcrypt.dll
0x00007ffbfe050000 - 0x00007ffbfe07e000 	C:\Windows\SYSTEM32\USERENV.dll
0x00007ffbfdb20000 - 0x00007ffbfdb2c000 	C:\Windows\SYSTEM32\CRYPTBASE.dll
0x00007ffbfd590000 - 0x00007ffbfd5cb000 	C:\Windows\SYSTEM32\IPHLPAPI.DLL
0x00007ffbfff70000 - 0x00007ffbfff78000 	C:\Windows\System32\NSI.dll
0x00007ffbf6310000 - 0x00007ffbf6327000 	C:\Windows\SYSTEM32\dhcpcsvc6.DLL
0x00007ffbf70d0000 - 0x00007ffbf70ed000 	C:\Windows\SYSTEM32\dhcpcsvc.DLL
0x00007ffbfd5d0000 - 0x00007ffbfd69b000 	C:\Windows\SYSTEM32\DNSAPI.dll

dbghelp: loaded successfully - version: 4.0.5 - missing functions: none
symbol engine: initialized successfully - sym options: 0x614 - pdb path: .;C:\Program Files\Android\Android Studio\jbr\bin;C:\Windows\SYSTEM32;C:\Windows\WinSxS\amd64_microsoft.windows.common-controls_6595b64144ccf1df_6.0.19041.1110_none_60b5254171f9507e;C:\Program Files\Android\Android Studio\jbr\bin\server;C:\Users\pk\.gradle\native\e1d6ef7f7dcc3fd88c89a11ec53ec762bb8ba0a96d01ffa2cd45eb1d1d8dd5c5\windows-amd64;C:\Users\pk\.gradle\native\0d407fdbe67a94daf76414ababcb853783967236a71b16ec16e742cd7a986fd3\windows-amd64

VM Arguments:
jvm_args: --add-opens=java.base/java.util=ALL-UNNAMED --add-opens=java.base/java.lang=ALL-UNNAMED --add-opens=java.base/java.lang.invoke=ALL-UNNAMED --add-opens=java.base/java.util=ALL-UNNAMED --add-opens=java.prefs/java.util.prefs=ALL-UNNAMED --add-opens=java.prefs/java.util.prefs=ALL-UNNAMED --add-opens=java.base/java.nio.charset=ALL-UNNAMED --add-opens=java.base/java.net=ALL-UNNAMED --add-opens=java.base/java.util.concurrent.atomic=ALL-UNNAMED -Xmx2048m -Dfile.encoding=UTF-8 -Duser.country=RU -Duser.language=ru -Duser.variant 
java_command: org.gradle.launcher.daemon.bootstrap.GradleDaemon 7.5
java_class_path (initial): C:\Users\pk\.gradle\wrapper\dists\gradle-7.5-bin\f1w0cc9nuo0eivz97x2xlu9sv\gradle-7.5\lib\gradle-launcher-7.5.jar
Launcher Type: SUN_STANDARD

[Global flags]
     intx CICompilerCount                          = 4                                         {product} {ergonomic}
     uint ConcGCThreads                            = 2                                         {product} {ergonomic}
     uint G1ConcRefinementThreads                  = 8                                         {product} {ergonomic}
   size_t G1HeapRegionSize                         = 1048576                                   {product} {ergonomic}
    uintx GCDrainStackTargetSize                   = 64                                        {product} {ergonomic}
   size_t InitialHeapSize                          = 50331648                                  {product} {ergonomic}
   size_t MarkStackSize                            = 4194304                                   {product} {ergonomic}
   size_t MaxHeapSize                              = 2147483648                                {product} {command line}
   size_t MaxNewSize                               = 1287651328                                {product} {ergonomic}
   size_t MinHeapDeltaBytes                        = 1048576                                   {product} {ergonomic}
    uintx NonNMethodCodeHeapSize                   = 5836300                                {pd product} {ergonomic}
    uintx NonProfiledCodeHeapSize                  = 122910970                              {pd product} {ergonomic}
    uintx ProfiledCodeHeapSize                     = 122910970                              {pd product} {ergonomic}
    uintx ReservedCodeCacheSize                    = 251658240                              {pd product} {ergonomic}
     bool SegmentedCodeCache                       = true                                      {product} {ergonomic}
     bool UseCompressedClassPointers               = true                                 {lp64_product} {ergonomic}
     bool UseCompressedOops                        = true                                 {lp64_product} {ergonomic}
     bool UseG1GC                                  = true                                      {product} {ergonomic}
     bool UseLargePagesIndividualAllocation        = false                                  {pd product} {ergonomic}

Logging:
Log output configuration:
 #0: stdout all=warning uptime,level,tags
 #1: stderr all=off uptime,level,tags

Environment Variables:
PATH=C:\Windows\system32;C:\Windows;C:\Windows\System32\Wbem;C:\Windows\System32\WindowsPowerShell\v1.0\;C:\Windows\System32\OpenSSH\;C:\Program Files\Git\cmd;C:\Users\pk\AppData\Local\Microsoft\WindowsApps;
USERNAME=pk
OS=Windows_NT
PROCESSOR_IDENTIFIER=Intel64 Family 6 Model 30 Stepping 5, GenuineIntel



---------------  S Y S T E M  ---------------

OS: Windows 10 , 64 bit Build 19041 (10.0.19041.2546)
OS uptime: 0 days 1:07 hours

CPU:total 8 (initial active 8) (4 cores per cpu, 2 threads per core) family 6 model 30 stepping 5 microcode 0xa, cmov, cx8, fxsr, mmx, sse, sse2, sse3, ssse3, sse4.1, sse4.2, popcnt, ht, tsc, tscinvbit

Memory: 4k page, system-wide physical 3060M (142M free)
TotalPageFile size 4511M (AvailPageFile size 2M)
current process WorkingSet (physical memory assigned to process): 214M, peak: 218M
current process commit charge ("private bytes"): 272M, peak: 273M

vm_info: OpenJDK 64-Bit Server VM (11.0.15+0-b2043.56-8887301) for windows-amd64 JRE (11.0.15+0-b2043.56-8887301), built on Jul 29 2022 23:19:47 by "builduser" with unknown MS VC++:1929

END.
